[0.017s] Invoking command in '/home/amandarln/ros_ws/build/flatfish_ros_efuse_serial': CMAKE_PREFIX_PATH=/home/amandarln/ros_ws/install/ros_driver_base:/home/amandarln/ros_ws/install/flatfish_ros_efuse_serial:/opt/ros/humble LD_LIBRARY_PATH=/home/amandarln/ros_ws/install/ros_driver_base/lib:/home/amandarln/ros_ws/install/flatfish_ros_efuse_serial/lib:/usr/lib/x86_64-linux-gnu/gazebo-11/plugins:/opt/ros/humble/opt/rviz_ogre_vendor/lib:/opt/ros/humble/lib/x86_64-linux-gnu:/opt/ros/humble/lib /usr/bin/cmake --build /home/amandarln/ros_ws/build/flatfish_ros_efuse_serial -- -j16 -l16
[0.057s] -- Found ament_cmake: 1.3.9 (/opt/ros/humble/share/ament_cmake/cmake)
[0.192s] -- Found rclcpp: 16.0.9 (/opt/ros/humble/share/rclcpp/cmake)
[0.221s] -- Found rosidl_generator_c: 3.1.5 (/opt/ros/humble/share/rosidl_generator_c/cmake)
[0.223s] -- Found rosidl_adapter: 3.1.5 (/opt/ros/humble/share/rosidl_adapter/cmake)
[0.229s] -- Found rosidl_generator_cpp: 3.1.5 (/opt/ros/humble/share/rosidl_generator_cpp/cmake)
[0.242s] -- Using all available rosidl_typesupport_c: rosidl_typesupport_fastrtps_c;rosidl_typesupport_introspection_c
[0.255s] -- Using all available rosidl_typesupport_cpp: rosidl_typesupport_fastrtps_cpp;rosidl_typesupport_introspection_cpp
[0.301s] -- Found rmw_implementation_cmake: 6.1.2 (/opt/ros/humble/share/rmw_implementation_cmake/cmake)
[0.302s] -- Found rmw_fastrtps_cpp: 6.2.6 (/opt/ros/humble/share/rmw_fastrtps_cpp/cmake)
[0.414s] -- Using RMW implementation 'rmw_fastrtps_cpp' as default
[0.556s] -- Found ros_driver_base: 0.0.1 (/home/amandarln/ros_ws/install/ros_driver_base/share/ros_driver_base/cmake)
[0.556s] -- Found rosidl_default_generators: 1.2.0 (/opt/ros/humble/share/rosidl_default_generators/cmake)
[0.844s] -- Found ament_cmake_ros: 0.10.0 (/opt/ros/humble/share/ament_cmake_ros/cmake)
[1.127s] -- Using all available rosidl_typesupport_c: rosidl_typesupport_fastrtps_c;rosidl_typesupport_introspection_c
[1.241s] -- Using all available rosidl_typesupport_cpp: rosidl_typesupport_fastrtps_cpp;rosidl_typesupport_introspection_cpp
[1.262s] -- Found python_cmake_module: 0.10.0 (/opt/ros/humble/share/python_cmake_module/cmake)
[1.281s] -- Using PYTHON_EXECUTABLE: /usr/bin/python3
[1.282s] -- Using PYTHON_INCLUDE_DIRS: /usr/include/python3.10
[1.282s] -- Using PYTHON_LIBRARIES: /usr/lib/x86_64-linux-gnu/libpython3.10.so
[1.294s] -- Found ament_lint_auto: 0.12.11 (/opt/ros/humble/share/ament_lint_auto/cmake)
[1.302s] -- Added test 'cppcheck' to perform static code analysis on C / C++ code
[1.303s] -- Configured cppcheck include dirs: $<BUILD_INTERFACE:/home/amandarln/ros_ws/src/flatfish_ros_efuse_serial/include>
[1.303s] -- Configured cppcheck exclude dirs and/or files: 
[1.304s] -- Added test 'lint_cmake' to check CMake code style
[1.305s] -- Added test 'uncrustify' to check C / C++ code style
[1.306s] -- Configured uncrustify additional arguments: 
[1.306s] -- Added test 'xmllint' to check XML markup files
[1.307s] -- Configuring done
[1.363s] -- Generating done
[1.366s] -- Build files have been written to: /home/amandarln/ros_ws/build/flatfish_ros_efuse_serial
[1.400s] [35m[1mConsolidate compiler generated dependencies of target flatfish_ros_efuse_serial__rosidl_generator_c[0m
[1.411s] [  0%] Built target flatfish_ros_efuse_serial__cpp
[1.411s] [  1%] [32mBuilding CXX object CMakeFiles/EFuseNode.dir/src/EFuseNode.cpp.o[0m
[1.411s] [  1%] [32mBuilding CXX object CMakeFiles/EFuseDriver.dir/src/EFuseDriver.cpp.o[0m
[1.420s] [ 12%] Built target flatfish_ros_efuse_serial__rosidl_generator_c
[1.422s] [ 12%] Built target ament_cmake_python_copy_flatfish_ros_efuse_serial
[1.433s] [35m[1mConsolidate compiler generated dependencies of target flatfish_ros_efuse_serial__rosidl_typesupport_cpp[0m
[1.433s] [35m[1mConsolidate compiler generated dependencies of target flatfish_ros_efuse_serial__rosidl_typesupport_fastrtps_cpp[0m
[1.436s] [35m[1mConsolidate compiler generated dependencies of target flatfish_ros_efuse_serial__rosidl_typesupport_introspection_cpp[0m
[1.439s] [35m[1mConsolidate compiler generated dependencies of target flatfish_ros_efuse_serial__rosidl_typesupport_introspection_c[0m
[1.442s] [35m[1mConsolidate compiler generated dependencies of target flatfish_ros_efuse_serial__rosidl_typesupport_c[0m
[1.442s] [35m[1mConsolidate compiler generated dependencies of target flatfish_ros_efuse_serial__rosidl_typesupport_fastrtps_c[0m
[1.462s] [ 23%] Built target flatfish_ros_efuse_serial__rosidl_typesupport_c
[1.466s] [ 34%] Built target flatfish_ros_efuse_serial__rosidl_typesupport_introspection_c
[1.471s] [ 51%] Built target flatfish_ros_efuse_serial__rosidl_typesupport_fastrtps_cpp
[1.472s] [ 62%] Built target flatfish_ros_efuse_serial__rosidl_typesupport_introspection_cpp
[1.472s] [ 69%] Built target flatfish_ros_efuse_serial__rosidl_typesupport_cpp
[1.478s] [ 80%] Built target flatfish_ros_efuse_serial__rosidl_typesupport_fastrtps_c
[1.483s] In file included from [01m[K/home/amandarln/ros_ws/src/flatfish_ros_efuse_serial/src/EFuseDriver.cpp:11[m[K:
[1.483s] [01m[K/home/amandarln/ros_ws/src/flatfish_ros_efuse_serial/include/flatfish_ros_efuse_serial/EFuseDriver.hpp:18:10:[m[K [01;31m[Kfatal error: [m[Kros_driver_base/driver.hpp: No such file or directory
[1.483s]    18 | #include [01;31m[K"ros_driver_base/driver.hpp"[m[K
[1.483s]       |          [01;31m[K^~~~~~~~~~~~~~~~~~~~~~~~~~~~[m[K
[1.483s] compilation terminated.
[1.485s] gmake[2]: *** [CMakeFiles/EFuseDriver.dir/build.make:76: CMakeFiles/EFuseDriver.dir/src/EFuseDriver.cpp.o] Error 1
[1.485s] gmake[1]: *** [CMakeFiles/Makefile2:622: CMakeFiles/EFuseDriver.dir/all] Error 2
[1.485s] gmake[1]: *** Waiting for unfinished jobs....
[1.501s] [ 80%] Built target flatfish_ros_efuse_serial
[1.672s] In file included from [01m[K/home/amandarln/ros_ws/src/flatfish_ros_efuse_serial/src/EFuseNode.cpp:9[m[K:
[1.672s] [01m[K/home/amandarln/ros_ws/src/flatfish_ros_efuse_serial/include/flatfish_ros_efuse_serial/EFuseNode.hpp:20:10:[m[K [01;31m[Kfatal error: [m[KEFuseDriver.hpp: No such file or directory
[1.672s]    20 | #include [01;31m[K<EFuseDriver.hpp>[m[K
[1.673s]       |          [01;31m[K^~~~~~~~~~~~~~~~~[m[K
[1.673s] compilation terminated.
[1.679s] gmake[2]: *** [CMakeFiles/EFuseNode.dir/build.make:76: CMakeFiles/EFuseNode.dir/src/EFuseNode.cpp.o] Error 1
[1.679s] gmake[1]: *** [CMakeFiles/Makefile2:596: CMakeFiles/EFuseNode.dir/all] Error 2
[1.713s] running egg_info
[1.713s] writing flatfish_ros_efuse_serial.egg-info/PKG-INFO
[1.714s] writing dependency_links to flatfish_ros_efuse_serial.egg-info/dependency_links.txt
[1.714s] writing top-level names to flatfish_ros_efuse_serial.egg-info/top_level.txt
[1.716s] reading manifest file 'flatfish_ros_efuse_serial.egg-info/SOURCES.txt'
[1.717s] writing manifest file 'flatfish_ros_efuse_serial.egg-info/SOURCES.txt'
[1.746s] [ 80%] Built target ament_cmake_python_build_flatfish_ros_efuse_serial_egg
[1.747s] gmake: *** [Makefile:146: all] Error 2
[1.750s] Invoked command in '/home/amandarln/ros_ws/build/flatfish_ros_efuse_serial' returned '2': CMAKE_PREFIX_PATH=/home/amandarln/ros_ws/install/ros_driver_base:/home/amandarln/ros_ws/install/flatfish_ros_efuse_serial:/opt/ros/humble LD_LIBRARY_PATH=/home/amandarln/ros_ws/install/ros_driver_base/lib:/home/amandarln/ros_ws/install/flatfish_ros_efuse_serial/lib:/usr/lib/x86_64-linux-gnu/gazebo-11/plugins:/opt/ros/humble/opt/rviz_ogre_vendor/lib:/opt/ros/humble/lib/x86_64-linux-gnu:/opt/ros/humble/lib /usr/bin/cmake --build /home/amandarln/ros_ws/build/flatfish_ros_efuse_serial -- -j16 -l16
