[0.012s] Invoking command in '/home/amandarln/ros_ws/build/flatfish_ros_efuse_serial': AMENT_PREFIX_PATH=/home/amandarln/ros_ws/install/ros_driver_base:${AMENT_PREFIX_PATH} CMAKE_PREFIX_PATH=/home/amandarln/ros_ws/install/ros_driver_base:/opt/ros/humble LD_LIBRARY_PATH=/home/amandarln/ros_ws/install/ros_driver_base/lib:${LD_LIBRARY_PATH} /usr/bin/cmake --build /home/amandarln/ros_ws/build/flatfish_ros_efuse_serial -- -j16 -l16
[0.053s] -- Found ament_cmake: 1.3.9 (/opt/ros/humble/share/ament_cmake/cmake)
[0.162s] -- Found rclcpp: 16.0.9 (/opt/ros/humble/share/rclcpp/cmake)
[0.187s] -- Found rosidl_generator_c: 3.1.5 (/opt/ros/humble/share/rosidl_generator_c/cmake)
[0.189s] -- Found rosidl_adapter: 3.1.5 (/opt/ros/humble/share/rosidl_adapter/cmake)
[0.194s] -- Found rosidl_generator_cpp: 3.1.5 (/opt/ros/humble/share/rosidl_generator_cpp/cmake)
[0.203s] -- Using all available rosidl_typesupport_c: rosidl_typesupport_fastrtps_c;rosidl_typesupport_introspection_c
[0.214s] -- Using all available rosidl_typesupport_cpp: rosidl_typesupport_fastrtps_cpp;rosidl_typesupport_introspection_cpp
[0.265s] -- Found rmw_implementation_cmake: 6.1.2 (/opt/ros/humble/share/rmw_implementation_cmake/cmake)
[0.267s] -- Found rmw_fastrtps_cpp: 6.2.6 (/opt/ros/humble/share/rmw_fastrtps_cpp/cmake)
[0.371s] -- Using RMW implementation 'rmw_fastrtps_cpp' as default
[0.496s] -- Found ros_driver_base: 0.0.1 (/home/amandarln/ros_ws/install/ros_driver_base/share/ros_driver_base/cmake)
[0.497s] -- Found rosidl_default_generators: 1.2.0 (/opt/ros/humble/share/rosidl_default_generators/cmake)
[0.784s] -- Found ament_cmake_ros: 0.10.0 (/opt/ros/humble/share/ament_cmake_ros/cmake)
[1.069s] -- Using all available rosidl_typesupport_c: rosidl_typesupport_fastrtps_c;rosidl_typesupport_introspection_c
[1.178s] -- Using all available rosidl_typesupport_cpp: rosidl_typesupport_fastrtps_cpp;rosidl_typesupport_introspection_cpp
[1.198s] -- Found python_cmake_module: 0.10.0 (/opt/ros/humble/share/python_cmake_module/cmake)
[1.217s] -- Using PYTHON_EXECUTABLE: /usr/bin/python3
[1.218s] -- Using PYTHON_INCLUDE_DIRS: /usr/include/python3.10
[1.218s] -- Using PYTHON_LIBRARIES: /usr/lib/x86_64-linux-gnu/libpython3.10.so
[1.231s] -- Found ament_lint_auto: 0.12.11 (/opt/ros/humble/share/ament_lint_auto/cmake)
[1.238s] -- Added test 'cppcheck' to perform static code analysis on C / C++ code
[1.239s] -- Configured cppcheck include dirs: $<BUILD_INTERFACE:/home/amandarln/ros_ws/src/flatfish_ros_efuse_serial/include>
[1.239s] -- Configured cppcheck exclude dirs and/or files: 
[1.240s] -- Added test 'lint_cmake' to check CMake code style
[1.241s] -- Added test 'uncrustify' to check C / C++ code style
[1.241s] -- Configured uncrustify additional arguments: 
[1.242s] -- Added test 'xmllint' to check XML markup files
[1.243s] -- Configuring done
[1.298s] -- Generating done
[1.303s] -- Build files have been written to: /home/amandarln/ros_ws/build/flatfish_ros_efuse_serial
[1.336s] [35m[1mConsolidate compiler generated dependencies of target flatfish_ros_efuse_serial__rosidl_generator_c[0m
[1.344s] [  0%] Built target flatfish_ros_efuse_serial__cpp
[1.344s] [  0%] [32mBuilding CXX object CMakeFiles/EFuseDriver.dir/src/EFuseDriver.cpp.o[0m
[1.357s] [ 11%] Built target flatfish_ros_efuse_serial__rosidl_generator_c
[1.360s] [ 11%] Built target ament_cmake_python_copy_flatfish_ros_efuse_serial
[1.363s] [35m[1mConsolidate compiler generated dependencies of target flatfish_ros_efuse_serial__rosidl_typesupport_cpp[0m
[1.364s] [35m[1mConsolidate compiler generated dependencies of target flatfish_ros_efuse_serial__rosidl_typesupport_introspection_cpp[0m
[1.365s] [35m[1mConsolidate compiler generated dependencies of target flatfish_ros_efuse_serial__rosidl_typesupport_fastrtps_cpp[0m
[1.372s] [35m[1mConsolidate compiler generated dependencies of target flatfish_ros_efuse_serial__rosidl_typesupport_introspection_c[0m
[1.373s] [35m[1mConsolidate compiler generated dependencies of target flatfish_ros_efuse_serial__rosidl_typesupport_fastrtps_c[0m
[1.377s] [35m[1mConsolidate compiler generated dependencies of target flatfish_ros_efuse_serial__rosidl_typesupport_c[0m
[1.391s] [ 22%] Built target flatfish_ros_efuse_serial__rosidl_typesupport_introspection_c
[1.393s] [ 33%] Built target flatfish_ros_efuse_serial__rosidl_typesupport_cpp
[1.395s] [ 45%] Built target flatfish_ros_efuse_serial__rosidl_typesupport_introspection_cpp
[1.396s] [ 56%] Built target flatfish_ros_efuse_serial__rosidl_typesupport_c
[1.398s] [ 68%] Built target flatfish_ros_efuse_serial__rosidl_typesupport_fastrtps_cpp
[1.402s] [ 79%] Built target flatfish_ros_efuse_serial__rosidl_typesupport_fastrtps_c
[1.421s] In file included from [01m[K/home/amandarln/ros_ws/src/flatfish_ros_efuse_serial/include/flatfish_ros_efuse_serial/EFuseDriver.hpp:19[m[K,
[1.421s]                  from [01m[K/home/amandarln/ros_ws/src/flatfish_ros_efuse_serial/src/EFuseDriver.cpp:11[m[K:
[1.421s] [01m[K/home/amandarln/ros_ws/src/flatfish_ros_efuse_serial/include/flatfish_ros_efuse_serial/DataTypes.hpp:17:10:[m[K [01;31m[Kfatal error: [m[Krclcpp/time.hpp: No such file or directory
[1.421s]    17 | #include [01;31m[K<rclcpp/time.hpp>[m[K
[1.421s]       |          [01;31m[K^~~~~~~~~~~~~~~~~[m[K
[1.422s] compilation terminated.
[1.422s] gmake[2]: *** [CMakeFiles/EFuseDriver.dir/build.make:76: CMakeFiles/EFuseDriver.dir/src/EFuseDriver.cpp.o] Error 1
[1.422s] gmake[1]: *** [CMakeFiles/Makefile2:596: CMakeFiles/EFuseDriver.dir/all] Error 2
[1.423s] gmake[1]: *** Waiting for unfinished jobs....
[1.424s] [ 79%] Built target flatfish_ros_efuse_serial
[1.614s] running egg_info
[1.615s] writing flatfish_ros_efuse_serial.egg-info/PKG-INFO
[1.615s] writing dependency_links to flatfish_ros_efuse_serial.egg-info/dependency_links.txt
[1.616s] writing top-level names to flatfish_ros_efuse_serial.egg-info/top_level.txt
[1.618s] reading manifest file 'flatfish_ros_efuse_serial.egg-info/SOURCES.txt'
[1.619s] writing manifest file 'flatfish_ros_efuse_serial.egg-info/SOURCES.txt'
[1.643s] [ 79%] Built target ament_cmake_python_build_flatfish_ros_efuse_serial_egg
[1.645s] gmake: *** [Makefile:146: all] Error 2
[1.648s] Invoked command in '/home/amandarln/ros_ws/build/flatfish_ros_efuse_serial' returned '2': AMENT_PREFIX_PATH=/home/amandarln/ros_ws/install/ros_driver_base:${AMENT_PREFIX_PATH} CMAKE_PREFIX_PATH=/home/amandarln/ros_ws/install/ros_driver_base:/opt/ros/humble LD_LIBRARY_PATH=/home/amandarln/ros_ws/install/ros_driver_base/lib:${LD_LIBRARY_PATH} /usr/bin/cmake --build /home/amandarln/ros_ws/build/flatfish_ros_efuse_serial -- -j16 -l16
