[0.000000] (-) TimerEvent: {}
[0.000484] (ros_driver_base) JobQueued: {'identifier': 'ros_driver_base', 'dependencies': OrderedDict()}
[0.000636] (flatfish_ros_efuse_serial) JobQueued: {'identifier': 'flatfish_ros_efuse_serial', 'dependencies': OrderedDict([('ros_driver_base', '/home/amandarln/ros_ws/install/ros_driver_base')])}
[0.000737] (ros_driver_base) JobStarted: {'identifier': 'ros_driver_base'}
[0.010688] (ros_driver_base) JobProgress: {'identifier': 'ros_driver_base', 'progress': 'cmake'}
[0.012094] (ros_driver_base) Command: {'cmd': ['/usr/bin/cmake', '/home/amandarln/ros_ws/src/ros_driver_base', '-DCMAKE_INSTALL_PREFIX=/home/amandarln/ros_ws/install/ros_driver_base'], 'cwd': '/home/amandarln/ros_ws/build/ros_driver_base', 'env': OrderedDict([('GJS_DEBUG_TOPICS', 'JS ERROR;JS LOG'), ('LESSOPEN', '| /usr/bin/lesspipe %s'), ('USER', 'amandarln'), ('XDG_SESSION_TYPE', 'wayland'), ('GIT_ASKPASS', '/usr/share/code/resources/app/extensions/git/dist/askpass.sh'), ('SHLVL', '1'), ('LD_LIBRARY_PATH', '/usr/lib/x86_64-linux-gnu/gazebo-11/plugins:/opt/ros/humble/opt/rviz_ogre_vendor/lib:/opt/ros/humble/lib/x86_64-linux-gnu:/opt/ros/humble/lib'), ('HOME', '/home/amandarln'), ('CHROME_DESKTOP', 'code-url-handler.desktop'), ('TERM_PROGRAM_VERSION', '1.90.0'), ('DESKTOP_SESSION', 'ubuntu'), ('GIO_LAUNCHED_DESKTOP_FILE', '/usr/share/applications/code.desktop'), ('ROS_PYTHON_VERSION', '3'), ('GNOME_SHELL_SESSION_MODE', 'ubuntu'), ('GTK_MODULES', 'gail:atk-bridge'), ('VSCODE_GIT_ASKPASS_MAIN', '/usr/share/code/resources/app/extensions/git/dist/askpass-main.js'), ('VSCODE_GIT_ASKPASS_NODE', '/usr/share/code/code'), ('MANAGERPID', '1421'), ('SYSTEMD_EXEC_PID', '1570'), ('IM_CONFIG_CHECK_ENV', '1'), ('DBUS_SESSION_BUS_ADDRESS', 'unix:path=/run/user/1000/bus'), ('COLORTERM', 'truecolor'), ('GIO_LAUNCHED_DESKTOP_FILE_PID', '3871'), ('IM_CONFIG_PHASE', '1'), ('WAYLAND_DISPLAY', 'wayland-0'), ('ROS_DISTRO', 'humble'), ('LOGNAME', 'amandarln'), ('JOURNAL_STREAM', '8:38104'), ('_', '/usr/bin/colcon'), ('ROS_VERSION', '2'), ('XDG_SESSION_CLASS', 'user'), ('USERNAME', 'amandarln'), ('TERM', 'xterm-256color'), ('GNOME_DESKTOP_SESSION_ID', 'this-is-deprecated'), ('ROS_LOCALHOST_ONLY', '0'), ('PATH', '/home/amandarln/.local/bin:/opt/ros/humble/bin:/home/amandarln/.local/bin:/usr/local/sbin:/usr/local/bin:/usr/sbin:/usr/bin:/sbin:/bin:/usr/games:/usr/local/games:/snap/bin:/snap/bin:/home/amandarln/.local/bin:/home/amandarln/.local/bin'), ('SESSION_MANAGER', 'local/amandarln-Nitro-AN515-57:@/tmp/.ICE-unix/1545,unix/amandarln-Nitro-AN515-57:/tmp/.ICE-unix/1545'), ('INVOCATION_ID', '1264c1c0a30a4c24b513457d3ca4061f'), ('XDG_MENU_PREFIX', 'gnome-'), ('GNOME_SETUP_DISPLAY', ':1'), ('XDG_RUNTIME_DIR', '/run/user/1000'), ('GDK_BACKEND', 'x11'), ('DISPLAY', ':0'), ('LANG', 'en_US.UTF-8'), ('XDG_CURRENT_DESKTOP', 'Unity'), ('XMODIFIERS', '@im=ibus'), ('XDG_SESSION_DESKTOP', 'ubuntu'), ('XAUTHORITY', '/run/user/1000/.mutter-Xwaylandauth.R5SGR2'), ('LS_COLORS', 'rs=0:di=01;34:ln=01;36:mh=00:pi=40;33:so=01;35:do=01;35:bd=40;33;01:cd=40;33;01:or=40;31;01:mi=00:su=37;41:sg=30;43:ca=30;41:tw=30;42:ow=34;42:st=37;44:ex=01;32:*.tar=01;31:*.tgz=01;31:*.arc=01;31:*.arj=01;31:*.taz=01;31:*.lha=01;31:*.lz4=01;31:*.lzh=01;31:*.lzma=01;31:*.tlz=01;31:*.txz=01;31:*.tzo=01;31:*.t7z=01;31:*.zip=01;31:*.z=01;31:*.dz=01;31:*.gz=01;31:*.lrz=01;31:*.lz=01;31:*.lzo=01;31:*.xz=01;31:*.zst=01;31:*.tzst=01;31:*.bz2=01;31:*.bz=01;31:*.tbz=01;31:*.tbz2=01;31:*.tz=01;31:*.deb=01;31:*.rpm=01;31:*.jar=01;31:*.war=01;31:*.ear=01;31:*.sar=01;31:*.rar=01;31:*.alz=01;31:*.ace=01;31:*.zoo=01;31:*.cpio=01;31:*.7z=01;31:*.rz=01;31:*.cab=01;31:*.wim=01;31:*.swm=01;31:*.dwm=01;31:*.esd=01;31:*.jpg=01;35:*.jpeg=01;35:*.mjpg=01;35:*.mjpeg=01;35:*.gif=01;35:*.bmp=01;35:*.pbm=01;35:*.pgm=01;35:*.ppm=01;35:*.tga=01;35:*.xbm=01;35:*.xpm=01;35:*.tif=01;35:*.tiff=01;35:*.png=01;35:*.svg=01;35:*.svgz=01;35:*.mng=01;35:*.pcx=01;35:*.mov=01;35:*.mpg=01;35:*.mpeg=01;35:*.m2v=01;35:*.mkv=01;35:*.webm=01;35:*.webp=01;35:*.ogm=01;35:*.mp4=01;35:*.m4v=01;35:*.mp4v=01;35:*.vob=01;35:*.qt=01;35:*.nuv=01;35:*.wmv=01;35:*.asf=01;35:*.rm=01;35:*.rmvb=01;35:*.flc=01;35:*.avi=01;35:*.fli=01;35:*.flv=01;35:*.gl=01;35:*.dl=01;35:*.xcf=01;35:*.xwd=01;35:*.yuv=01;35:*.cgm=01;35:*.emf=01;35:*.ogv=01;35:*.ogx=01;35:*.aac=00;36:*.au=00;36:*.flac=00;36:*.m4a=00;36:*.mid=00;36:*.midi=00;36:*.mka=00;36:*.mp3=00;36:*.mpc=00;36:*.ogg=00;36:*.ra=00;36:*.wav=00;36:*.oga=00;36:*.opus=00;36:*.spx=00;36:*.xspf=00;36:'), ('VSCODE_GIT_IPC_HANDLE', '/run/user/1000/vscode-git-51c3191532.sock'), ('TERM_PROGRAM', 'vscode'), ('SSH_AGENT_LAUNCHER', 'gnome-keyring'), ('SSH_AUTH_SOCK', '/run/user/1000/keyring/ssh'), ('AMENT_PREFIX_PATH', '/opt/ros/humble'), ('ORIGINAL_XDG_CURRENT_DESKTOP', 'ubuntu:GNOME'), ('SHELL', '/bin/bash'), ('QT_ACCESSIBILITY', '1'), ('GDMSESSION', 'ubuntu'), ('LESSCLOSE', '/usr/bin/lesspipe %s %s'), ('GJS_DEBUG_OUTPUT', 'stderr'), ('VSCODE_GIT_ASKPASS_EXTRA_ARGS', ''), ('QT_IM_MODULE', 'ibus'), ('PWD', '/home/amandarln/ros_ws/build/ros_driver_base'), ('LC_ALL', 'en_US.UTF-8'), ('XDG_CONFIG_DIRS', '/etc/xdg/xdg-ubuntu:/etc/xdg'), ('XDG_DATA_DIRS', '/usr/share/ubuntu:/usr/local/share/:/usr/share/:/var/lib/snapd/desktop'), ('PYTHONPATH', '/opt/ros/humble/lib/python3.10/site-packages:/opt/ros/humble/local/lib/python3.10/dist-packages'), ('COLCON', '1'), ('CMAKE_PREFIX_PATH', '/opt/ros/humble')]), 'shell': False}
[0.036217] (ros_driver_base) StdoutLine: {'line': b'-- Found ament_cmake: 1.3.9 (/opt/ros/humble/share/ament_cmake/cmake)\n'}
[0.099556] (-) TimerEvent: {}
[0.165145] (ros_driver_base) StdoutLine: {'line': b'-- Found ament_lint_auto: 0.12.11 (/opt/ros/humble/share/ament_lint_auto/cmake)\n'}
[0.166359] (ros_driver_base) StdoutLine: {'line': b'-- Found ament_cmake_gtest: 1.3.9 (/opt/ros/humble/share/ament_cmake_gtest/cmake)\n'}
[0.199767] (-) TimerEvent: {}
[0.257843] (ros_driver_base) StdoutLine: {'line': b"-- Found gtest sources under '/opt/ros/humble/src/gtest_vendor': C++ tests using 'Google Test' will be built\n"}
[0.267475] (ros_driver_base) StdoutLine: {'line': b"-- Added test 'copyright' to check source files copyright and LICENSE\n"}
[0.270921] (ros_driver_base) StdoutLine: {'line': b"-- Added test 'cppcheck' to perform static code analysis on C / C++ code\n"}
[0.271317] (ros_driver_base) StdoutLine: {'line': b'-- Configured cppcheck include dirs: /home/amandarln/ros_ws/src/ros_driver_base/test/include;$<BUILD_INTERFACE:/home/amandarln/ros_ws/src/ros_driver_base/include>\n'}
[0.271519] (ros_driver_base) StdoutLine: {'line': b'-- Configured cppcheck exclude dirs and/or files: \n'}
[0.272918] (ros_driver_base) StdoutLine: {'line': b"-- Added test 'lint_cmake' to check CMake code style\n"}
[0.276189] (ros_driver_base) StdoutLine: {'line': b"-- Added test 'uncrustify' to check C / C++ code style\n"}
[0.276324] (ros_driver_base) StdoutLine: {'line': b'-- Configured uncrustify additional arguments: \n'}
[0.277111] (ros_driver_base) StdoutLine: {'line': b"-- Added test 'xmllint' to check XML markup files\n"}
[0.279379] (ros_driver_base) StdoutLine: {'line': b'-- Configuring done\n'}
[0.299963] (-) TimerEvent: {}
[0.305068] (ros_driver_base) StdoutLine: {'line': b'-- Generating done\n'}
[0.306837] (ros_driver_base) StdoutLine: {'line': b'-- Build files have been written to: /home/amandarln/ros_ws/build/ros_driver_base\n'}
[0.311519] (ros_driver_base) CommandEnded: {'returncode': 0}
[0.312488] (ros_driver_base) JobProgress: {'identifier': 'ros_driver_base', 'progress': 'build'}
[0.314155] (ros_driver_base) Command: {'cmd': ['/usr/bin/cmake', '--build', '/home/amandarln/ros_ws/build/ros_driver_base', '--', '-j16', '-l16'], 'cwd': '/home/amandarln/ros_ws/build/ros_driver_base', 'env': OrderedDict([('GJS_DEBUG_TOPICS', 'JS ERROR;JS LOG'), ('LESSOPEN', '| /usr/bin/lesspipe %s'), ('USER', 'amandarln'), ('XDG_SESSION_TYPE', 'wayland'), ('GIT_ASKPASS', '/usr/share/code/resources/app/extensions/git/dist/askpass.sh'), ('SHLVL', '1'), ('LD_LIBRARY_PATH', '/usr/lib/x86_64-linux-gnu/gazebo-11/plugins:/opt/ros/humble/opt/rviz_ogre_vendor/lib:/opt/ros/humble/lib/x86_64-linux-gnu:/opt/ros/humble/lib'), ('HOME', '/home/amandarln'), ('CHROME_DESKTOP', 'code-url-handler.desktop'), ('TERM_PROGRAM_VERSION', '1.90.0'), ('DESKTOP_SESSION', 'ubuntu'), ('GIO_LAUNCHED_DESKTOP_FILE', '/usr/share/applications/code.desktop'), ('ROS_PYTHON_VERSION', '3'), ('GNOME_SHELL_SESSION_MODE', 'ubuntu'), ('GTK_MODULES', 'gail:atk-bridge'), ('VSCODE_GIT_ASKPASS_MAIN', '/usr/share/code/resources/app/extensions/git/dist/askpass-main.js'), ('VSCODE_GIT_ASKPASS_NODE', '/usr/share/code/code'), ('MANAGERPID', '1421'), ('SYSTEMD_EXEC_PID', '1570'), ('IM_CONFIG_CHECK_ENV', '1'), ('DBUS_SESSION_BUS_ADDRESS', 'unix:path=/run/user/1000/bus'), ('COLORTERM', 'truecolor'), ('GIO_LAUNCHED_DESKTOP_FILE_PID', '3871'), ('IM_CONFIG_PHASE', '1'), ('WAYLAND_DISPLAY', 'wayland-0'), ('ROS_DISTRO', 'humble'), ('LOGNAME', 'amandarln'), ('JOURNAL_STREAM', '8:38104'), ('_', '/usr/bin/colcon'), ('ROS_VERSION', '2'), ('XDG_SESSION_CLASS', 'user'), ('USERNAME', 'amandarln'), ('TERM', 'xterm-256color'), ('GNOME_DESKTOP_SESSION_ID', 'this-is-deprecated'), ('ROS_LOCALHOST_ONLY', '0'), ('PATH', '/home/amandarln/.local/bin:/opt/ros/humble/bin:/home/amandarln/.local/bin:/usr/local/sbin:/usr/local/bin:/usr/sbin:/usr/bin:/sbin:/bin:/usr/games:/usr/local/games:/snap/bin:/snap/bin:/home/amandarln/.local/bin:/home/amandarln/.local/bin'), ('SESSION_MANAGER', 'local/amandarln-Nitro-AN515-57:@/tmp/.ICE-unix/1545,unix/amandarln-Nitro-AN515-57:/tmp/.ICE-unix/1545'), ('INVOCATION_ID', '1264c1c0a30a4c24b513457d3ca4061f'), ('XDG_MENU_PREFIX', 'gnome-'), ('GNOME_SETUP_DISPLAY', ':1'), ('XDG_RUNTIME_DIR', '/run/user/1000'), ('GDK_BACKEND', 'x11'), ('DISPLAY', ':0'), ('LANG', 'en_US.UTF-8'), ('XDG_CURRENT_DESKTOP', 'Unity'), ('XMODIFIERS', '@im=ibus'), ('XDG_SESSION_DESKTOP', 'ubuntu'), ('XAUTHORITY', '/run/user/1000/.mutter-Xwaylandauth.R5SGR2'), ('LS_COLORS', 'rs=0:di=01;34:ln=01;36:mh=00:pi=40;33:so=01;35:do=01;35:bd=40;33;01:cd=40;33;01:or=40;31;01:mi=00:su=37;41:sg=30;43:ca=30;41:tw=30;42:ow=34;42:st=37;44:ex=01;32:*.tar=01;31:*.tgz=01;31:*.arc=01;31:*.arj=01;31:*.taz=01;31:*.lha=01;31:*.lz4=01;31:*.lzh=01;31:*.lzma=01;31:*.tlz=01;31:*.txz=01;31:*.tzo=01;31:*.t7z=01;31:*.zip=01;31:*.z=01;31:*.dz=01;31:*.gz=01;31:*.lrz=01;31:*.lz=01;31:*.lzo=01;31:*.xz=01;31:*.zst=01;31:*.tzst=01;31:*.bz2=01;31:*.bz=01;31:*.tbz=01;31:*.tbz2=01;31:*.tz=01;31:*.deb=01;31:*.rpm=01;31:*.jar=01;31:*.war=01;31:*.ear=01;31:*.sar=01;31:*.rar=01;31:*.alz=01;31:*.ace=01;31:*.zoo=01;31:*.cpio=01;31:*.7z=01;31:*.rz=01;31:*.cab=01;31:*.wim=01;31:*.swm=01;31:*.dwm=01;31:*.esd=01;31:*.jpg=01;35:*.jpeg=01;35:*.mjpg=01;35:*.mjpeg=01;35:*.gif=01;35:*.bmp=01;35:*.pbm=01;35:*.pgm=01;35:*.ppm=01;35:*.tga=01;35:*.xbm=01;35:*.xpm=01;35:*.tif=01;35:*.tiff=01;35:*.png=01;35:*.svg=01;35:*.svgz=01;35:*.mng=01;35:*.pcx=01;35:*.mov=01;35:*.mpg=01;35:*.mpeg=01;35:*.m2v=01;35:*.mkv=01;35:*.webm=01;35:*.webp=01;35:*.ogm=01;35:*.mp4=01;35:*.m4v=01;35:*.mp4v=01;35:*.vob=01;35:*.qt=01;35:*.nuv=01;35:*.wmv=01;35:*.asf=01;35:*.rm=01;35:*.rmvb=01;35:*.flc=01;35:*.avi=01;35:*.fli=01;35:*.flv=01;35:*.gl=01;35:*.dl=01;35:*.xcf=01;35:*.xwd=01;35:*.yuv=01;35:*.cgm=01;35:*.emf=01;35:*.ogv=01;35:*.ogx=01;35:*.aac=00;36:*.au=00;36:*.flac=00;36:*.m4a=00;36:*.mid=00;36:*.midi=00;36:*.mka=00;36:*.mp3=00;36:*.mpc=00;36:*.ogg=00;36:*.ra=00;36:*.wav=00;36:*.oga=00;36:*.opus=00;36:*.spx=00;36:*.xspf=00;36:'), ('VSCODE_GIT_IPC_HANDLE', '/run/user/1000/vscode-git-51c3191532.sock'), ('TERM_PROGRAM', 'vscode'), ('SSH_AGENT_LAUNCHER', 'gnome-keyring'), ('SSH_AUTH_SOCK', '/run/user/1000/keyring/ssh'), ('AMENT_PREFIX_PATH', '/opt/ros/humble'), ('ORIGINAL_XDG_CURRENT_DESKTOP', 'ubuntu:GNOME'), ('SHELL', '/bin/bash'), ('QT_ACCESSIBILITY', '1'), ('GDMSESSION', 'ubuntu'), ('LESSCLOSE', '/usr/bin/lesspipe %s %s'), ('GJS_DEBUG_OUTPUT', 'stderr'), ('VSCODE_GIT_ASKPASS_EXTRA_ARGS', ''), ('QT_IM_MODULE', 'ibus'), ('PWD', '/home/amandarln/ros_ws/build/ros_driver_base'), ('LC_ALL', 'en_US.UTF-8'), ('XDG_CONFIG_DIRS', '/etc/xdg/xdg-ubuntu:/etc/xdg'), ('XDG_DATA_DIRS', '/usr/share/ubuntu:/usr/local/share/:/usr/share/:/var/lib/snapd/desktop'), ('PYTHONPATH', '/opt/ros/humble/lib/python3.10/site-packages:/opt/ros/humble/local/lib/python3.10/dist-packages'), ('COLCON', '1'), ('CMAKE_PREFIX_PATH', '/opt/ros/humble')]), 'shell': False}
[0.326324] (ros_driver_base) StdoutLine: {'line': b'/usr/bin/cmake -S/home/amandarln/ros_ws/src/ros_driver_base -B/home/amandarln/ros_ws/build/ros_driver_base --check-build-system CMakeFiles/Makefile.cmake 0\n'}
[0.334948] (ros_driver_base) StdoutLine: {'line': b'/usr/bin/cmake -E cmake_progress_start /home/amandarln/ros_ws/build/ros_driver_base/CMakeFiles /home/amandarln/ros_ws/build/ros_driver_base//CMakeFiles/progress.marks\n'}
[0.341198] (ros_driver_base) StdoutLine: {'line': b'/usr/bin/gmake  -f CMakeFiles/Makefile2 all\n'}
[0.342901] (ros_driver_base) StdoutLine: {'line': b"gmake[1]: Entering directory '/home/amandarln/ros_ws/build/ros_driver_base'\n"}
[0.343061] (ros_driver_base) StdoutLine: {'line': b'/usr/bin/gmake  -f CMakeFiles/ros_driver_base.dir/build.make CMakeFiles/ros_driver_base.dir/depend\n'}
[0.343342] (ros_driver_base) StdoutLine: {'line': b'/usr/bin/gmake  -f gtest/CMakeFiles/gtest_main.dir/build.make gtest/CMakeFiles/gtest_main.dir/depend\n'}
[0.343677] (ros_driver_base) StdoutLine: {'line': b'/usr/bin/gmake  -f gtest/CMakeFiles/gtest.dir/build.make gtest/CMakeFiles/gtest.dir/depend\n'}
[0.344793] (ros_driver_base) StdoutLine: {'line': b"gmake[2]: Entering directory '/home/amandarln/ros_ws/build/ros_driver_base'\n"}
[0.344888] (ros_driver_base) StdoutLine: {'line': b'cd /home/amandarln/ros_ws/build/ros_driver_base && /usr/bin/cmake -E cmake_depends "Unix Makefiles" /home/amandarln/ros_ws/src/ros_driver_base /opt/ros/humble/src/gtest_vendor /home/amandarln/ros_ws/build/ros_driver_base /home/amandarln/ros_ws/build/ros_driver_base/gtest /home/amandarln/ros_ws/build/ros_driver_base/gtest/CMakeFiles/gtest_main.dir/DependInfo.cmake --color=\n'}
[0.345217] (ros_driver_base) StdoutLine: {'line': b"gmake[2]: Entering directory '/home/amandarln/ros_ws/build/ros_driver_base'\n"}
[0.345369] (ros_driver_base) StdoutLine: {'line': b'cd /home/amandarln/ros_ws/build/ros_driver_base && /usr/bin/cmake -E cmake_depends "Unix Makefiles" /home/amandarln/ros_ws/src/ros_driver_base /home/amandarln/ros_ws/src/ros_driver_base /home/amandarln/ros_ws/build/ros_driver_base /home/amandarln/ros_ws/build/ros_driver_base /home/amandarln/ros_ws/build/ros_driver_base/CMakeFiles/ros_driver_base.dir/DependInfo.cmake --color=\n'}
[0.345458] (ros_driver_base) StdoutLine: {'line': b"gmake[2]: Entering directory '/home/amandarln/ros_ws/build/ros_driver_base'\n"}
[0.345535] (ros_driver_base) StdoutLine: {'line': b'cd /home/amandarln/ros_ws/build/ros_driver_base && /usr/bin/cmake -E cmake_depends "Unix Makefiles" /home/amandarln/ros_ws/src/ros_driver_base /opt/ros/humble/src/gtest_vendor /home/amandarln/ros_ws/build/ros_driver_base /home/amandarln/ros_ws/build/ros_driver_base/gtest /home/amandarln/ros_ws/build/ros_driver_base/gtest/CMakeFiles/gtest.dir/DependInfo.cmake --color=\n'}
[0.352724] (ros_driver_base) StdoutLine: {'line': b'\x1b[35m\x1b[1mConsolidate compiler generated dependencies of target gtest_main\x1b[0m\n'}
[0.353140] (ros_driver_base) StdoutLine: {'line': b'\x1b[35m\x1b[1mConsolidate compiler generated dependencies of target gtest\x1b[0m\n'}
[0.356146] (ros_driver_base) StdoutLine: {'line': b"gmake[2]: Leaving directory '/home/amandarln/ros_ws/build/ros_driver_base'\n"}
[0.356368] (ros_driver_base) StdoutLine: {'line': b'/usr/bin/gmake  -f gtest/CMakeFiles/gtest_main.dir/build.make gtest/CMakeFiles/gtest_main.dir/build\n'}
[0.357041] (ros_driver_base) StdoutLine: {'line': b"gmake[2]: Leaving directory '/home/amandarln/ros_ws/build/ros_driver_base'\n"}
[0.357236] (ros_driver_base) StdoutLine: {'line': b'/usr/bin/gmake  -f gtest/CMakeFiles/gtest.dir/build.make gtest/CMakeFiles/gtest.dir/build\n'}
[0.357824] (ros_driver_base) StdoutLine: {'line': b'\x1b[35m\x1b[1mConsolidate compiler generated dependencies of target ros_driver_base\x1b[0m\n'}
[0.359152] (ros_driver_base) StdoutLine: {'line': b"gmake[2]: Entering directory '/home/amandarln/ros_ws/build/ros_driver_base'\n"}
[0.359462] (ros_driver_base) StdoutLine: {'line': b"gmake[2]: Nothing to be done for 'gtest/CMakeFiles/gtest_main.dir/build'.\n"}
[0.359625] (ros_driver_base) StdoutLine: {'line': b"gmake[2]: Leaving directory '/home/amandarln/ros_ws/build/ros_driver_base'\n"}
[0.360085] (ros_driver_base) StdoutLine: {'line': b"gmake[2]: Entering directory '/home/amandarln/ros_ws/build/ros_driver_base'\n"}
[0.360170] (ros_driver_base) StdoutLine: {'line': b"gmake[2]: Nothing to be done for 'gtest/CMakeFiles/gtest.dir/build'.\n"}
[0.360265] (ros_driver_base) StdoutLine: {'line': b"gmake[2]: Leaving directory '/home/amandarln/ros_ws/build/ros_driver_base'\n"}
[0.366993] (ros_driver_base) StdoutLine: {'line': b'[  7%] Built target gtest_main\n'}
[0.367758] (ros_driver_base) StdoutLine: {'line': b'[ 14%] Built target gtest\n'}
[0.371231] (ros_driver_base) StdoutLine: {'line': b"gmake[2]: Leaving directory '/home/amandarln/ros_ws/build/ros_driver_base'\n"}
[0.371588] (ros_driver_base) StdoutLine: {'line': b'/usr/bin/gmake  -f CMakeFiles/ros_driver_base.dir/build.make CMakeFiles/ros_driver_base.dir/build\n'}
[0.379506] (ros_driver_base) StdoutLine: {'line': b"gmake[2]: Entering directory '/home/amandarln/ros_ws/build/ros_driver_base'\n"}
[0.379815] (ros_driver_base) StdoutLine: {'line': b"gmake[2]: Nothing to be done for 'CMakeFiles/ros_driver_base.dir/build'.\n"}
[0.379993] (ros_driver_base) StdoutLine: {'line': b"gmake[2]: Leaving directory '/home/amandarln/ros_ws/build/ros_driver_base'\n"}
[0.388028] (ros_driver_base) StdoutLine: {'line': b'[ 48%] Built target ros_driver_base\n'}
[0.389210] (ros_driver_base) StdoutLine: {'line': b'/usr/bin/gmake  -f CMakeFiles/test_test_stream_gtest.dir/build.make CMakeFiles/test_test_stream_gtest.dir/depend\n'}
[0.389860] (ros_driver_base) StdoutLine: {'line': b'/usr/bin/gmake  -f CMakeFiles/test_driver.dir/build.make CMakeFiles/test_driver.dir/depend\n'}
[0.390663] (ros_driver_base) StdoutLine: {'line': b'/usr/bin/gmake  -f CMakeFiles/test_tcp_read.dir/build.make CMakeFiles/test_tcp_read.dir/depend\n'}
[0.390946] (ros_driver_base) StdoutLine: {'line': b'/usr/bin/gmake  -f CMakeFiles/test_tcp_write.dir/build.make CMakeFiles/test_tcp_write.dir/depend\n'}
[0.391289] (ros_driver_base) StdoutLine: {'line': b'/usr/bin/gmake  -f CMakeFiles/test_udp_read.dir/build.make CMakeFiles/test_udp_read.dir/depend\n'}
[0.391614] (ros_driver_base) StdoutLine: {'line': b"gmake[2]: Entering directory '/home/amandarln/ros_ws/build/ros_driver_base'\n"}
[0.391832] (ros_driver_base) StdoutLine: {'line': b'cd /home/amandarln/ros_ws/build/ros_driver_base && /usr/bin/cmake -E cmake_depends "Unix Makefiles" /home/amandarln/ros_ws/src/ros_driver_base /home/amandarln/ros_ws/src/ros_driver_base /home/amandarln/ros_ws/build/ros_driver_base /home/amandarln/ros_ws/build/ros_driver_base /home/amandarln/ros_ws/build/ros_driver_base/CMakeFiles/test_test_stream_gtest.dir/DependInfo.cmake --color=\n'}
[0.391983] (ros_driver_base) StdoutLine: {'line': b'/usr/bin/gmake  -f CMakeFiles/test_udp_write.dir/build.make CMakeFiles/test_udp_write.dir/depend\n'}
[0.392345] (ros_driver_base) StdoutLine: {'line': b"gmake[2]: Entering directory '/home/amandarln/ros_ws/build/ros_driver_base'\n"}
[0.392520] (ros_driver_base) StdoutLine: {'line': b'cd /home/amandarln/ros_ws/build/ros_driver_base && /usr/bin/cmake -E cmake_depends "Unix Makefiles" /home/amandarln/ros_ws/src/ros_driver_base /home/amandarln/ros_ws/src/ros_driver_base /home/amandarln/ros_ws/build/ros_driver_base /home/amandarln/ros_ws/build/ros_driver_base /home/amandarln/ros_ws/build/ros_driver_base/CMakeFiles/test_driver.dir/DependInfo.cmake --color=\n'}
[0.392768] (ros_driver_base) StdoutLine: {'line': b"gmake[2]: Entering directory '/home/amandarln/ros_ws/build/ros_driver_base'\n"}
[0.393093] (ros_driver_base) StdoutLine: {'line': b'cd /home/amandarln/ros_ws/build/ros_driver_base && /usr/bin/cmake -E cmake_depends "Unix Makefiles" /home/amandarln/ros_ws/src/ros_driver_base /home/amandarln/ros_ws/src/ros_driver_base /home/amandarln/ros_ws/build/ros_driver_base /home/amandarln/ros_ws/build/ros_driver_base /home/amandarln/ros_ws/build/ros_driver_base/CMakeFiles/test_tcp_read.dir/DependInfo.cmake --color=\n'}
[0.393288] (ros_driver_base) StdoutLine: {'line': b"gmake[2]: Entering directory '/home/amandarln/ros_ws/build/ros_driver_base'\n"}
[0.393534] (ros_driver_base) StdoutLine: {'line': b'cd /home/amandarln/ros_ws/build/ros_driver_base && /usr/bin/cmake -E cmake_depends "Unix Makefiles" /home/amandarln/ros_ws/src/ros_driver_base /home/amandarln/ros_ws/src/ros_driver_base /home/amandarln/ros_ws/build/ros_driver_base /home/amandarln/ros_ws/build/ros_driver_base /home/amandarln/ros_ws/build/ros_driver_base/CMakeFiles/test_tcp_write.dir/DependInfo.cmake --color=\n'}
[0.393715] (ros_driver_base) StdoutLine: {'line': b"gmake[2]: Entering directory '/home/amandarln/ros_ws/build/ros_driver_base'\n"}
[0.393863] (ros_driver_base) StdoutLine: {'line': b'cd /home/amandarln/ros_ws/build/ros_driver_base && /usr/bin/cmake -E cmake_depends "Unix Makefiles" /home/amandarln/ros_ws/src/ros_driver_base /home/amandarln/ros_ws/src/ros_driver_base /home/amandarln/ros_ws/build/ros_driver_base /home/amandarln/ros_ws/build/ros_driver_base /home/amandarln/ros_ws/build/ros_driver_base/CMakeFiles/test_udp_read.dir/DependInfo.cmake --color=\n'}
[0.394100] (ros_driver_base) StdoutLine: {'line': b"gmake[2]: Entering directory '/home/amandarln/ros_ws/build/ros_driver_base'\n"}
[0.394240] (ros_driver_base) StdoutLine: {'line': b'cd /home/amandarln/ros_ws/build/ros_driver_base && /usr/bin/cmake -E cmake_depends "Unix Makefiles" /home/amandarln/ros_ws/src/ros_driver_base /home/amandarln/ros_ws/src/ros_driver_base /home/amandarln/ros_ws/build/ros_driver_base /home/amandarln/ros_ws/build/ros_driver_base /home/amandarln/ros_ws/build/ros_driver_base/CMakeFiles/test_udp_write.dir/DependInfo.cmake --color=\n'}
[0.400086] (-) TimerEvent: {}
[0.403245] (ros_driver_base) StdoutLine: {'line': b'\x1b[35m\x1b[1mConsolidate compiler generated dependencies of target test_test_stream_gtest\x1b[0m\n'}
[0.403536] (ros_driver_base) StdoutLine: {'line': b'\x1b[35m\x1b[1mConsolidate compiler generated dependencies of target test_tcp_read\x1b[0m\n'}
[0.403684] (ros_driver_base) StdoutLine: {'line': b'\x1b[35m\x1b[1mConsolidate compiler generated dependencies of target test_udp_read\x1b[0m\n'}
[0.403988] (ros_driver_base) StdoutLine: {'line': b'\x1b[35m\x1b[1mConsolidate compiler generated dependencies of target test_tcp_write\x1b[0m\n'}
[0.404425] (ros_driver_base) StdoutLine: {'line': b'\x1b[35m\x1b[1mConsolidate compiler generated dependencies of target test_udp_write\x1b[0m\n'}
[0.406829] (ros_driver_base) StdoutLine: {'line': b"gmake[2]: Leaving directory '/home/amandarln/ros_ws/build/ros_driver_base'\n"}
[0.407097] (ros_driver_base) StdoutLine: {'line': b'/usr/bin/gmake  -f CMakeFiles/test_tcp_read.dir/build.make CMakeFiles/test_tcp_read.dir/build\n'}
[0.407233] (ros_driver_base) StdoutLine: {'line': b"gmake[2]: Leaving directory '/home/amandarln/ros_ws/build/ros_driver_base'\n"}
[0.407413] (ros_driver_base) StdoutLine: {'line': b'/usr/bin/gmake  -f CMakeFiles/test_udp_read.dir/build.make CMakeFiles/test_udp_read.dir/build\n'}
[0.407633] (ros_driver_base) StdoutLine: {'line': b'\x1b[35m\x1b[1mConsolidate compiler generated dependencies of target test_driver\x1b[0m\n'}
[0.408105] (ros_driver_base) StdoutLine: {'line': b"gmake[2]: Leaving directory '/home/amandarln/ros_ws/build/ros_driver_base'\n"}
[0.408248] (ros_driver_base) StdoutLine: {'line': b"gmake[2]: Leaving directory '/home/amandarln/ros_ws/build/ros_driver_base'\n"}
[0.408427] (ros_driver_base) StdoutLine: {'line': b'/usr/bin/gmake  -f CMakeFiles/test_tcp_write.dir/build.make CMakeFiles/test_tcp_write.dir/build\n'}
[0.408664] (ros_driver_base) StdoutLine: {'line': b'/usr/bin/gmake  -f CMakeFiles/test_udp_write.dir/build.make CMakeFiles/test_udp_write.dir/build\n'}
[0.408801] (ros_driver_base) StdoutLine: {'line': b"gmake[2]: Leaving directory '/home/amandarln/ros_ws/build/ros_driver_base'\n"}
[0.408973] (ros_driver_base) StdoutLine: {'line': b'/usr/bin/gmake  -f CMakeFiles/test_test_stream_gtest.dir/build.make CMakeFiles/test_test_stream_gtest.dir/build\n'}
[0.409488] (ros_driver_base) StdoutLine: {'line': b"gmake[2]: Entering directory '/home/amandarln/ros_ws/build/ros_driver_base'\n"}
[0.409578] (ros_driver_base) StdoutLine: {'line': b"gmake[2]: Nothing to be done for 'CMakeFiles/test_tcp_read.dir/build'.\n"}
[0.409664] (ros_driver_base) StdoutLine: {'line': b"gmake[2]: Leaving directory '/home/amandarln/ros_ws/build/ros_driver_base'\n"}
[0.409983] (ros_driver_base) StdoutLine: {'line': b"gmake[2]: Entering directory '/home/amandarln/ros_ws/build/ros_driver_base'\n"}
[0.410068] (ros_driver_base) StdoutLine: {'line': b"gmake[2]: Nothing to be done for 'CMakeFiles/test_udp_read.dir/build'.\n"}
[0.410149] (ros_driver_base) StdoutLine: {'line': b"gmake[2]: Leaving directory '/home/amandarln/ros_ws/build/ros_driver_base'\n"}
[0.410763] (ros_driver_base) StdoutLine: {'line': b"gmake[2]: Entering directory '/home/amandarln/ros_ws/build/ros_driver_base'\n"}
[0.410979] (ros_driver_base) StdoutLine: {'line': b"gmake[2]: Nothing to be done for 'CMakeFiles/test_tcp_write.dir/build'.\n"}
[0.411079] (ros_driver_base) StdoutLine: {'line': b"gmake[2]: Leaving directory '/home/amandarln/ros_ws/build/ros_driver_base'\n"}
[0.411257] (ros_driver_base) StdoutLine: {'line': b"gmake[2]: Entering directory '/home/amandarln/ros_ws/build/ros_driver_base'\n"}
[0.411345] (ros_driver_base) StdoutLine: {'line': b"gmake[2]: Nothing to be done for 'CMakeFiles/test_udp_write.dir/build'.\n"}
[0.411427] (ros_driver_base) StdoutLine: {'line': b"gmake[2]: Leaving directory '/home/amandarln/ros_ws/build/ros_driver_base'\n"}
[0.412033] (ros_driver_base) StdoutLine: {'line': b"gmake[2]: Entering directory '/home/amandarln/ros_ws/build/ros_driver_base'\n"}
[0.412268] (ros_driver_base) StdoutLine: {'line': b"gmake[2]: Nothing to be done for 'CMakeFiles/test_test_stream_gtest.dir/build'.\n"}
[0.412426] (ros_driver_base) StdoutLine: {'line': b"gmake[2]: Leaving directory '/home/amandarln/ros_ws/build/ros_driver_base'\n"}
[0.418722] (ros_driver_base) StdoutLine: {'line': b'[ 55%] Built target test_tcp_read\n'}
[0.419029] (ros_driver_base) StdoutLine: {'line': b'[ 62%] Built target test_udp_read\n'}
[0.419494] (ros_driver_base) StdoutLine: {'line': b'[ 70%] Built target test_tcp_write\n'}
[0.420179] (ros_driver_base) StdoutLine: {'line': b"gmake[2]: Leaving directory '/home/amandarln/ros_ws/build/ros_driver_base'\n"}
[0.420776] (ros_driver_base) StdoutLine: {'line': b'/usr/bin/gmake  -f CMakeFiles/test_driver.dir/build.make CMakeFiles/test_driver.dir/build\n'}
[0.421597] (ros_driver_base) StdoutLine: {'line': b'[ 77%] Built target test_udp_write\n'}
[0.421894] (ros_driver_base) StdoutLine: {'line': b'[ 85%] Built target test_test_stream_gtest\n'}
[0.427307] (ros_driver_base) StdoutLine: {'line': b"gmake[2]: Entering directory '/home/amandarln/ros_ws/build/ros_driver_base'\n"}
[0.427475] (ros_driver_base) StdoutLine: {'line': b"gmake[2]: Nothing to be done for 'CMakeFiles/test_driver.dir/build'.\n"}
[0.427565] (ros_driver_base) StdoutLine: {'line': b"gmake[2]: Leaving directory '/home/amandarln/ros_ws/build/ros_driver_base'\n"}
[0.437450] (ros_driver_base) StdoutLine: {'line': b'[100%] Built target test_driver\n'}
[0.438492] (ros_driver_base) StdoutLine: {'line': b"gmake[1]: Leaving directory '/home/amandarln/ros_ws/build/ros_driver_base'\n"}
[0.438739] (ros_driver_base) StdoutLine: {'line': b'/usr/bin/cmake -E cmake_progress_start /home/amandarln/ros_ws/build/ros_driver_base/CMakeFiles 0\n'}
[0.450402] (ros_driver_base) CommandEnded: {'returncode': 0}
[0.500216] (-) TimerEvent: {}
[0.554625] (ros_driver_base) JobProgress: {'identifier': 'ros_driver_base', 'progress': 'install'}
[0.566277] (ros_driver_base) Command: {'cmd': ['/usr/bin/cmake', '--install', '/home/amandarln/ros_ws/build/ros_driver_base'], 'cwd': '/home/amandarln/ros_ws/build/ros_driver_base', 'env': OrderedDict([('GJS_DEBUG_TOPICS', 'JS ERROR;JS LOG'), ('LESSOPEN', '| /usr/bin/lesspipe %s'), ('USER', 'amandarln'), ('XDG_SESSION_TYPE', 'wayland'), ('GIT_ASKPASS', '/usr/share/code/resources/app/extensions/git/dist/askpass.sh'), ('SHLVL', '1'), ('LD_LIBRARY_PATH', '/usr/lib/x86_64-linux-gnu/gazebo-11/plugins:/opt/ros/humble/opt/rviz_ogre_vendor/lib:/opt/ros/humble/lib/x86_64-linux-gnu:/opt/ros/humble/lib'), ('HOME', '/home/amandarln'), ('CHROME_DESKTOP', 'code-url-handler.desktop'), ('TERM_PROGRAM_VERSION', '1.90.0'), ('DESKTOP_SESSION', 'ubuntu'), ('GIO_LAUNCHED_DESKTOP_FILE', '/usr/share/applications/code.desktop'), ('ROS_PYTHON_VERSION', '3'), ('GNOME_SHELL_SESSION_MODE', 'ubuntu'), ('GTK_MODULES', 'gail:atk-bridge'), ('VSCODE_GIT_ASKPASS_MAIN', '/usr/share/code/resources/app/extensions/git/dist/askpass-main.js'), ('VSCODE_GIT_ASKPASS_NODE', '/usr/share/code/code'), ('MANAGERPID', '1421'), ('SYSTEMD_EXEC_PID', '1570'), ('IM_CONFIG_CHECK_ENV', '1'), ('DBUS_SESSION_BUS_ADDRESS', 'unix:path=/run/user/1000/bus'), ('COLORTERM', 'truecolor'), ('GIO_LAUNCHED_DESKTOP_FILE_PID', '3871'), ('IM_CONFIG_PHASE', '1'), ('WAYLAND_DISPLAY', 'wayland-0'), ('ROS_DISTRO', 'humble'), ('LOGNAME', 'amandarln'), ('JOURNAL_STREAM', '8:38104'), ('_', '/usr/bin/colcon'), ('ROS_VERSION', '2'), ('XDG_SESSION_CLASS', 'user'), ('USERNAME', 'amandarln'), ('TERM', 'xterm-256color'), ('GNOME_DESKTOP_SESSION_ID', 'this-is-deprecated'), ('ROS_LOCALHOST_ONLY', '0'), ('PATH', '/home/amandarln/.local/bin:/opt/ros/humble/bin:/home/amandarln/.local/bin:/usr/local/sbin:/usr/local/bin:/usr/sbin:/usr/bin:/sbin:/bin:/usr/games:/usr/local/games:/snap/bin:/snap/bin:/home/amandarln/.local/bin:/home/amandarln/.local/bin'), ('SESSION_MANAGER', 'local/amandarln-Nitro-AN515-57:@/tmp/.ICE-unix/1545,unix/amandarln-Nitro-AN515-57:/tmp/.ICE-unix/1545'), ('INVOCATION_ID', '1264c1c0a30a4c24b513457d3ca4061f'), ('XDG_MENU_PREFIX', 'gnome-'), ('GNOME_SETUP_DISPLAY', ':1'), ('XDG_RUNTIME_DIR', '/run/user/1000'), ('GDK_BACKEND', 'x11'), ('DISPLAY', ':0'), ('LANG', 'en_US.UTF-8'), ('XDG_CURRENT_DESKTOP', 'Unity'), ('XMODIFIERS', '@im=ibus'), ('XDG_SESSION_DESKTOP', 'ubuntu'), ('XAUTHORITY', '/run/user/1000/.mutter-Xwaylandauth.R5SGR2'), ('LS_COLORS', 'rs=0:di=01;34:ln=01;36:mh=00:pi=40;33:so=01;35:do=01;35:bd=40;33;01:cd=40;33;01:or=40;31;01:mi=00:su=37;41:sg=30;43:ca=30;41:tw=30;42:ow=34;42:st=37;44:ex=01;32:*.tar=01;31:*.tgz=01;31:*.arc=01;31:*.arj=01;31:*.taz=01;31:*.lha=01;31:*.lz4=01;31:*.lzh=01;31:*.lzma=01;31:*.tlz=01;31:*.txz=01;31:*.tzo=01;31:*.t7z=01;31:*.zip=01;31:*.z=01;31:*.dz=01;31:*.gz=01;31:*.lrz=01;31:*.lz=01;31:*.lzo=01;31:*.xz=01;31:*.zst=01;31:*.tzst=01;31:*.bz2=01;31:*.bz=01;31:*.tbz=01;31:*.tbz2=01;31:*.tz=01;31:*.deb=01;31:*.rpm=01;31:*.jar=01;31:*.war=01;31:*.ear=01;31:*.sar=01;31:*.rar=01;31:*.alz=01;31:*.ace=01;31:*.zoo=01;31:*.cpio=01;31:*.7z=01;31:*.rz=01;31:*.cab=01;31:*.wim=01;31:*.swm=01;31:*.dwm=01;31:*.esd=01;31:*.jpg=01;35:*.jpeg=01;35:*.mjpg=01;35:*.mjpeg=01;35:*.gif=01;35:*.bmp=01;35:*.pbm=01;35:*.pgm=01;35:*.ppm=01;35:*.tga=01;35:*.xbm=01;35:*.xpm=01;35:*.tif=01;35:*.tiff=01;35:*.png=01;35:*.svg=01;35:*.svgz=01;35:*.mng=01;35:*.pcx=01;35:*.mov=01;35:*.mpg=01;35:*.mpeg=01;35:*.m2v=01;35:*.mkv=01;35:*.webm=01;35:*.webp=01;35:*.ogm=01;35:*.mp4=01;35:*.m4v=01;35:*.mp4v=01;35:*.vob=01;35:*.qt=01;35:*.nuv=01;35:*.wmv=01;35:*.asf=01;35:*.rm=01;35:*.rmvb=01;35:*.flc=01;35:*.avi=01;35:*.fli=01;35:*.flv=01;35:*.gl=01;35:*.dl=01;35:*.xcf=01;35:*.xwd=01;35:*.yuv=01;35:*.cgm=01;35:*.emf=01;35:*.ogv=01;35:*.ogx=01;35:*.aac=00;36:*.au=00;36:*.flac=00;36:*.m4a=00;36:*.mid=00;36:*.midi=00;36:*.mka=00;36:*.mp3=00;36:*.mpc=00;36:*.ogg=00;36:*.ra=00;36:*.wav=00;36:*.oga=00;36:*.opus=00;36:*.spx=00;36:*.xspf=00;36:'), ('VSCODE_GIT_IPC_HANDLE', '/run/user/1000/vscode-git-51c3191532.sock'), ('TERM_PROGRAM', 'vscode'), ('SSH_AGENT_LAUNCHER', 'gnome-keyring'), ('SSH_AUTH_SOCK', '/run/user/1000/keyring/ssh'), ('AMENT_PREFIX_PATH', '/opt/ros/humble'), ('ORIGINAL_XDG_CURRENT_DESKTOP', 'ubuntu:GNOME'), ('SHELL', '/bin/bash'), ('QT_ACCESSIBILITY', '1'), ('GDMSESSION', 'ubuntu'), ('LESSCLOSE', '/usr/bin/lesspipe %s %s'), ('GJS_DEBUG_OUTPUT', 'stderr'), ('VSCODE_GIT_ASKPASS_EXTRA_ARGS', ''), ('QT_IM_MODULE', 'ibus'), ('PWD', '/home/amandarln/ros_ws/build/ros_driver_base'), ('LC_ALL', 'en_US.UTF-8'), ('XDG_CONFIG_DIRS', '/etc/xdg/xdg-ubuntu:/etc/xdg'), ('XDG_DATA_DIRS', '/usr/share/ubuntu:/usr/local/share/:/usr/share/:/var/lib/snapd/desktop'), ('PYTHONPATH', '/opt/ros/humble/lib/python3.10/site-packages:/opt/ros/humble/local/lib/python3.10/dist-packages'), ('COLCON', '1'), ('CMAKE_PREFIX_PATH', '/opt/ros/humble')]), 'shell': False}
[0.574339] (ros_driver_base) StdoutLine: {'line': b'-- Install configuration: ""\n'}
[0.574643] (ros_driver_base) StdoutLine: {'line': b'-- Up-to-date: /home/amandarln/ros_ws/install/ros_driver_base/share/ros_driver_base/environment/library_path.sh\n'}
[0.574734] (ros_driver_base) StdoutLine: {'line': b'-- Installing: /home/amandarln/ros_ws/install/ros_driver_base/share/ros_driver_base/environment/library_path.dsv\n'}
[0.574902] (ros_driver_base) StdoutLine: {'line': b'-- Up-to-date: /home/amandarln/ros_ws/install/ros_driver_base/share/ament_index/resource_index/package_run_dependencies/ros_driver_base\n'}
[0.575015] (ros_driver_base) StdoutLine: {'line': b'-- Installing: /home/amandarln/ros_ws/install/ros_driver_base/share/ament_index/resource_index/parent_prefix_path/ros_driver_base\n'}
[0.575162] (ros_driver_base) StdoutLine: {'line': b'-- Up-to-date: /home/amandarln/ros_ws/install/ros_driver_base/share/ros_driver_base/environment/ament_prefix_path.sh\n'}
[0.575371] (ros_driver_base) StdoutLine: {'line': b'-- Installing: /home/amandarln/ros_ws/install/ros_driver_base/share/ros_driver_base/environment/ament_prefix_path.dsv\n'}
[0.575514] (ros_driver_base) StdoutLine: {'line': b'-- Up-to-date: /home/amandarln/ros_ws/install/ros_driver_base/share/ros_driver_base/environment/path.sh\n'}
[0.575697] (ros_driver_base) StdoutLine: {'line': b'-- Installing: /home/amandarln/ros_ws/install/ros_driver_base/share/ros_driver_base/environment/path.dsv\n'}
[0.575793] (ros_driver_base) StdoutLine: {'line': b'-- Up-to-date: /home/amandarln/ros_ws/install/ros_driver_base/share/ros_driver_base/local_setup.bash\n'}
[0.575886] (ros_driver_base) StdoutLine: {'line': b'-- Up-to-date: /home/amandarln/ros_ws/install/ros_driver_base/share/ros_driver_base/local_setup.sh\n'}
[0.576025] (ros_driver_base) StdoutLine: {'line': b'-- Up-to-date: /home/amandarln/ros_ws/install/ros_driver_base/share/ros_driver_base/local_setup.zsh\n'}
[0.576108] (ros_driver_base) StdoutLine: {'line': b'-- Installing: /home/amandarln/ros_ws/install/ros_driver_base/share/ros_driver_base/local_setup.dsv\n'}
[0.576191] (ros_driver_base) StdoutLine: {'line': b'-- Installing: /home/amandarln/ros_ws/install/ros_driver_base/share/ros_driver_base/package.dsv\n'}
[0.576352] (ros_driver_base) StdoutLine: {'line': b'-- Up-to-date: /home/amandarln/ros_ws/install/ros_driver_base/share/ament_index/resource_index/packages/ros_driver_base\n'}
[0.576443] (ros_driver_base) StdoutLine: {'line': b'-- Up-to-date: /home/amandarln/ros_ws/install/ros_driver_base/share/ros_driver_base/cmake/ament_cmake_export_include_directories-extras.cmake\n'}
[0.576528] (ros_driver_base) StdoutLine: {'line': b'-- Up-to-date: /home/amandarln/ros_ws/install/ros_driver_base/share/ros_driver_base/cmake/ament_cmake_export_libraries-extras.cmake\n'}
[0.576610] (ros_driver_base) StdoutLine: {'line': b'-- Up-to-date: /home/amandarln/ros_ws/install/ros_driver_base/share/ros_driver_base/cmake/ros_driver_baseConfig.cmake\n'}
[0.576793] (ros_driver_base) StdoutLine: {'line': b'-- Up-to-date: /home/amandarln/ros_ws/install/ros_driver_base/share/ros_driver_base/cmake/ros_driver_baseConfig-version.cmake\n'}
[0.576880] (ros_driver_base) StdoutLine: {'line': b'-- Up-to-date: /home/amandarln/ros_ws/install/ros_driver_base/share/ros_driver_base/package.xml\n'}
[0.577025] (ros_driver_base) StdoutLine: {'line': b'-- Up-to-date: /home/amandarln/ros_ws/install/ros_driver_base/include\n'}
[0.577126] (ros_driver_base) StdoutLine: {'line': b'-- Up-to-date: /home/amandarln/ros_ws/install/ros_driver_base/include/ros_driver_base\n'}
[0.577202] (ros_driver_base) StdoutLine: {'line': b'-- Up-to-date: /home/amandarln/ros_ws/install/ros_driver_base/include/ros_driver_base/mock_context_exception.hpp\n'}
[0.577307] (ros_driver_base) StdoutLine: {'line': b'-- Up-to-date: /home/amandarln/ros_ws/install/ros_driver_base/include/ros_driver_base/status.hpp\n'}
[0.577389] (ros_driver_base) StdoutLine: {'line': b'-- Up-to-date: /home/amandarln/ros_ws/install/ros_driver_base/include/ros_driver_base/bus_handler.hpp\n'}
[0.577463] (ros_driver_base) StdoutLine: {'line': b'-- Up-to-date: /home/amandarln/ros_ws/install/ros_driver_base/include/ros_driver_base/io_stream.hpp\n'}
[0.577537] (ros_driver_base) StdoutLine: {'line': b'-- Up-to-date: /home/amandarln/ros_ws/install/ros_driver_base/include/ros_driver_base/fd_stream.hpp\n'}
[0.577610] (ros_driver_base) StdoutLine: {'line': b'-- Up-to-date: /home/amandarln/ros_ws/install/ros_driver_base/include/ros_driver_base/test_ends_with_expectations_left_exception.hpp\n'}
[0.577690] (ros_driver_base) StdoutLine: {'line': b'-- Up-to-date: /home/amandarln/ros_ws/install/ros_driver_base/include/ros_driver_base/timeout.hpp\n'}
[0.577758] (ros_driver_base) StdoutLine: {'line': b'-- Up-to-date: /home/amandarln/ros_ws/install/ros_driver_base/include/ros_driver_base/test_stream.hpp\n'}
[0.577828] (ros_driver_base) StdoutLine: {'line': b'-- Up-to-date: /home/amandarln/ros_ws/install/ros_driver_base/include/ros_driver_base/file_guard.hpp\n'}
[0.577900] (ros_driver_base) StdoutLine: {'line': b'-- Up-to-date: /home/amandarln/ros_ws/install/ros_driver_base/include/ros_driver_base/tcp_driver.hpp\n'}
[0.577970] (ros_driver_base) StdoutLine: {'line': b'-- Up-to-date: /home/amandarln/ros_ws/install/ros_driver_base/include/ros_driver_base/driver.hpp\n'}
[0.578039] (ros_driver_base) StdoutLine: {'line': b'-- Up-to-date: /home/amandarln/ros_ws/install/ros_driver_base/include/ros_driver_base/bus.hpp\n'}
[0.578109] (ros_driver_base) StdoutLine: {'line': b'-- Up-to-date: /home/amandarln/ros_ws/install/ros_driver_base/include/ros_driver_base/parser.hpp\n'}
[0.578199] (ros_driver_base) StdoutLine: {'line': b'-- Up-to-date: /home/amandarln/ros_ws/install/ros_driver_base/include/ros_driver_base/io_listener.hpp\n'}
[0.578268] (ros_driver_base) StdoutLine: {'line': b'-- Up-to-date: /home/amandarln/ros_ws/install/ros_driver_base/include/ros_driver_base/runtime_exceptions.hpp\n'}
[0.578333] (ros_driver_base) StdoutLine: {'line': b'-- Up-to-date: /home/amandarln/ros_ws/install/ros_driver_base/include/ros_driver_base/udp_server_stream.hpp\n'}
[0.578400] (ros_driver_base) StdoutLine: {'line': b'-- Up-to-date: /home/amandarln/ros_ws/install/ros_driver_base/lib/libros_driver_base.so\n'}
[0.578466] (ros_driver_base) StdoutLine: {'line': b'-- Up-to-date: /home/amandarln/ros_ws/install/ros_driver_base/lib/ros_driver_base/test_driver\n'}
[0.579958] (ros_driver_base) CommandEnded: {'returncode': 0}
[0.600299] (-) TimerEvent: {}
[0.699190] (ros_driver_base) JobEnded: {'identifier': 'ros_driver_base', 'rc': 0}
[0.700384] (-) TimerEvent: {}
[0.700494] (flatfish_ros_efuse_serial) JobStarted: {'identifier': 'flatfish_ros_efuse_serial'}
[0.709391] (flatfish_ros_efuse_serial) JobProgress: {'identifier': 'flatfish_ros_efuse_serial', 'progress': 'cmake'}
[0.711369] (flatfish_ros_efuse_serial) Command: {'cmd': ['/usr/bin/cmake', '/home/amandarln/ros_ws/src/flatfish_ros_efuse_serial', '-DCMAKE_INSTALL_PREFIX=/home/amandarln/ros_ws/install/flatfish_ros_efuse_serial'], 'cwd': '/home/amandarln/ros_ws/build/flatfish_ros_efuse_serial', 'env': OrderedDict([('GJS_DEBUG_TOPICS', 'JS ERROR;JS LOG'), ('LESSOPEN', '| /usr/bin/lesspipe %s'), ('USER', 'amandarln'), ('XDG_SESSION_TYPE', 'wayland'), ('GIT_ASKPASS', '/usr/share/code/resources/app/extensions/git/dist/askpass.sh'), ('SHLVL', '1'), ('LD_LIBRARY_PATH', '/home/amandarln/ros_ws/install/ros_driver_base/lib:/usr/lib/x86_64-linux-gnu/gazebo-11/plugins:/opt/ros/humble/opt/rviz_ogre_vendor/lib:/opt/ros/humble/lib/x86_64-linux-gnu:/opt/ros/humble/lib'), ('HOME', '/home/amandarln'), ('CHROME_DESKTOP', 'code-url-handler.desktop'), ('TERM_PROGRAM_VERSION', '1.90.0'), ('DESKTOP_SESSION', 'ubuntu'), ('GIO_LAUNCHED_DESKTOP_FILE', '/usr/share/applications/code.desktop'), ('ROS_PYTHON_VERSION', '3'), ('GNOME_SHELL_SESSION_MODE', 'ubuntu'), ('GTK_MODULES', 'gail:atk-bridge'), ('VSCODE_GIT_ASKPASS_MAIN', '/usr/share/code/resources/app/extensions/git/dist/askpass-main.js'), ('VSCODE_GIT_ASKPASS_NODE', '/usr/share/code/code'), ('MANAGERPID', '1421'), ('SYSTEMD_EXEC_PID', '1570'), ('IM_CONFIG_CHECK_ENV', '1'), ('DBUS_SESSION_BUS_ADDRESS', 'unix:path=/run/user/1000/bus'), ('COLORTERM', 'truecolor'), ('GIO_LAUNCHED_DESKTOP_FILE_PID', '3871'), ('IM_CONFIG_PHASE', '1'), ('WAYLAND_DISPLAY', 'wayland-0'), ('ROS_DISTRO', 'humble'), ('LOGNAME', 'amandarln'), ('JOURNAL_STREAM', '8:38104'), ('_', '/usr/bin/colcon'), ('ROS_VERSION', '2'), ('XDG_SESSION_CLASS', 'user'), ('USERNAME', 'amandarln'), ('TERM', 'xterm-256color'), ('GNOME_DESKTOP_SESSION_ID', 'this-is-deprecated'), ('ROS_LOCALHOST_ONLY', '0'), ('PATH', '/home/amandarln/.local/bin:/opt/ros/humble/bin:/home/amandarln/.local/bin:/usr/local/sbin:/usr/local/bin:/usr/sbin:/usr/bin:/sbin:/bin:/usr/games:/usr/local/games:/snap/bin:/snap/bin:/home/amandarln/.local/bin:/home/amandarln/.local/bin'), ('SESSION_MANAGER', 'local/amandarln-Nitro-AN515-57:@/tmp/.ICE-unix/1545,unix/amandarln-Nitro-AN515-57:/tmp/.ICE-unix/1545'), ('INVOCATION_ID', '1264c1c0a30a4c24b513457d3ca4061f'), ('XDG_MENU_PREFIX', 'gnome-'), ('GNOME_SETUP_DISPLAY', ':1'), ('XDG_RUNTIME_DIR', '/run/user/1000'), ('GDK_BACKEND', 'x11'), ('DISPLAY', ':0'), ('LANG', 'en_US.UTF-8'), ('XDG_CURRENT_DESKTOP', 'Unity'), ('XMODIFIERS', '@im=ibus'), ('XDG_SESSION_DESKTOP', 'ubuntu'), ('XAUTHORITY', '/run/user/1000/.mutter-Xwaylandauth.R5SGR2'), ('LS_COLORS', 'rs=0:di=01;34:ln=01;36:mh=00:pi=40;33:so=01;35:do=01;35:bd=40;33;01:cd=40;33;01:or=40;31;01:mi=00:su=37;41:sg=30;43:ca=30;41:tw=30;42:ow=34;42:st=37;44:ex=01;32:*.tar=01;31:*.tgz=01;31:*.arc=01;31:*.arj=01;31:*.taz=01;31:*.lha=01;31:*.lz4=01;31:*.lzh=01;31:*.lzma=01;31:*.tlz=01;31:*.txz=01;31:*.tzo=01;31:*.t7z=01;31:*.zip=01;31:*.z=01;31:*.dz=01;31:*.gz=01;31:*.lrz=01;31:*.lz=01;31:*.lzo=01;31:*.xz=01;31:*.zst=01;31:*.tzst=01;31:*.bz2=01;31:*.bz=01;31:*.tbz=01;31:*.tbz2=01;31:*.tz=01;31:*.deb=01;31:*.rpm=01;31:*.jar=01;31:*.war=01;31:*.ear=01;31:*.sar=01;31:*.rar=01;31:*.alz=01;31:*.ace=01;31:*.zoo=01;31:*.cpio=01;31:*.7z=01;31:*.rz=01;31:*.cab=01;31:*.wim=01;31:*.swm=01;31:*.dwm=01;31:*.esd=01;31:*.jpg=01;35:*.jpeg=01;35:*.mjpg=01;35:*.mjpeg=01;35:*.gif=01;35:*.bmp=01;35:*.pbm=01;35:*.pgm=01;35:*.ppm=01;35:*.tga=01;35:*.xbm=01;35:*.xpm=01;35:*.tif=01;35:*.tiff=01;35:*.png=01;35:*.svg=01;35:*.svgz=01;35:*.mng=01;35:*.pcx=01;35:*.mov=01;35:*.mpg=01;35:*.mpeg=01;35:*.m2v=01;35:*.mkv=01;35:*.webm=01;35:*.webp=01;35:*.ogm=01;35:*.mp4=01;35:*.m4v=01;35:*.mp4v=01;35:*.vob=01;35:*.qt=01;35:*.nuv=01;35:*.wmv=01;35:*.asf=01;35:*.rm=01;35:*.rmvb=01;35:*.flc=01;35:*.avi=01;35:*.fli=01;35:*.flv=01;35:*.gl=01;35:*.dl=01;35:*.xcf=01;35:*.xwd=01;35:*.yuv=01;35:*.cgm=01;35:*.emf=01;35:*.ogv=01;35:*.ogx=01;35:*.aac=00;36:*.au=00;36:*.flac=00;36:*.m4a=00;36:*.mid=00;36:*.midi=00;36:*.mka=00;36:*.mp3=00;36:*.mpc=00;36:*.ogg=00;36:*.ra=00;36:*.wav=00;36:*.oga=00;36:*.opus=00;36:*.spx=00;36:*.xspf=00;36:'), ('VSCODE_GIT_IPC_HANDLE', '/run/user/1000/vscode-git-51c3191532.sock'), ('TERM_PROGRAM', 'vscode'), ('SSH_AGENT_LAUNCHER', 'gnome-keyring'), ('SSH_AUTH_SOCK', '/run/user/1000/keyring/ssh'), ('AMENT_PREFIX_PATH', '/home/amandarln/ros_ws/install/ros_driver_base:/opt/ros/humble'), ('ORIGINAL_XDG_CURRENT_DESKTOP', 'ubuntu:GNOME'), ('SHELL', '/bin/bash'), ('QT_ACCESSIBILITY', '1'), ('GDMSESSION', 'ubuntu'), ('LESSCLOSE', '/usr/bin/lesspipe %s %s'), ('GJS_DEBUG_OUTPUT', 'stderr'), ('VSCODE_GIT_ASKPASS_EXTRA_ARGS', ''), ('QT_IM_MODULE', 'ibus'), ('PWD', '/home/amandarln/ros_ws/build/flatfish_ros_efuse_serial'), ('LC_ALL', 'en_US.UTF-8'), ('XDG_CONFIG_DIRS', '/etc/xdg/xdg-ubuntu:/etc/xdg'), ('XDG_DATA_DIRS', '/usr/share/ubuntu:/usr/local/share/:/usr/share/:/var/lib/snapd/desktop'), ('PYTHONPATH', '/opt/ros/humble/lib/python3.10/site-packages:/opt/ros/humble/local/lib/python3.10/dist-packages'), ('COLCON', '1'), ('CMAKE_PREFIX_PATH', '/home/amandarln/ros_ws/install/ros_driver_base:/opt/ros/humble')]), 'shell': False}
[0.727955] (flatfish_ros_efuse_serial) StdoutLine: {'line': b'-- Found ament_cmake: 1.3.9 (/opt/ros/humble/share/ament_cmake/cmake)\n'}
[0.800615] (-) TimerEvent: {}
[0.884036] (flatfish_ros_efuse_serial) StdoutLine: {'line': b'-- Found rclcpp: 16.0.9 (/opt/ros/humble/share/rclcpp/cmake)\n'}
[0.900732] (-) TimerEvent: {}
[0.928433] (flatfish_ros_efuse_serial) StdoutLine: {'line': b'-- Found rosidl_generator_c: 3.1.5 (/opt/ros/humble/share/rosidl_generator_c/cmake)\n'}
[0.932006] (flatfish_ros_efuse_serial) StdoutLine: {'line': b'-- Found rosidl_adapter: 3.1.5 (/opt/ros/humble/share/rosidl_adapter/cmake)\n'}
[0.940649] (flatfish_ros_efuse_serial) StdoutLine: {'line': b'-- Found rosidl_generator_cpp: 3.1.5 (/opt/ros/humble/share/rosidl_generator_cpp/cmake)\n'}
[0.956518] (flatfish_ros_efuse_serial) StdoutLine: {'line': b'-- Using all available rosidl_typesupport_c: rosidl_typesupport_fastrtps_c;rosidl_typesupport_introspection_c\n'}
[0.979183] (flatfish_ros_efuse_serial) StdoutLine: {'line': b'-- Using all available rosidl_typesupport_cpp: rosidl_typesupport_fastrtps_cpp;rosidl_typesupport_introspection_cpp\n'}
[1.000969] (-) TimerEvent: {}
[1.054069] (flatfish_ros_efuse_serial) StdoutLine: {'line': b'-- Found rmw_implementation_cmake: 6.1.2 (/opt/ros/humble/share/rmw_implementation_cmake/cmake)\n'}
[1.057453] (flatfish_ros_efuse_serial) StdoutLine: {'line': b'-- Found rmw_fastrtps_cpp: 6.2.6 (/opt/ros/humble/share/rmw_fastrtps_cpp/cmake)\n'}
[1.101076] (-) TimerEvent: {}
[1.192078] (flatfish_ros_efuse_serial) StdoutLine: {'line': b"-- Using RMW implementation 'rmw_fastrtps_cpp' as default\n"}
[1.201162] (-) TimerEvent: {}
[1.301529] (-) TimerEvent: {}
[1.343378] (flatfish_ros_efuse_serial) StdoutLine: {'line': b'-- Found ros_driver_base: 0.0.1 (/home/amandarln/ros_ws/install/ros_driver_base/share/ros_driver_base/cmake)\n'}
[1.345169] (flatfish_ros_efuse_serial) StdoutLine: {'line': b'-- Found rosidl_default_generators: 1.2.0 (/opt/ros/humble/share/rosidl_default_generators/cmake)\n'}
[1.401771] (-) TimerEvent: {}
[1.502221] (-) TimerEvent: {}
[1.602629] (-) TimerEvent: {}
[1.670450] (flatfish_ros_efuse_serial) StdoutLine: {'line': b'-- Found ament_cmake_ros: 0.10.0 (/opt/ros/humble/share/ament_cmake_ros/cmake)\n'}
[1.702734] (-) TimerEvent: {}
[1.803076] (-) TimerEvent: {}
[1.903428] (-) TimerEvent: {}
[2.003866] (-) TimerEvent: {}
[2.044775] (flatfish_ros_efuse_serial) StdoutLine: {'line': b'-- Using all available rosidl_typesupport_c: rosidl_typesupport_fastrtps_c;rosidl_typesupport_introspection_c\n'}
[2.104066] (-) TimerEvent: {}
[2.203599] (flatfish_ros_efuse_serial) StdoutLine: {'line': b'-- Using all available rosidl_typesupport_cpp: rosidl_typesupport_fastrtps_cpp;rosidl_typesupport_introspection_cpp\n'}
[2.204127] (-) TimerEvent: {}
[2.236032] (flatfish_ros_efuse_serial) StdoutLine: {'line': b'-- Found python_cmake_module: 0.10.0 (/opt/ros/humble/share/python_cmake_module/cmake)\n'}
[2.265612] (flatfish_ros_efuse_serial) StdoutLine: {'line': b'-- Using PYTHON_EXECUTABLE: /usr/bin/python3\n'}
[2.265869] (flatfish_ros_efuse_serial) StdoutLine: {'line': b'-- Using PYTHON_INCLUDE_DIRS: /usr/include/python3.10\n'}
[2.265987] (flatfish_ros_efuse_serial) StdoutLine: {'line': b'-- Using PYTHON_LIBRARIES: /usr/lib/x86_64-linux-gnu/libpython3.10.so\n'}
[2.286019] (flatfish_ros_efuse_serial) StdoutLine: {'line': b'-- Found ament_lint_auto: 0.12.11 (/opt/ros/humble/share/ament_lint_auto/cmake)\n'}
[2.301066] (flatfish_ros_efuse_serial) StdoutLine: {'line': b"-- Added test 'cppcheck' to perform static code analysis on C / C++ code\n"}
[2.301802] (flatfish_ros_efuse_serial) StdoutLine: {'line': b'-- Configured cppcheck include dirs: $<BUILD_INTERFACE:/home/amandarln/ros_ws/src/flatfish_ros_efuse_serial/include>\n'}
[2.301920] (flatfish_ros_efuse_serial) StdoutLine: {'line': b'-- Configured cppcheck exclude dirs and/or files: \n'}
[2.302735] (flatfish_ros_efuse_serial) StdoutLine: {'line': b"-- Added test 'lint_cmake' to check CMake code style\n"}
[2.304214] (-) TimerEvent: {}
[2.304452] (flatfish_ros_efuse_serial) StdoutLine: {'line': b"-- Added test 'uncrustify' to check C / C++ code style\n"}
[2.304636] (flatfish_ros_efuse_serial) StdoutLine: {'line': b'-- Configured uncrustify additional arguments: \n'}
[2.304808] (flatfish_ros_efuse_serial) StdoutLine: {'line': b"-- Added test 'xmllint' to check XML markup files\n"}
[2.306829] (flatfish_ros_efuse_serial) StdoutLine: {'line': b'-- Configuring done\n'}
[2.397175] (flatfish_ros_efuse_serial) StdoutLine: {'line': b'-- Generating done\n'}
[2.400751] (flatfish_ros_efuse_serial) StdoutLine: {'line': b'-- Build files have been written to: /home/amandarln/ros_ws/build/flatfish_ros_efuse_serial\n'}
[2.404306] (-) TimerEvent: {}
[2.409973] (flatfish_ros_efuse_serial) CommandEnded: {'returncode': 0}
[2.411180] (flatfish_ros_efuse_serial) JobProgress: {'identifier': 'flatfish_ros_efuse_serial', 'progress': 'build'}
[2.411816] (flatfish_ros_efuse_serial) Command: {'cmd': ['/usr/bin/cmake', '--build', '/home/amandarln/ros_ws/build/flatfish_ros_efuse_serial', '--', '-j16', '-l16'], 'cwd': '/home/amandarln/ros_ws/build/flatfish_ros_efuse_serial', 'env': OrderedDict([('GJS_DEBUG_TOPICS', 'JS ERROR;JS LOG'), ('LESSOPEN', '| /usr/bin/lesspipe %s'), ('USER', 'amandarln'), ('XDG_SESSION_TYPE', 'wayland'), ('GIT_ASKPASS', '/usr/share/code/resources/app/extensions/git/dist/askpass.sh'), ('SHLVL', '1'), ('LD_LIBRARY_PATH', '/home/amandarln/ros_ws/install/ros_driver_base/lib:/usr/lib/x86_64-linux-gnu/gazebo-11/plugins:/opt/ros/humble/opt/rviz_ogre_vendor/lib:/opt/ros/humble/lib/x86_64-linux-gnu:/opt/ros/humble/lib'), ('HOME', '/home/amandarln'), ('CHROME_DESKTOP', 'code-url-handler.desktop'), ('TERM_PROGRAM_VERSION', '1.90.0'), ('DESKTOP_SESSION', 'ubuntu'), ('GIO_LAUNCHED_DESKTOP_FILE', '/usr/share/applications/code.desktop'), ('ROS_PYTHON_VERSION', '3'), ('GNOME_SHELL_SESSION_MODE', 'ubuntu'), ('GTK_MODULES', 'gail:atk-bridge'), ('VSCODE_GIT_ASKPASS_MAIN', '/usr/share/code/resources/app/extensions/git/dist/askpass-main.js'), ('VSCODE_GIT_ASKPASS_NODE', '/usr/share/code/code'), ('MANAGERPID', '1421'), ('SYSTEMD_EXEC_PID', '1570'), ('IM_CONFIG_CHECK_ENV', '1'), ('DBUS_SESSION_BUS_ADDRESS', 'unix:path=/run/user/1000/bus'), ('COLORTERM', 'truecolor'), ('GIO_LAUNCHED_DESKTOP_FILE_PID', '3871'), ('IM_CONFIG_PHASE', '1'), ('WAYLAND_DISPLAY', 'wayland-0'), ('ROS_DISTRO', 'humble'), ('LOGNAME', 'amandarln'), ('JOURNAL_STREAM', '8:38104'), ('_', '/usr/bin/colcon'), ('ROS_VERSION', '2'), ('XDG_SESSION_CLASS', 'user'), ('USERNAME', 'amandarln'), ('TERM', 'xterm-256color'), ('GNOME_DESKTOP_SESSION_ID', 'this-is-deprecated'), ('ROS_LOCALHOST_ONLY', '0'), ('PATH', '/home/amandarln/.local/bin:/opt/ros/humble/bin:/home/amandarln/.local/bin:/usr/local/sbin:/usr/local/bin:/usr/sbin:/usr/bin:/sbin:/bin:/usr/games:/usr/local/games:/snap/bin:/snap/bin:/home/amandarln/.local/bin:/home/amandarln/.local/bin'), ('SESSION_MANAGER', 'local/amandarln-Nitro-AN515-57:@/tmp/.ICE-unix/1545,unix/amandarln-Nitro-AN515-57:/tmp/.ICE-unix/1545'), ('INVOCATION_ID', '1264c1c0a30a4c24b513457d3ca4061f'), ('XDG_MENU_PREFIX', 'gnome-'), ('GNOME_SETUP_DISPLAY', ':1'), ('XDG_RUNTIME_DIR', '/run/user/1000'), ('GDK_BACKEND', 'x11'), ('DISPLAY', ':0'), ('LANG', 'en_US.UTF-8'), ('XDG_CURRENT_DESKTOP', 'Unity'), ('XMODIFIERS', '@im=ibus'), ('XDG_SESSION_DESKTOP', 'ubuntu'), ('XAUTHORITY', '/run/user/1000/.mutter-Xwaylandauth.R5SGR2'), ('LS_COLORS', 'rs=0:di=01;34:ln=01;36:mh=00:pi=40;33:so=01;35:do=01;35:bd=40;33;01:cd=40;33;01:or=40;31;01:mi=00:su=37;41:sg=30;43:ca=30;41:tw=30;42:ow=34;42:st=37;44:ex=01;32:*.tar=01;31:*.tgz=01;31:*.arc=01;31:*.arj=01;31:*.taz=01;31:*.lha=01;31:*.lz4=01;31:*.lzh=01;31:*.lzma=01;31:*.tlz=01;31:*.txz=01;31:*.tzo=01;31:*.t7z=01;31:*.zip=01;31:*.z=01;31:*.dz=01;31:*.gz=01;31:*.lrz=01;31:*.lz=01;31:*.lzo=01;31:*.xz=01;31:*.zst=01;31:*.tzst=01;31:*.bz2=01;31:*.bz=01;31:*.tbz=01;31:*.tbz2=01;31:*.tz=01;31:*.deb=01;31:*.rpm=01;31:*.jar=01;31:*.war=01;31:*.ear=01;31:*.sar=01;31:*.rar=01;31:*.alz=01;31:*.ace=01;31:*.zoo=01;31:*.cpio=01;31:*.7z=01;31:*.rz=01;31:*.cab=01;31:*.wim=01;31:*.swm=01;31:*.dwm=01;31:*.esd=01;31:*.jpg=01;35:*.jpeg=01;35:*.mjpg=01;35:*.mjpeg=01;35:*.gif=01;35:*.bmp=01;35:*.pbm=01;35:*.pgm=01;35:*.ppm=01;35:*.tga=01;35:*.xbm=01;35:*.xpm=01;35:*.tif=01;35:*.tiff=01;35:*.png=01;35:*.svg=01;35:*.svgz=01;35:*.mng=01;35:*.pcx=01;35:*.mov=01;35:*.mpg=01;35:*.mpeg=01;35:*.m2v=01;35:*.mkv=01;35:*.webm=01;35:*.webp=01;35:*.ogm=01;35:*.mp4=01;35:*.m4v=01;35:*.mp4v=01;35:*.vob=01;35:*.qt=01;35:*.nuv=01;35:*.wmv=01;35:*.asf=01;35:*.rm=01;35:*.rmvb=01;35:*.flc=01;35:*.avi=01;35:*.fli=01;35:*.flv=01;35:*.gl=01;35:*.dl=01;35:*.xcf=01;35:*.xwd=01;35:*.yuv=01;35:*.cgm=01;35:*.emf=01;35:*.ogv=01;35:*.ogx=01;35:*.aac=00;36:*.au=00;36:*.flac=00;36:*.m4a=00;36:*.mid=00;36:*.midi=00;36:*.mka=00;36:*.mp3=00;36:*.mpc=00;36:*.ogg=00;36:*.ra=00;36:*.wav=00;36:*.oga=00;36:*.opus=00;36:*.spx=00;36:*.xspf=00;36:'), ('VSCODE_GIT_IPC_HANDLE', '/run/user/1000/vscode-git-51c3191532.sock'), ('TERM_PROGRAM', 'vscode'), ('SSH_AGENT_LAUNCHER', 'gnome-keyring'), ('SSH_AUTH_SOCK', '/run/user/1000/keyring/ssh'), ('AMENT_PREFIX_PATH', '/home/amandarln/ros_ws/install/ros_driver_base:/opt/ros/humble'), ('ORIGINAL_XDG_CURRENT_DESKTOP', 'ubuntu:GNOME'), ('SHELL', '/bin/bash'), ('QT_ACCESSIBILITY', '1'), ('GDMSESSION', 'ubuntu'), ('LESSCLOSE', '/usr/bin/lesspipe %s %s'), ('GJS_DEBUG_OUTPUT', 'stderr'), ('VSCODE_GIT_ASKPASS_EXTRA_ARGS', ''), ('QT_IM_MODULE', 'ibus'), ('PWD', '/home/amandarln/ros_ws/build/flatfish_ros_efuse_serial'), ('LC_ALL', 'en_US.UTF-8'), ('XDG_CONFIG_DIRS', '/etc/xdg/xdg-ubuntu:/etc/xdg'), ('XDG_DATA_DIRS', '/usr/share/ubuntu:/usr/local/share/:/usr/share/:/var/lib/snapd/desktop'), ('PYTHONPATH', '/opt/ros/humble/lib/python3.10/site-packages:/opt/ros/humble/local/lib/python3.10/dist-packages'), ('COLCON', '1'), ('CMAKE_PREFIX_PATH', '/home/amandarln/ros_ws/install/ros_driver_base:/opt/ros/humble')]), 'shell': False}
[2.465715] (flatfish_ros_efuse_serial) StdoutLine: {'line': b'\x1b[35m\x1b[1mConsolidate compiler generated dependencies of target flatfish_ros_efuse_serial__rosidl_generator_c\x1b[0m\n'}
[2.474992] (flatfish_ros_efuse_serial) StdoutLine: {'line': b'[  0%] \x1b[32mBuilding CXX object CMakeFiles/EFuseDriver.dir/src/EFuseDriver.cpp.o\x1b[0m\n'}
[2.475259] (flatfish_ros_efuse_serial) StdoutLine: {'line': b'[  0%] Built target flatfish_ros_efuse_serial__cpp\n'}
[2.475593] (flatfish_ros_efuse_serial) StdoutLine: {'line': b'[  1%] \x1b[32mBuilding CXX object CMakeFiles/EFuseNode.dir/src/EFuseNode.cpp.o\x1b[0m\n'}
[2.483957] (flatfish_ros_efuse_serial) StdoutLine: {'line': b'[ 12%] Built target flatfish_ros_efuse_serial__rosidl_generator_c\n'}
[2.488186] (flatfish_ros_efuse_serial) StdoutLine: {'line': b'[ 12%] Built target ament_cmake_python_copy_flatfish_ros_efuse_serial\n'}
[2.493108] (flatfish_ros_efuse_serial) StdoutLine: {'line': b'\x1b[35m\x1b[1mConsolidate compiler generated dependencies of target flatfish_ros_efuse_serial__rosidl_typesupport_cpp\x1b[0m\n'}
[2.493979] (flatfish_ros_efuse_serial) StdoutLine: {'line': b'\x1b[35m\x1b[1mConsolidate compiler generated dependencies of target flatfish_ros_efuse_serial__rosidl_typesupport_introspection_cpp\x1b[0m\n'}
[2.494927] (flatfish_ros_efuse_serial) StdoutLine: {'line': b'\x1b[35m\x1b[1mConsolidate compiler generated dependencies of target flatfish_ros_efuse_serial__rosidl_typesupport_fastrtps_cpp\x1b[0m\n'}
[2.500206] (flatfish_ros_efuse_serial) StdoutLine: {'line': b'\x1b[35m\x1b[1mConsolidate compiler generated dependencies of target flatfish_ros_efuse_serial__rosidl_typesupport_c\x1b[0m\n'}
[2.504423] (-) TimerEvent: {}
[2.504680] (flatfish_ros_efuse_serial) StdoutLine: {'line': b'\x1b[35m\x1b[1mConsolidate compiler generated dependencies of target flatfish_ros_efuse_serial__rosidl_typesupport_introspection_c\x1b[0m\n'}
[2.508367] (flatfish_ros_efuse_serial) StdoutLine: {'line': b'\x1b[35m\x1b[1mConsolidate compiler generated dependencies of target flatfish_ros_efuse_serial__rosidl_typesupport_fastrtps_c\x1b[0m\n'}
[2.521133] (flatfish_ros_efuse_serial) StdoutLine: {'line': b'[ 23%] Built target flatfish_ros_efuse_serial__rosidl_typesupport_c\n'}
[2.527310] (flatfish_ros_efuse_serial) StdoutLine: {'line': b'[ 35%] Built target flatfish_ros_efuse_serial__rosidl_typesupport_introspection_cpp\n'}
[2.527703] (flatfish_ros_efuse_serial) StdoutLine: {'line': b'[ 46%] Built target flatfish_ros_efuse_serial__rosidl_typesupport_cpp\n'}
[2.530422] (flatfish_ros_efuse_serial) StdoutLine: {'line': b'[ 57%] Built target flatfish_ros_efuse_serial__rosidl_typesupport_introspection_c\n'}
[2.534082] (flatfish_ros_efuse_serial) StdoutLine: {'line': b'[ 69%] Built target flatfish_ros_efuse_serial__rosidl_typesupport_fastrtps_cpp\n'}
[2.544654] (flatfish_ros_efuse_serial) StdoutLine: {'line': b'[ 80%] Built target flatfish_ros_efuse_serial__rosidl_typesupport_fastrtps_c\n'}
[2.568662] (flatfish_ros_efuse_serial) StdoutLine: {'line': b'[ 80%] Built target flatfish_ros_efuse_serial\n'}
[2.576481] (flatfish_ros_efuse_serial) StderrLine: {'line': b'In file included from \x1b[01m\x1b[K/home/amandarln/ros_ws/src/flatfish_ros_efuse_serial/src/EFuseDriver.cpp:11\x1b[m\x1b[K:\n'}
[2.576853] (flatfish_ros_efuse_serial) StderrLine: {'line': b'\x1b[01m\x1b[K/home/amandarln/ros_ws/src/flatfish_ros_efuse_serial/include/flatfish_ros_efuse_serial/EFuseDriver.hpp:18:10:\x1b[m\x1b[K \x1b[01;31m\x1b[Kfatal error: \x1b[m\x1b[Kros_driver_base/driver.hpp: No such file or directory\n'}
[2.577195] (flatfish_ros_efuse_serial) StderrLine: {'line': b'   18 | #include \x1b[01;31m\x1b[K"ros_driver_base/driver.hpp"\x1b[m\x1b[K\n'}
[2.577463] (flatfish_ros_efuse_serial) StderrLine: {'line': b'      |          \x1b[01;31m\x1b[K^~~~~~~~~~~~~~~~~~~~~~~~~~~~\x1b[m\x1b[K\n'}
[2.577626] (flatfish_ros_efuse_serial) StderrLine: {'line': b'compilation terminated.\n'}
[2.577914] (flatfish_ros_efuse_serial) StderrLine: {'line': b'gmake[2]: *** [CMakeFiles/EFuseDriver.dir/build.make:76: CMakeFiles/EFuseDriver.dir/src/EFuseDriver.cpp.o] Error 1\n'}
[2.578319] (flatfish_ros_efuse_serial) StderrLine: {'line': b'gmake[1]: *** [CMakeFiles/Makefile2:622: CMakeFiles/EFuseDriver.dir/all] Error 2\n'}
[2.578485] (flatfish_ros_efuse_serial) StderrLine: {'line': b'gmake[1]: *** Waiting for unfinished jobs....\n'}
[2.593581] (flatfish_ros_efuse_serial) StdoutLine: {'line': b'[ 81%] Built target flatfish_ros_efuse_serial__py\n'}
[2.604538] (-) TimerEvent: {}
[2.704847] (-) TimerEvent: {}
[2.805286] (-) TimerEvent: {}
[2.824022] (flatfish_ros_efuse_serial) StdoutLine: {'line': b'running egg_info\n'}
[2.824979] (flatfish_ros_efuse_serial) StdoutLine: {'line': b'writing flatfish_ros_efuse_serial.egg-info/PKG-INFO\n'}
[2.825235] (flatfish_ros_efuse_serial) StdoutLine: {'line': b'writing dependency_links to flatfish_ros_efuse_serial.egg-info/dependency_links.txt\n'}
[2.825410] (flatfish_ros_efuse_serial) StdoutLine: {'line': b'writing top-level names to flatfish_ros_efuse_serial.egg-info/top_level.txt\n'}
[2.828889] (flatfish_ros_efuse_serial) StdoutLine: {'line': b"reading manifest file 'flatfish_ros_efuse_serial.egg-info/SOURCES.txt'\n"}
[2.830000] (flatfish_ros_efuse_serial) StdoutLine: {'line': b"writing manifest file 'flatfish_ros_efuse_serial.egg-info/SOURCES.txt'\n"}
[2.857466] (flatfish_ros_efuse_serial) StderrLine: {'line': b'In file included from \x1b[01m\x1b[K/home/amandarln/ros_ws/src/flatfish_ros_efuse_serial/src/EFuseNode.cpp:9\x1b[m\x1b[K:\n'}
[2.857738] (flatfish_ros_efuse_serial) StderrLine: {'line': b'\x1b[01m\x1b[K/home/amandarln/ros_ws/src/flatfish_ros_efuse_serial/include/flatfish_ros_efuse_serial/EFuseNode.hpp:23:10:\x1b[m\x1b[K \x1b[01;31m\x1b[Kfatal error: \x1b[m\x1b[Kflatfish_ros_efuse_serial/msg/board.hpp: No such file or directory\n'}
[2.857820] (flatfish_ros_efuse_serial) StderrLine: {'line': b'   23 | #include \x1b[01;31m\x1b[K<flatfish_ros_efuse_serial/msg/board.hpp>\x1b[m\x1b[K\n'}
[2.857892] (flatfish_ros_efuse_serial) StderrLine: {'line': b'      |          \x1b[01;31m\x1b[K^~~~~~~~~~~~~~~~~~~~~~~~~~~~~~~~~~~~~~~~~\x1b[m\x1b[K\n'}
[2.857959] (flatfish_ros_efuse_serial) StderrLine: {'line': b'compilation terminated.\n'}
[2.861138] (flatfish_ros_efuse_serial) StderrLine: {'line': b'gmake[2]: *** [CMakeFiles/EFuseNode.dir/build.make:76: CMakeFiles/EFuseNode.dir/src/EFuseNode.cpp.o] Error 1\n'}
[2.861394] (flatfish_ros_efuse_serial) StderrLine: {'line': b'gmake[1]: *** [CMakeFiles/Makefile2:596: CMakeFiles/EFuseNode.dir/all] Error 2\n'}
[2.866179] (flatfish_ros_efuse_serial) StdoutLine: {'line': b'[ 81%] Built target ament_cmake_python_build_flatfish_ros_efuse_serial_egg\n'}
[2.867682] (flatfish_ros_efuse_serial) StderrLine: {'line': b'gmake: *** [Makefile:146: all] Error 2\n'}
[2.871122] (flatfish_ros_efuse_serial) CommandEnded: {'returncode': 2}
[2.905397] (-) TimerEvent: {}
[3.005833] (-) TimerEvent: {}
[3.106292] (-) TimerEvent: {}
[3.206821] (-) TimerEvent: {}
[3.270006] (flatfish_ros_efuse_serial) JobEnded: {'identifier': 'flatfish_ros_efuse_serial', 'rc': 2}
[3.280606] (-) EventReactorShutdown: {}
