[0.000000] (-) TimerEvent: {}
[0.000220] (ros_driver_base) JobQueued: {'identifier': 'ros_driver_base', 'dependencies': OrderedDict()}
[0.000254] (flatfish_ros_efuse_serial) JobQueued: {'identifier': 'flatfish_ros_efuse_serial', 'dependencies': OrderedDict([('ros_driver_base', '/home/amandarln/ros_ws/install/ros_driver_base')])}
[0.000321] (ros_driver_base) JobStarted: {'identifier': 'ros_driver_base'}
[0.008483] (ros_driver_base) JobProgress: {'identifier': 'ros_driver_base', 'progress': 'cmake'}
[0.009026] (ros_driver_base) JobProgress: {'identifier': 'ros_driver_base', 'progress': 'build'}
[0.009712] (ros_driver_base) Command: {'cmd': ['/usr/bin/cmake', '--build', '/home/amandarln/ros_ws/build/ros_driver_base', '--', '-j16', '-l16'], 'cwd': '/home/amandarln/ros_ws/build/ros_driver_base', 'env': OrderedDict([('GJS_DEBUG_TOPICS', 'JS ERROR;JS LOG'), ('LESSOPEN', '| /usr/bin/lesspipe %s'), ('USER', 'amandarln'), ('XDG_SESSION_TYPE', 'wayland'), ('GIT_ASKPASS', '/usr/share/code/resources/app/extensions/git/dist/askpass.sh'), ('SHLVL', '1'), ('LD_LIBRARY_PATH', '/home/amandarln/ros_ws/install/flatfish_ros_efuse_serial/lib:/home/amandarln/ros_ws/install/ros_driver_base/lib:/usr/lib/x86_64-linux-gnu/gazebo-11/plugins:/opt/ros/humble/opt/rviz_ogre_vendor/lib:/opt/ros/humble/lib/x86_64-linux-gnu:/opt/ros/humble/lib'), ('HOME', '/home/amandarln'), ('CHROME_DESKTOP', 'code-url-handler.desktop'), ('TERM_PROGRAM_VERSION', '1.90.0'), ('DESKTOP_SESSION', 'ubuntu'), ('GIO_LAUNCHED_DESKTOP_FILE', '/usr/share/applications/code.desktop'), ('ROS_PYTHON_VERSION', '3'), ('GNOME_SHELL_SESSION_MODE', 'ubuntu'), ('GTK_MODULES', 'gail:atk-bridge'), ('VSCODE_GIT_ASKPASS_MAIN', '/usr/share/code/resources/app/extensions/git/dist/askpass-main.js'), ('VSCODE_GIT_ASKPASS_NODE', '/usr/share/code/code'), ('MANAGERPID', '1418'), ('SYSTEMD_EXEC_PID', '1566'), ('IM_CONFIG_CHECK_ENV', '1'), ('DBUS_SESSION_BUS_ADDRESS', 'unix:path=/run/user/1000/bus'), ('COLORTERM', 'truecolor'), ('GIO_LAUNCHED_DESKTOP_FILE_PID', '6943'), ('IM_CONFIG_PHASE', '1'), ('WAYLAND_DISPLAY', 'wayland-0'), ('COLCON_PREFIX_PATH', '/home/amandarln/ros_ws/install'), ('ROS_DISTRO', 'humble'), ('LOGNAME', 'amandarln'), ('JOURNAL_STREAM', '8:28102'), ('_', '/usr/bin/colcon'), ('ROS_VERSION', '2'), ('XDG_SESSION_CLASS', 'user'), ('USERNAME', 'amandarln'), ('TERM', 'xterm-256color'), ('GNOME_DESKTOP_SESSION_ID', 'this-is-deprecated'), ('ROS_LOCALHOST_ONLY', '0'), ('PATH', '/home/amandarln/.local/bin:/opt/ros/humble/bin:/home/amandarln/.local/bin:/usr/local/sbin:/usr/local/bin:/usr/sbin:/usr/bin:/sbin:/bin:/usr/games:/usr/local/games:/snap/bin:/snap/bin:/home/amandarln/.local/bin:/home/amandarln/.local/bin'), ('SESSION_MANAGER', 'local/amandarln-Nitro-AN515-57:@/tmp/.ICE-unix/1544,unix/amandarln-Nitro-AN515-57:/tmp/.ICE-unix/1544'), ('INVOCATION_ID', 'acbc9979608d478fad43ac7ced57c415'), ('XDG_MENU_PREFIX', 'gnome-'), ('GNOME_SETUP_DISPLAY', ':1'), ('XDG_RUNTIME_DIR', '/run/user/1000'), ('GDK_BACKEND', 'x11'), ('DISPLAY', ':0'), ('LANG', 'en_US.UTF-8'), ('XDG_CURRENT_DESKTOP', 'Unity'), ('XMODIFIERS', '@im=ibus'), ('XDG_SESSION_DESKTOP', 'ubuntu'), ('XAUTHORITY', '/run/user/1000/.mutter-Xwaylandauth.8V4ER2'), ('LS_COLORS', 'rs=0:di=01;34:ln=01;36:mh=00:pi=40;33:so=01;35:do=01;35:bd=40;33;01:cd=40;33;01:or=40;31;01:mi=00:su=37;41:sg=30;43:ca=30;41:tw=30;42:ow=34;42:st=37;44:ex=01;32:*.tar=01;31:*.tgz=01;31:*.arc=01;31:*.arj=01;31:*.taz=01;31:*.lha=01;31:*.lz4=01;31:*.lzh=01;31:*.lzma=01;31:*.tlz=01;31:*.txz=01;31:*.tzo=01;31:*.t7z=01;31:*.zip=01;31:*.z=01;31:*.dz=01;31:*.gz=01;31:*.lrz=01;31:*.lz=01;31:*.lzo=01;31:*.xz=01;31:*.zst=01;31:*.tzst=01;31:*.bz2=01;31:*.bz=01;31:*.tbz=01;31:*.tbz2=01;31:*.tz=01;31:*.deb=01;31:*.rpm=01;31:*.jar=01;31:*.war=01;31:*.ear=01;31:*.sar=01;31:*.rar=01;31:*.alz=01;31:*.ace=01;31:*.zoo=01;31:*.cpio=01;31:*.7z=01;31:*.rz=01;31:*.cab=01;31:*.wim=01;31:*.swm=01;31:*.dwm=01;31:*.esd=01;31:*.jpg=01;35:*.jpeg=01;35:*.mjpg=01;35:*.mjpeg=01;35:*.gif=01;35:*.bmp=01;35:*.pbm=01;35:*.pgm=01;35:*.ppm=01;35:*.tga=01;35:*.xbm=01;35:*.xpm=01;35:*.tif=01;35:*.tiff=01;35:*.png=01;35:*.svg=01;35:*.svgz=01;35:*.mng=01;35:*.pcx=01;35:*.mov=01;35:*.mpg=01;35:*.mpeg=01;35:*.m2v=01;35:*.mkv=01;35:*.webm=01;35:*.webp=01;35:*.ogm=01;35:*.mp4=01;35:*.m4v=01;35:*.mp4v=01;35:*.vob=01;35:*.qt=01;35:*.nuv=01;35:*.wmv=01;35:*.asf=01;35:*.rm=01;35:*.rmvb=01;35:*.flc=01;35:*.avi=01;35:*.fli=01;35:*.flv=01;35:*.gl=01;35:*.dl=01;35:*.xcf=01;35:*.xwd=01;35:*.yuv=01;35:*.cgm=01;35:*.emf=01;35:*.ogv=01;35:*.ogx=01;35:*.aac=00;36:*.au=00;36:*.flac=00;36:*.m4a=00;36:*.mid=00;36:*.midi=00;36:*.mka=00;36:*.mp3=00;36:*.mpc=00;36:*.ogg=00;36:*.ra=00;36:*.wav=00;36:*.oga=00;36:*.opus=00;36:*.spx=00;36:*.xspf=00;36:'), ('VSCODE_GIT_IPC_HANDLE', '/run/user/1000/vscode-git-51c3191532.sock'), ('TERM_PROGRAM', 'vscode'), ('SSH_AGENT_LAUNCHER', 'gnome-keyring'), ('SSH_AUTH_SOCK', '/run/user/1000/keyring/ssh'), ('AMENT_PREFIX_PATH', '/home/amandarln/ros_ws/install/flatfish_ros_efuse_serial:/home/amandarln/ros_ws/install/ros_driver_base:/opt/ros/humble'), ('ORIGINAL_XDG_CURRENT_DESKTOP', 'ubuntu:GNOME'), ('SHELL', '/bin/bash'), ('QT_ACCESSIBILITY', '1'), ('GDMSESSION', 'ubuntu'), ('LESSCLOSE', '/usr/bin/lesspipe %s %s'), ('GJS_DEBUG_OUTPUT', 'stderr'), ('VSCODE_GIT_ASKPASS_EXTRA_ARGS', ''), ('QT_IM_MODULE', 'ibus'), ('PWD', '/home/amandarln/ros_ws/build/ros_driver_base'), ('LC_ALL', 'en_US.UTF-8'), ('XDG_CONFIG_DIRS', '/etc/xdg/xdg-ubuntu:/etc/xdg'), ('XDG_DATA_DIRS', '/usr/share/ubuntu:/usr/local/share/:/usr/share/:/var/lib/snapd/desktop'), ('PYTHONPATH', '/home/amandarln/ros_ws/install/flatfish_ros_efuse_serial/local/lib/python3.10/dist-packages:/opt/ros/humble/lib/python3.10/site-packages:/opt/ros/humble/local/lib/python3.10/dist-packages'), ('COLCON', '1'), ('CMAKE_PREFIX_PATH', '/home/amandarln/ros_ws/install/flatfish_ros_efuse_serial:/home/amandarln/ros_ws/install/ros_driver_base:/opt/ros/humble')]), 'shell': False}
[0.024383] (ros_driver_base) StdoutLine: {'line': b'/usr/bin/cmake -S/home/amandarln/ros_ws/src/ros_driver_base -B/home/amandarln/ros_ws/build/ros_driver_base --check-build-system CMakeFiles/Makefile.cmake 0\n'}
[0.033706] (ros_driver_base) StdoutLine: {'line': b'/usr/bin/cmake -E cmake_progress_start /home/amandarln/ros_ws/build/ros_driver_base/CMakeFiles /home/amandarln/ros_ws/build/ros_driver_base//CMakeFiles/progress.marks\n'}
[0.044022] (ros_driver_base) StdoutLine: {'line': b'/usr/bin/gmake  -f CMakeFiles/Makefile2 all\n'}
[0.046161] (ros_driver_base) StdoutLine: {'line': b"gmake[1]: Entering directory '/home/amandarln/ros_ws/build/ros_driver_base'\n"}
[0.046414] (ros_driver_base) StdoutLine: {'line': b'/usr/bin/gmake  -f CMakeFiles/ros_driver_base.dir/build.make CMakeFiles/ros_driver_base.dir/depend\n'}
[0.046785] (ros_driver_base) StdoutLine: {'line': b'/usr/bin/gmake  -f gtest/CMakeFiles/gtest.dir/build.make gtest/CMakeFiles/gtest.dir/depend\n'}
[0.047172] (ros_driver_base) StdoutLine: {'line': b'/usr/bin/gmake  -f gtest/CMakeFiles/gtest_main.dir/build.make gtest/CMakeFiles/gtest_main.dir/depend\n'}
[0.049609] (ros_driver_base) StdoutLine: {'line': b"gmake[2]: Entering directory '/home/amandarln/ros_ws/build/ros_driver_base'\n"}
[0.049891] (ros_driver_base) StdoutLine: {'line': b'cd /home/amandarln/ros_ws/build/ros_driver_base && /usr/bin/cmake -E cmake_depends "Unix Makefiles" /home/amandarln/ros_ws/src/ros_driver_base /opt/ros/humble/src/gtest_vendor /home/amandarln/ros_ws/build/ros_driver_base /home/amandarln/ros_ws/build/ros_driver_base/gtest /home/amandarln/ros_ws/build/ros_driver_base/gtest/CMakeFiles/gtest.dir/DependInfo.cmake --color=\n'}
[0.050066] (ros_driver_base) StdoutLine: {'line': b"gmake[2]: Entering directory '/home/amandarln/ros_ws/build/ros_driver_base'\n"}
[0.050148] (ros_driver_base) StdoutLine: {'line': b'cd /home/amandarln/ros_ws/build/ros_driver_base && /usr/bin/cmake -E cmake_depends "Unix Makefiles" /home/amandarln/ros_ws/src/ros_driver_base /opt/ros/humble/src/gtest_vendor /home/amandarln/ros_ws/build/ros_driver_base /home/amandarln/ros_ws/build/ros_driver_base/gtest /home/amandarln/ros_ws/build/ros_driver_base/gtest/CMakeFiles/gtest_main.dir/DependInfo.cmake --color=\n'}
[0.052669] (ros_driver_base) StdoutLine: {'line': b"gmake[2]: Entering directory '/home/amandarln/ros_ws/build/ros_driver_base'\n"}
[0.052973] (ros_driver_base) StdoutLine: {'line': b'cd /home/amandarln/ros_ws/build/ros_driver_base && /usr/bin/cmake -E cmake_depends "Unix Makefiles" /home/amandarln/ros_ws/src/ros_driver_base /home/amandarln/ros_ws/src/ros_driver_base /home/amandarln/ros_ws/build/ros_driver_base /home/amandarln/ros_ws/build/ros_driver_base /home/amandarln/ros_ws/build/ros_driver_base/CMakeFiles/ros_driver_base.dir/DependInfo.cmake --color=\n'}
[0.059549] (ros_driver_base) StdoutLine: {'line': b"gmake[2]: Leaving directory '/home/amandarln/ros_ws/build/ros_driver_base'\n"}
[0.059937] (ros_driver_base) StdoutLine: {'line': b"gmake[2]: Leaving directory '/home/amandarln/ros_ws/build/ros_driver_base'\n"}
[0.060208] (ros_driver_base) StdoutLine: {'line': b'/usr/bin/gmake  -f gtest/CMakeFiles/gtest.dir/build.make gtest/CMakeFiles/gtest.dir/build\n'}
[0.060460] (ros_driver_base) StdoutLine: {'line': b'/usr/bin/gmake  -f gtest/CMakeFiles/gtest_main.dir/build.make gtest/CMakeFiles/gtest_main.dir/build\n'}
[0.062028] (ros_driver_base) StdoutLine: {'line': b"gmake[2]: Leaving directory '/home/amandarln/ros_ws/build/ros_driver_base'\n"}
[0.062339] (ros_driver_base) StdoutLine: {'line': b'/usr/bin/gmake  -f CMakeFiles/ros_driver_base.dir/build.make CMakeFiles/ros_driver_base.dir/build\n'}
[0.062781] (ros_driver_base) StdoutLine: {'line': b"gmake[2]: Entering directory '/home/amandarln/ros_ws/build/ros_driver_base'\n"}
[0.063081] (ros_driver_base) StdoutLine: {'line': b"gmake[2]: Nothing to be done for 'gtest/CMakeFiles/gtest.dir/build'.\n"}
[0.063267] (ros_driver_base) StdoutLine: {'line': b"gmake[2]: Leaving directory '/home/amandarln/ros_ws/build/ros_driver_base'\n"}
[0.063727] (ros_driver_base) StdoutLine: {'line': b"gmake[2]: Entering directory '/home/amandarln/ros_ws/build/ros_driver_base'\n"}
[0.063935] (ros_driver_base) StdoutLine: {'line': b"gmake[2]: Nothing to be done for 'gtest/CMakeFiles/gtest_main.dir/build'.\n"}
[0.064099] (ros_driver_base) StdoutLine: {'line': b"gmake[2]: Leaving directory '/home/amandarln/ros_ws/build/ros_driver_base'\n"}
[0.069503] (ros_driver_base) StdoutLine: {'line': b"gmake[2]: Entering directory '/home/amandarln/ros_ws/build/ros_driver_base'\n"}
[0.069805] (ros_driver_base) StdoutLine: {'line': b"gmake[2]: Nothing to be done for 'CMakeFiles/ros_driver_base.dir/build'.\n"}
[0.070014] (ros_driver_base) StdoutLine: {'line': b"gmake[2]: Leaving directory '/home/amandarln/ros_ws/build/ros_driver_base'\n"}
[0.070479] (ros_driver_base) StdoutLine: {'line': b'[  7%] Built target gtest\n'}
[0.071380] (ros_driver_base) StdoutLine: {'line': b'[ 14%] Built target gtest_main\n'}
[0.079575] (ros_driver_base) StdoutLine: {'line': b'[ 48%] Built target ros_driver_base\n'}
[0.080956] (ros_driver_base) StdoutLine: {'line': b'/usr/bin/gmake  -f CMakeFiles/test_test_stream_gtest.dir/build.make CMakeFiles/test_test_stream_gtest.dir/depend\n'}
[0.081293] (ros_driver_base) StdoutLine: {'line': b'/usr/bin/gmake  -f CMakeFiles/test_driver.dir/build.make CMakeFiles/test_driver.dir/depend\n'}
[0.081406] (ros_driver_base) StdoutLine: {'line': b'/usr/bin/gmake  -f CMakeFiles/test_tcp_read.dir/build.make CMakeFiles/test_tcp_read.dir/depend\n'}
[0.081722] (ros_driver_base) StdoutLine: {'line': b'/usr/bin/gmake  -f CMakeFiles/test_tcp_write.dir/build.make CMakeFiles/test_tcp_write.dir/depend\n'}
[0.082184] (ros_driver_base) StdoutLine: {'line': b'/usr/bin/gmake  -f CMakeFiles/test_udp_read.dir/build.make CMakeFiles/test_udp_read.dir/depend\n'}
[0.082470] (ros_driver_base) StdoutLine: {'line': b'/usr/bin/gmake  -f CMakeFiles/test_udp_write.dir/build.make CMakeFiles/test_udp_write.dir/depend\n'}
[0.083654] (ros_driver_base) StdoutLine: {'line': b"gmake[2]: Entering directory '/home/amandarln/ros_ws/build/ros_driver_base'\n"}
[0.084086] (ros_driver_base) StdoutLine: {'line': b'cd /home/amandarln/ros_ws/build/ros_driver_base && /usr/bin/cmake -E cmake_depends "Unix Makefiles" /home/amandarln/ros_ws/src/ros_driver_base /home/amandarln/ros_ws/src/ros_driver_base /home/amandarln/ros_ws/build/ros_driver_base /home/amandarln/ros_ws/build/ros_driver_base /home/amandarln/ros_ws/build/ros_driver_base/CMakeFiles/test_test_stream_gtest.dir/DependInfo.cmake --color=\n'}
[0.084335] (ros_driver_base) StdoutLine: {'line': b"gmake[2]: Entering directory '/home/amandarln/ros_ws/build/ros_driver_base'\n"}
[0.084427] (ros_driver_base) StdoutLine: {'line': b"gmake[2]: Entering directory '/home/amandarln/ros_ws/build/ros_driver_base'\n"}
[0.084515] (ros_driver_base) StdoutLine: {'line': b'cd /home/amandarln/ros_ws/build/ros_driver_base && /usr/bin/cmake -E cmake_depends "Unix Makefiles" /home/amandarln/ros_ws/src/ros_driver_base /home/amandarln/ros_ws/src/ros_driver_base /home/amandarln/ros_ws/build/ros_driver_base /home/amandarln/ros_ws/build/ros_driver_base /home/amandarln/ros_ws/build/ros_driver_base/CMakeFiles/test_tcp_write.dir/DependInfo.cmake --color=\n'}
[0.084604] (ros_driver_base) StdoutLine: {'line': b'cd /home/amandarln/ros_ws/build/ros_driver_base && /usr/bin/cmake -E cmake_depends "Unix Makefiles" /home/amandarln/ros_ws/src/ros_driver_base /home/amandarln/ros_ws/src/ros_driver_base /home/amandarln/ros_ws/build/ros_driver_base /home/amandarln/ros_ws/build/ros_driver_base /home/amandarln/ros_ws/build/ros_driver_base/CMakeFiles/test_tcp_read.dir/DependInfo.cmake --color=\n'}
[0.084779] (ros_driver_base) StdoutLine: {'line': b"gmake[2]: Entering directory '/home/amandarln/ros_ws/build/ros_driver_base'\n"}
[0.084875] (ros_driver_base) StdoutLine: {'line': b'cd /home/amandarln/ros_ws/build/ros_driver_base && /usr/bin/cmake -E cmake_depends "Unix Makefiles" /home/amandarln/ros_ws/src/ros_driver_base /home/amandarln/ros_ws/src/ros_driver_base /home/amandarln/ros_ws/build/ros_driver_base /home/amandarln/ros_ws/build/ros_driver_base /home/amandarln/ros_ws/build/ros_driver_base/CMakeFiles/test_udp_write.dir/DependInfo.cmake --color=\n'}
[0.085034] (ros_driver_base) StdoutLine: {'line': b"gmake[2]: Entering directory '/home/amandarln/ros_ws/build/ros_driver_base'\n"}
[0.085147] (ros_driver_base) StdoutLine: {'line': b'cd /home/amandarln/ros_ws/build/ros_driver_base && /usr/bin/cmake -E cmake_depends "Unix Makefiles" /home/amandarln/ros_ws/src/ros_driver_base /home/amandarln/ros_ws/src/ros_driver_base /home/amandarln/ros_ws/build/ros_driver_base /home/amandarln/ros_ws/build/ros_driver_base /home/amandarln/ros_ws/build/ros_driver_base/CMakeFiles/test_udp_read.dir/DependInfo.cmake --color=\n'}
[0.085896] (ros_driver_base) StdoutLine: {'line': b"gmake[2]: Entering directory '/home/amandarln/ros_ws/build/ros_driver_base'\n"}
[0.086092] (ros_driver_base) StdoutLine: {'line': b'cd /home/amandarln/ros_ws/build/ros_driver_base && /usr/bin/cmake -E cmake_depends "Unix Makefiles" /home/amandarln/ros_ws/src/ros_driver_base /home/amandarln/ros_ws/src/ros_driver_base /home/amandarln/ros_ws/build/ros_driver_base /home/amandarln/ros_ws/build/ros_driver_base /home/amandarln/ros_ws/build/ros_driver_base/CMakeFiles/test_driver.dir/DependInfo.cmake --color=\n'}
[0.094312] (ros_driver_base) StdoutLine: {'line': b"gmake[2]: Leaving directory '/home/amandarln/ros_ws/build/ros_driver_base'\n"}
[0.094801] (ros_driver_base) StdoutLine: {'line': b'/usr/bin/gmake  -f CMakeFiles/test_test_stream_gtest.dir/build.make CMakeFiles/test_test_stream_gtest.dir/build\n'}
[0.095040] (ros_driver_base) StdoutLine: {'line': b"gmake[2]: Leaving directory '/home/amandarln/ros_ws/build/ros_driver_base'\n"}
[0.095256] (ros_driver_base) StdoutLine: {'line': b"gmake[2]: Leaving directory '/home/amandarln/ros_ws/build/ros_driver_base'\n"}
[0.095475] (ros_driver_base) StdoutLine: {'line': b'/usr/bin/gmake  -f CMakeFiles/test_tcp_read.dir/build.make CMakeFiles/test_tcp_read.dir/build\n'}
[0.095568] (ros_driver_base) StdoutLine: {'line': b"gmake[2]: Leaving directory '/home/amandarln/ros_ws/build/ros_driver_base'\n"}
[0.095645] (ros_driver_base) StdoutLine: {'line': b'/usr/bin/gmake  -f CMakeFiles/test_tcp_write.dir/build.make CMakeFiles/test_tcp_write.dir/build\n'}
[0.095729] (ros_driver_base) StdoutLine: {'line': b'/usr/bin/gmake  -f CMakeFiles/test_udp_read.dir/build.make CMakeFiles/test_udp_read.dir/build\n'}
[0.095841] (ros_driver_base) StdoutLine: {'line': b"gmake[2]: Leaving directory '/home/amandarln/ros_ws/build/ros_driver_base'\n"}
[0.095920] (ros_driver_base) StdoutLine: {'line': b'/usr/bin/gmake  -f CMakeFiles/test_udp_write.dir/build.make CMakeFiles/test_udp_write.dir/build\n'}
[0.096125] (ros_driver_base) StdoutLine: {'line': b"gmake[2]: Leaving directory '/home/amandarln/ros_ws/build/ros_driver_base'\n"}
[0.096300] (ros_driver_base) StdoutLine: {'line': b'/usr/bin/gmake  -f CMakeFiles/test_driver.dir/build.make CMakeFiles/test_driver.dir/build\n'}
[0.097447] (ros_driver_base) StdoutLine: {'line': b"gmake[2]: Entering directory '/home/amandarln/ros_ws/build/ros_driver_base'\n"}
[0.097774] (ros_driver_base) StdoutLine: {'line': b"gmake[2]: Nothing to be done for 'CMakeFiles/test_tcp_read.dir/build'.\n"}
[0.097965] (ros_driver_base) StdoutLine: {'line': b"gmake[2]: Leaving directory '/home/amandarln/ros_ws/build/ros_driver_base'\n"}
[0.098089] (ros_driver_base) StdoutLine: {'line': b"gmake[2]: Entering directory '/home/amandarln/ros_ws/build/ros_driver_base'\n"}
[0.098216] (ros_driver_base) StdoutLine: {'line': b"gmake[2]: Nothing to be done for 'CMakeFiles/test_tcp_write.dir/build'.\n"}
[0.098358] (ros_driver_base) StdoutLine: {'line': b"gmake[2]: Leaving directory '/home/amandarln/ros_ws/build/ros_driver_base'\n"}
[0.098493] (ros_driver_base) StdoutLine: {'line': b"gmake[2]: Entering directory '/home/amandarln/ros_ws/build/ros_driver_base'\n"}
[0.098717] (ros_driver_base) StdoutLine: {'line': b"gmake[2]: Nothing to be done for 'CMakeFiles/test_test_stream_gtest.dir/build'.\n"}
[0.098849] (ros_driver_base) StdoutLine: {'line': b"gmake[2]: Leaving directory '/home/amandarln/ros_ws/build/ros_driver_base'\n"}
[0.098976] (ros_driver_base) StdoutLine: {'line': b"gmake[2]: Entering directory '/home/amandarln/ros_ws/build/ros_driver_base'\n"}
[0.099093] (-) TimerEvent: {}
[0.099257] (ros_driver_base) StdoutLine: {'line': b"gmake[2]: Nothing to be done for 'CMakeFiles/test_udp_read.dir/build'.\n"}
[0.099389] (ros_driver_base) StdoutLine: {'line': b"gmake[2]: Leaving directory '/home/amandarln/ros_ws/build/ros_driver_base'\n"}
[0.099511] (ros_driver_base) StdoutLine: {'line': b"gmake[2]: Entering directory '/home/amandarln/ros_ws/build/ros_driver_base'\n"}
[0.099632] (ros_driver_base) StdoutLine: {'line': b"gmake[2]: Nothing to be done for 'CMakeFiles/test_udp_write.dir/build'.\n"}
[0.099752] (ros_driver_base) StdoutLine: {'line': b"gmake[2]: Leaving directory '/home/amandarln/ros_ws/build/ros_driver_base'\n"}
[0.103176] (ros_driver_base) StdoutLine: {'line': b"gmake[2]: Entering directory '/home/amandarln/ros_ws/build/ros_driver_base'\n"}
[0.103315] (ros_driver_base) StdoutLine: {'line': b"gmake[2]: Nothing to be done for 'CMakeFiles/test_driver.dir/build'.\n"}
[0.103387] (ros_driver_base) StdoutLine: {'line': b"gmake[2]: Leaving directory '/home/amandarln/ros_ws/build/ros_driver_base'\n"}
[0.106598] (ros_driver_base) StdoutLine: {'line': b'[ 55%] Built target test_tcp_write\n'}
[0.106909] (ros_driver_base) StdoutLine: {'line': b'[ 62%] Built target test_tcp_read\n'}
[0.107132] (ros_driver_base) StdoutLine: {'line': b'[ 77%] Built target test_udp_write\n'}
[0.107322] (ros_driver_base) StdoutLine: {'line': b'[ 77%] Built target test_test_stream_gtest\n'}
[0.107568] (ros_driver_base) StdoutLine: {'line': b'[ 85%] Built target test_udp_read\n'}
[0.114825] (ros_driver_base) StdoutLine: {'line': b'[100%] Built target test_driver\n'}
[0.116339] (ros_driver_base) StdoutLine: {'line': b"gmake[1]: Leaving directory '/home/amandarln/ros_ws/build/ros_driver_base'\n"}
[0.116680] (ros_driver_base) StdoutLine: {'line': b'/usr/bin/cmake -E cmake_progress_start /home/amandarln/ros_ws/build/ros_driver_base/CMakeFiles 0\n'}
[0.128309] (ros_driver_base) CommandEnded: {'returncode': 0}
[0.199347] (-) TimerEvent: {}
[0.249541] (ros_driver_base) JobProgress: {'identifier': 'ros_driver_base', 'progress': 'install'}
[0.258845] (ros_driver_base) Command: {'cmd': ['/usr/bin/cmake', '--install', '/home/amandarln/ros_ws/build/ros_driver_base'], 'cwd': '/home/amandarln/ros_ws/build/ros_driver_base', 'env': OrderedDict([('GJS_DEBUG_TOPICS', 'JS ERROR;JS LOG'), ('LESSOPEN', '| /usr/bin/lesspipe %s'), ('USER', 'amandarln'), ('XDG_SESSION_TYPE', 'wayland'), ('GIT_ASKPASS', '/usr/share/code/resources/app/extensions/git/dist/askpass.sh'), ('SHLVL', '1'), ('LD_LIBRARY_PATH', '/home/amandarln/ros_ws/install/flatfish_ros_efuse_serial/lib:/home/amandarln/ros_ws/install/ros_driver_base/lib:/usr/lib/x86_64-linux-gnu/gazebo-11/plugins:/opt/ros/humble/opt/rviz_ogre_vendor/lib:/opt/ros/humble/lib/x86_64-linux-gnu:/opt/ros/humble/lib'), ('HOME', '/home/amandarln'), ('CHROME_DESKTOP', 'code-url-handler.desktop'), ('TERM_PROGRAM_VERSION', '1.90.0'), ('DESKTOP_SESSION', 'ubuntu'), ('GIO_LAUNCHED_DESKTOP_FILE', '/usr/share/applications/code.desktop'), ('ROS_PYTHON_VERSION', '3'), ('GNOME_SHELL_SESSION_MODE', 'ubuntu'), ('GTK_MODULES', 'gail:atk-bridge'), ('VSCODE_GIT_ASKPASS_MAIN', '/usr/share/code/resources/app/extensions/git/dist/askpass-main.js'), ('VSCODE_GIT_ASKPASS_NODE', '/usr/share/code/code'), ('MANAGERPID', '1418'), ('SYSTEMD_EXEC_PID', '1566'), ('IM_CONFIG_CHECK_ENV', '1'), ('DBUS_SESSION_BUS_ADDRESS', 'unix:path=/run/user/1000/bus'), ('COLORTERM', 'truecolor'), ('GIO_LAUNCHED_DESKTOP_FILE_PID', '6943'), ('IM_CONFIG_PHASE', '1'), ('WAYLAND_DISPLAY', 'wayland-0'), ('COLCON_PREFIX_PATH', '/home/amandarln/ros_ws/install'), ('ROS_DISTRO', 'humble'), ('LOGNAME', 'amandarln'), ('JOURNAL_STREAM', '8:28102'), ('_', '/usr/bin/colcon'), ('ROS_VERSION', '2'), ('XDG_SESSION_CLASS', 'user'), ('USERNAME', 'amandarln'), ('TERM', 'xterm-256color'), ('GNOME_DESKTOP_SESSION_ID', 'this-is-deprecated'), ('ROS_LOCALHOST_ONLY', '0'), ('PATH', '/home/amandarln/.local/bin:/opt/ros/humble/bin:/home/amandarln/.local/bin:/usr/local/sbin:/usr/local/bin:/usr/sbin:/usr/bin:/sbin:/bin:/usr/games:/usr/local/games:/snap/bin:/snap/bin:/home/amandarln/.local/bin:/home/amandarln/.local/bin'), ('SESSION_MANAGER', 'local/amandarln-Nitro-AN515-57:@/tmp/.ICE-unix/1544,unix/amandarln-Nitro-AN515-57:/tmp/.ICE-unix/1544'), ('INVOCATION_ID', 'acbc9979608d478fad43ac7ced57c415'), ('XDG_MENU_PREFIX', 'gnome-'), ('GNOME_SETUP_DISPLAY', ':1'), ('XDG_RUNTIME_DIR', '/run/user/1000'), ('GDK_BACKEND', 'x11'), ('DISPLAY', ':0'), ('LANG', 'en_US.UTF-8'), ('XDG_CURRENT_DESKTOP', 'Unity'), ('XMODIFIERS', '@im=ibus'), ('XDG_SESSION_DESKTOP', 'ubuntu'), ('XAUTHORITY', '/run/user/1000/.mutter-Xwaylandauth.8V4ER2'), ('LS_COLORS', 'rs=0:di=01;34:ln=01;36:mh=00:pi=40;33:so=01;35:do=01;35:bd=40;33;01:cd=40;33;01:or=40;31;01:mi=00:su=37;41:sg=30;43:ca=30;41:tw=30;42:ow=34;42:st=37;44:ex=01;32:*.tar=01;31:*.tgz=01;31:*.arc=01;31:*.arj=01;31:*.taz=01;31:*.lha=01;31:*.lz4=01;31:*.lzh=01;31:*.lzma=01;31:*.tlz=01;31:*.txz=01;31:*.tzo=01;31:*.t7z=01;31:*.zip=01;31:*.z=01;31:*.dz=01;31:*.gz=01;31:*.lrz=01;31:*.lz=01;31:*.lzo=01;31:*.xz=01;31:*.zst=01;31:*.tzst=01;31:*.bz2=01;31:*.bz=01;31:*.tbz=01;31:*.tbz2=01;31:*.tz=01;31:*.deb=01;31:*.rpm=01;31:*.jar=01;31:*.war=01;31:*.ear=01;31:*.sar=01;31:*.rar=01;31:*.alz=01;31:*.ace=01;31:*.zoo=01;31:*.cpio=01;31:*.7z=01;31:*.rz=01;31:*.cab=01;31:*.wim=01;31:*.swm=01;31:*.dwm=01;31:*.esd=01;31:*.jpg=01;35:*.jpeg=01;35:*.mjpg=01;35:*.mjpeg=01;35:*.gif=01;35:*.bmp=01;35:*.pbm=01;35:*.pgm=01;35:*.ppm=01;35:*.tga=01;35:*.xbm=01;35:*.xpm=01;35:*.tif=01;35:*.tiff=01;35:*.png=01;35:*.svg=01;35:*.svgz=01;35:*.mng=01;35:*.pcx=01;35:*.mov=01;35:*.mpg=01;35:*.mpeg=01;35:*.m2v=01;35:*.mkv=01;35:*.webm=01;35:*.webp=01;35:*.ogm=01;35:*.mp4=01;35:*.m4v=01;35:*.mp4v=01;35:*.vob=01;35:*.qt=01;35:*.nuv=01;35:*.wmv=01;35:*.asf=01;35:*.rm=01;35:*.rmvb=01;35:*.flc=01;35:*.avi=01;35:*.fli=01;35:*.flv=01;35:*.gl=01;35:*.dl=01;35:*.xcf=01;35:*.xwd=01;35:*.yuv=01;35:*.cgm=01;35:*.emf=01;35:*.ogv=01;35:*.ogx=01;35:*.aac=00;36:*.au=00;36:*.flac=00;36:*.m4a=00;36:*.mid=00;36:*.midi=00;36:*.mka=00;36:*.mp3=00;36:*.mpc=00;36:*.ogg=00;36:*.ra=00;36:*.wav=00;36:*.oga=00;36:*.opus=00;36:*.spx=00;36:*.xspf=00;36:'), ('VSCODE_GIT_IPC_HANDLE', '/run/user/1000/vscode-git-51c3191532.sock'), ('TERM_PROGRAM', 'vscode'), ('SSH_AGENT_LAUNCHER', 'gnome-keyring'), ('SSH_AUTH_SOCK', '/run/user/1000/keyring/ssh'), ('AMENT_PREFIX_PATH', '/home/amandarln/ros_ws/install/flatfish_ros_efuse_serial:/home/amandarln/ros_ws/install/ros_driver_base:/opt/ros/humble'), ('ORIGINAL_XDG_CURRENT_DESKTOP', 'ubuntu:GNOME'), ('SHELL', '/bin/bash'), ('QT_ACCESSIBILITY', '1'), ('GDMSESSION', 'ubuntu'), ('LESSCLOSE', '/usr/bin/lesspipe %s %s'), ('GJS_DEBUG_OUTPUT', 'stderr'), ('VSCODE_GIT_ASKPASS_EXTRA_ARGS', ''), ('QT_IM_MODULE', 'ibus'), ('PWD', '/home/amandarln/ros_ws/build/ros_driver_base'), ('LC_ALL', 'en_US.UTF-8'), ('XDG_CONFIG_DIRS', '/etc/xdg/xdg-ubuntu:/etc/xdg'), ('XDG_DATA_DIRS', '/usr/share/ubuntu:/usr/local/share/:/usr/share/:/var/lib/snapd/desktop'), ('PYTHONPATH', '/home/amandarln/ros_ws/install/flatfish_ros_efuse_serial/local/lib/python3.10/dist-packages:/opt/ros/humble/lib/python3.10/site-packages:/opt/ros/humble/local/lib/python3.10/dist-packages'), ('COLCON', '1'), ('CMAKE_PREFIX_PATH', '/home/amandarln/ros_ws/install/flatfish_ros_efuse_serial:/home/amandarln/ros_ws/install/ros_driver_base:/opt/ros/humble')]), 'shell': False}
[0.266234] (ros_driver_base) StdoutLine: {'line': b'-- Install configuration: ""\n'}
[0.266615] (ros_driver_base) StdoutLine: {'line': b'-- Up-to-date: /home/amandarln/ros_ws/install/ros_driver_base/share/ros_driver_base/environment/library_path.sh\n'}
[0.266828] (ros_driver_base) StdoutLine: {'line': b'-- Up-to-date: /home/amandarln/ros_ws/install/ros_driver_base/share/ros_driver_base/environment/library_path.dsv\n'}
[0.267015] (ros_driver_base) StdoutLine: {'line': b'-- Up-to-date: /home/amandarln/ros_ws/install/ros_driver_base/share/ament_index/resource_index/package_run_dependencies/ros_driver_base\n'}
[0.267467] (ros_driver_base) StdoutLine: {'line': b'-- Up-to-date: /home/amandarln/ros_ws/install/ros_driver_base/share/ament_index/resource_index/parent_prefix_path/ros_driver_base\n'}
[0.267655] (ros_driver_base) StdoutLine: {'line': b'-- Up-to-date: /home/amandarln/ros_ws/install/ros_driver_base/share/ros_driver_base/environment/ament_prefix_path.sh\n'}
[0.267837] (ros_driver_base) StdoutLine: {'line': b'-- Up-to-date: /home/amandarln/ros_ws/install/ros_driver_base/share/ros_driver_base/environment/ament_prefix_path.dsv\n'}
[0.267961] (ros_driver_base) StdoutLine: {'line': b'-- Up-to-date: /home/amandarln/ros_ws/install/ros_driver_base/share/ros_driver_base/environment/path.sh\n'}
[0.268061] (ros_driver_base) StdoutLine: {'line': b'-- Up-to-date: /home/amandarln/ros_ws/install/ros_driver_base/share/ros_driver_base/environment/path.dsv\n'}
[0.268162] (ros_driver_base) StdoutLine: {'line': b'-- Up-to-date: /home/amandarln/ros_ws/install/ros_driver_base/share/ros_driver_base/local_setup.bash\n'}
[0.268263] (ros_driver_base) StdoutLine: {'line': b'-- Up-to-date: /home/amandarln/ros_ws/install/ros_driver_base/share/ros_driver_base/local_setup.sh\n'}
[0.268408] (ros_driver_base) StdoutLine: {'line': b'-- Up-to-date: /home/amandarln/ros_ws/install/ros_driver_base/share/ros_driver_base/local_setup.zsh\n'}
[0.268744] (ros_driver_base) StdoutLine: {'line': b'-- Up-to-date: /home/amandarln/ros_ws/install/ros_driver_base/share/ros_driver_base/local_setup.dsv\n'}
[0.268908] (ros_driver_base) StdoutLine: {'line': b'-- Installing: /home/amandarln/ros_ws/install/ros_driver_base/share/ros_driver_base/package.dsv\n'}
[0.269086] (ros_driver_base) StdoutLine: {'line': b'-- Up-to-date: /home/amandarln/ros_ws/install/ros_driver_base/share/ament_index/resource_index/packages/ros_driver_base\n'}
[0.269195] (ros_driver_base) StdoutLine: {'line': b'-- Up-to-date: /home/amandarln/ros_ws/install/ros_driver_base/share/ros_driver_base/cmake/ament_cmake_export_include_directories-extras.cmake\n'}
[0.269305] (ros_driver_base) StdoutLine: {'line': b'-- Up-to-date: /home/amandarln/ros_ws/install/ros_driver_base/share/ros_driver_base/cmake/ament_cmake_export_libraries-extras.cmake\n'}
[0.269413] (ros_driver_base) StdoutLine: {'line': b'-- Up-to-date: /home/amandarln/ros_ws/install/ros_driver_base/share/ros_driver_base/cmake/ros_driver_baseConfig.cmake\n'}
[0.269651] (ros_driver_base) StdoutLine: {'line': b'-- Up-to-date: /home/amandarln/ros_ws/install/ros_driver_base/share/ros_driver_base/cmake/ros_driver_baseConfig-version.cmake\n'}
[0.269759] (ros_driver_base) StdoutLine: {'line': b'-- Up-to-date: /home/amandarln/ros_ws/install/ros_driver_base/share/ros_driver_base/package.xml\n'}
[0.270155] (ros_driver_base) StdoutLine: {'line': b'-- Up-to-date: /home/amandarln/ros_ws/install/ros_driver_base/include\n'}
[0.270574] (ros_driver_base) StdoutLine: {'line': b'-- Up-to-date: /home/amandarln/ros_ws/install/ros_driver_base/include/ros_driver_base\n'}
[0.270809] (ros_driver_base) StdoutLine: {'line': b'-- Up-to-date: /home/amandarln/ros_ws/install/ros_driver_base/include/ros_driver_base/mock_context_exception.hpp\n'}
[0.271182] (ros_driver_base) StdoutLine: {'line': b'-- Up-to-date: /home/amandarln/ros_ws/install/ros_driver_base/include/ros_driver_base/status.hpp\n'}
[0.271568] (ros_driver_base) StdoutLine: {'line': b'-- Up-to-date: /home/amandarln/ros_ws/install/ros_driver_base/include/ros_driver_base/bus_handler.hpp\n'}
[0.271716] (ros_driver_base) StdoutLine: {'line': b'-- Up-to-date: /home/amandarln/ros_ws/install/ros_driver_base/include/ros_driver_base/io_stream.hpp\n'}
[0.271870] (ros_driver_base) StdoutLine: {'line': b'-- Up-to-date: /home/amandarln/ros_ws/install/ros_driver_base/include/ros_driver_base/fd_stream.hpp\n'}
[0.272030] (ros_driver_base) StdoutLine: {'line': b'-- Up-to-date: /home/amandarln/ros_ws/install/ros_driver_base/include/ros_driver_base/test_ends_with_expectations_left_exception.hpp\n'}
[0.272189] (ros_driver_base) StdoutLine: {'line': b'-- Up-to-date: /home/amandarln/ros_ws/install/ros_driver_base/include/ros_driver_base/timeout.hpp\n'}
[0.272338] (ros_driver_base) StdoutLine: {'line': b'-- Up-to-date: /home/amandarln/ros_ws/install/ros_driver_base/include/ros_driver_base/test_stream.hpp\n'}
[0.272560] (ros_driver_base) StdoutLine: {'line': b'-- Up-to-date: /home/amandarln/ros_ws/install/ros_driver_base/include/ros_driver_base/file_guard.hpp\n'}
[0.272708] (ros_driver_base) StdoutLine: {'line': b'-- Up-to-date: /home/amandarln/ros_ws/install/ros_driver_base/include/ros_driver_base/tcp_driver.hpp\n'}
[0.272848] (ros_driver_base) StdoutLine: {'line': b'-- Up-to-date: /home/amandarln/ros_ws/install/ros_driver_base/include/ros_driver_base/driver.hpp\n'}
[0.272985] (ros_driver_base) StdoutLine: {'line': b'-- Up-to-date: /home/amandarln/ros_ws/install/ros_driver_base/include/ros_driver_base/bus.hpp\n'}
[0.273201] (ros_driver_base) StdoutLine: {'line': b'-- Up-to-date: /home/amandarln/ros_ws/install/ros_driver_base/include/ros_driver_base/parser.hpp\n'}
[0.273500] (ros_driver_base) StdoutLine: {'line': b'-- Up-to-date: /home/amandarln/ros_ws/install/ros_driver_base/include/ros_driver_base/io_listener.hpp\n'}
[0.273637] (ros_driver_base) StdoutLine: {'line': b'-- Up-to-date: /home/amandarln/ros_ws/install/ros_driver_base/include/ros_driver_base/runtime_exceptions.hpp\n'}
[0.273968] (ros_driver_base) StdoutLine: {'line': b'-- Up-to-date: /home/amandarln/ros_ws/install/ros_driver_base/include/ros_driver_base/udp_server_stream.hpp\n'}
[0.274136] (ros_driver_base) StdoutLine: {'line': b'-- Up-to-date: /home/amandarln/ros_ws/install/ros_driver_base/lib/libros_driver_base.so\n'}
[0.274536] (ros_driver_base) StdoutLine: {'line': b'-- Up-to-date: /home/amandarln/ros_ws/install/ros_driver_base/lib/ros_driver_base/test_driver\n'}
[0.274886] (ros_driver_base) CommandEnded: {'returncode': 0}
[0.299534] (-) TimerEvent: {}
[0.393669] (ros_driver_base) JobEnded: {'identifier': 'ros_driver_base', 'rc': 0}
[0.395172] (flatfish_ros_efuse_serial) JobStarted: {'identifier': 'flatfish_ros_efuse_serial'}
[0.400244] (-) TimerEvent: {}
[0.408440] (flatfish_ros_efuse_serial) JobProgress: {'identifier': 'flatfish_ros_efuse_serial', 'progress': 'cmake'}
[0.409868] (flatfish_ros_efuse_serial) JobProgress: {'identifier': 'flatfish_ros_efuse_serial', 'progress': 'build'}
[0.410358] (flatfish_ros_efuse_serial) Command: {'cmd': ['/usr/bin/cmake', '--build', '/home/amandarln/ros_ws/build/flatfish_ros_efuse_serial', '--', '-j16', '-l16'], 'cwd': '/home/amandarln/ros_ws/build/flatfish_ros_efuse_serial', 'env': OrderedDict([('GJS_DEBUG_TOPICS', 'JS ERROR;JS LOG'), ('LESSOPEN', '| /usr/bin/lesspipe %s'), ('USER', 'amandarln'), ('XDG_SESSION_TYPE', 'wayland'), ('GIT_ASKPASS', '/usr/share/code/resources/app/extensions/git/dist/askpass.sh'), ('SHLVL', '1'), ('LD_LIBRARY_PATH', '/home/amandarln/ros_ws/install/ros_driver_base/lib:/home/amandarln/ros_ws/install/flatfish_ros_efuse_serial/lib:/usr/lib/x86_64-linux-gnu/gazebo-11/plugins:/opt/ros/humble/opt/rviz_ogre_vendor/lib:/opt/ros/humble/lib/x86_64-linux-gnu:/opt/ros/humble/lib'), ('HOME', '/home/amandarln'), ('CHROME_DESKTOP', 'code-url-handler.desktop'), ('TERM_PROGRAM_VERSION', '1.90.0'), ('DESKTOP_SESSION', 'ubuntu'), ('GIO_LAUNCHED_DESKTOP_FILE', '/usr/share/applications/code.desktop'), ('ROS_PYTHON_VERSION', '3'), ('GNOME_SHELL_SESSION_MODE', 'ubuntu'), ('GTK_MODULES', 'gail:atk-bridge'), ('VSCODE_GIT_ASKPASS_MAIN', '/usr/share/code/resources/app/extensions/git/dist/askpass-main.js'), ('VSCODE_GIT_ASKPASS_NODE', '/usr/share/code/code'), ('MANAGERPID', '1418'), ('SYSTEMD_EXEC_PID', '1566'), ('IM_CONFIG_CHECK_ENV', '1'), ('DBUS_SESSION_BUS_ADDRESS', 'unix:path=/run/user/1000/bus'), ('COLORTERM', 'truecolor'), ('GIO_LAUNCHED_DESKTOP_FILE_PID', '6943'), ('IM_CONFIG_PHASE', '1'), ('WAYLAND_DISPLAY', 'wayland-0'), ('COLCON_PREFIX_PATH', '/home/amandarln/ros_ws/install'), ('ROS_DISTRO', 'humble'), ('LOGNAME', 'amandarln'), ('JOURNAL_STREAM', '8:28102'), ('_', '/usr/bin/colcon'), ('ROS_VERSION', '2'), ('XDG_SESSION_CLASS', 'user'), ('USERNAME', 'amandarln'), ('TERM', 'xterm-256color'), ('GNOME_DESKTOP_SESSION_ID', 'this-is-deprecated'), ('ROS_LOCALHOST_ONLY', '0'), ('PATH', '/home/amandarln/.local/bin:/opt/ros/humble/bin:/home/amandarln/.local/bin:/usr/local/sbin:/usr/local/bin:/usr/sbin:/usr/bin:/sbin:/bin:/usr/games:/usr/local/games:/snap/bin:/snap/bin:/home/amandarln/.local/bin:/home/amandarln/.local/bin'), ('SESSION_MANAGER', 'local/amandarln-Nitro-AN515-57:@/tmp/.ICE-unix/1544,unix/amandarln-Nitro-AN515-57:/tmp/.ICE-unix/1544'), ('INVOCATION_ID', 'acbc9979608d478fad43ac7ced57c415'), ('XDG_MENU_PREFIX', 'gnome-'), ('GNOME_SETUP_DISPLAY', ':1'), ('XDG_RUNTIME_DIR', '/run/user/1000'), ('GDK_BACKEND', 'x11'), ('DISPLAY', ':0'), ('LANG', 'en_US.UTF-8'), ('XDG_CURRENT_DESKTOP', 'Unity'), ('XMODIFIERS', '@im=ibus'), ('XDG_SESSION_DESKTOP', 'ubuntu'), ('XAUTHORITY', '/run/user/1000/.mutter-Xwaylandauth.8V4ER2'), ('LS_COLORS', 'rs=0:di=01;34:ln=01;36:mh=00:pi=40;33:so=01;35:do=01;35:bd=40;33;01:cd=40;33;01:or=40;31;01:mi=00:su=37;41:sg=30;43:ca=30;41:tw=30;42:ow=34;42:st=37;44:ex=01;32:*.tar=01;31:*.tgz=01;31:*.arc=01;31:*.arj=01;31:*.taz=01;31:*.lha=01;31:*.lz4=01;31:*.lzh=01;31:*.lzma=01;31:*.tlz=01;31:*.txz=01;31:*.tzo=01;31:*.t7z=01;31:*.zip=01;31:*.z=01;31:*.dz=01;31:*.gz=01;31:*.lrz=01;31:*.lz=01;31:*.lzo=01;31:*.xz=01;31:*.zst=01;31:*.tzst=01;31:*.bz2=01;31:*.bz=01;31:*.tbz=01;31:*.tbz2=01;31:*.tz=01;31:*.deb=01;31:*.rpm=01;31:*.jar=01;31:*.war=01;31:*.ear=01;31:*.sar=01;31:*.rar=01;31:*.alz=01;31:*.ace=01;31:*.zoo=01;31:*.cpio=01;31:*.7z=01;31:*.rz=01;31:*.cab=01;31:*.wim=01;31:*.swm=01;31:*.dwm=01;31:*.esd=01;31:*.jpg=01;35:*.jpeg=01;35:*.mjpg=01;35:*.mjpeg=01;35:*.gif=01;35:*.bmp=01;35:*.pbm=01;35:*.pgm=01;35:*.ppm=01;35:*.tga=01;35:*.xbm=01;35:*.xpm=01;35:*.tif=01;35:*.tiff=01;35:*.png=01;35:*.svg=01;35:*.svgz=01;35:*.mng=01;35:*.pcx=01;35:*.mov=01;35:*.mpg=01;35:*.mpeg=01;35:*.m2v=01;35:*.mkv=01;35:*.webm=01;35:*.webp=01;35:*.ogm=01;35:*.mp4=01;35:*.m4v=01;35:*.mp4v=01;35:*.vob=01;35:*.qt=01;35:*.nuv=01;35:*.wmv=01;35:*.asf=01;35:*.rm=01;35:*.rmvb=01;35:*.flc=01;35:*.avi=01;35:*.fli=01;35:*.flv=01;35:*.gl=01;35:*.dl=01;35:*.xcf=01;35:*.xwd=01;35:*.yuv=01;35:*.cgm=01;35:*.emf=01;35:*.ogv=01;35:*.ogx=01;35:*.aac=00;36:*.au=00;36:*.flac=00;36:*.m4a=00;36:*.mid=00;36:*.midi=00;36:*.mka=00;36:*.mp3=00;36:*.mpc=00;36:*.ogg=00;36:*.ra=00;36:*.wav=00;36:*.oga=00;36:*.opus=00;36:*.spx=00;36:*.xspf=00;36:'), ('VSCODE_GIT_IPC_HANDLE', '/run/user/1000/vscode-git-51c3191532.sock'), ('TERM_PROGRAM', 'vscode'), ('SSH_AGENT_LAUNCHER', 'gnome-keyring'), ('SSH_AUTH_SOCK', '/run/user/1000/keyring/ssh'), ('AMENT_PREFIX_PATH', '/home/amandarln/ros_ws/install/flatfish_ros_efuse_serial:/home/amandarln/ros_ws/install/ros_driver_base:/opt/ros/humble'), ('ORIGINAL_XDG_CURRENT_DESKTOP', 'ubuntu:GNOME'), ('SHELL', '/bin/bash'), ('QT_ACCESSIBILITY', '1'), ('GDMSESSION', 'ubuntu'), ('LESSCLOSE', '/usr/bin/lesspipe %s %s'), ('GJS_DEBUG_OUTPUT', 'stderr'), ('VSCODE_GIT_ASKPASS_EXTRA_ARGS', ''), ('QT_IM_MODULE', 'ibus'), ('PWD', '/home/amandarln/ros_ws/build/flatfish_ros_efuse_serial'), ('LC_ALL', 'en_US.UTF-8'), ('XDG_CONFIG_DIRS', '/etc/xdg/xdg-ubuntu:/etc/xdg'), ('XDG_DATA_DIRS', '/usr/share/ubuntu:/usr/local/share/:/usr/share/:/var/lib/snapd/desktop'), ('PYTHONPATH', '/home/amandarln/ros_ws/install/flatfish_ros_efuse_serial/local/lib/python3.10/dist-packages:/opt/ros/humble/lib/python3.10/site-packages:/opt/ros/humble/local/lib/python3.10/dist-packages'), ('COLCON', '1'), ('CMAKE_PREFIX_PATH', '/home/amandarln/ros_ws/install/ros_driver_base:/home/amandarln/ros_ws/install/flatfish_ros_efuse_serial:/opt/ros/humble')]), 'shell': False}
[0.451577] (flatfish_ros_efuse_serial) StdoutLine: {'line': b'-- Found ament_cmake: 1.3.9 (/opt/ros/humble/share/ament_cmake/cmake)\n'}
[0.500342] (-) TimerEvent: {}
[0.587462] (flatfish_ros_efuse_serial) StdoutLine: {'line': b'-- Found rclcpp: 16.0.9 (/opt/ros/humble/share/rclcpp/cmake)\n'}
[0.600514] (-) TimerEvent: {}
[0.615666] (flatfish_ros_efuse_serial) StdoutLine: {'line': b'-- Found rosidl_generator_c: 3.1.5 (/opt/ros/humble/share/rosidl_generator_c/cmake)\n'}
[0.618108] (flatfish_ros_efuse_serial) StdoutLine: {'line': b'-- Found rosidl_adapter: 3.1.5 (/opt/ros/humble/share/rosidl_adapter/cmake)\n'}
[0.624379] (flatfish_ros_efuse_serial) StdoutLine: {'line': b'-- Found rosidl_generator_cpp: 3.1.5 (/opt/ros/humble/share/rosidl_generator_cpp/cmake)\n'}
[0.636897] (flatfish_ros_efuse_serial) StdoutLine: {'line': b'-- Using all available rosidl_typesupport_c: rosidl_typesupport_fastrtps_c;rosidl_typesupport_introspection_c\n'}
[0.649279] (flatfish_ros_efuse_serial) StdoutLine: {'line': b'-- Using all available rosidl_typesupport_cpp: rosidl_typesupport_fastrtps_cpp;rosidl_typesupport_introspection_cpp\n'}
[0.696378] (flatfish_ros_efuse_serial) StdoutLine: {'line': b'-- Found rmw_implementation_cmake: 6.1.2 (/opt/ros/humble/share/rmw_implementation_cmake/cmake)\n'}
[0.697402] (flatfish_ros_efuse_serial) StdoutLine: {'line': b'-- Found rmw_fastrtps_cpp: 6.2.6 (/opt/ros/humble/share/rmw_fastrtps_cpp/cmake)\n'}
[0.700693] (-) TimerEvent: {}
[0.801246] (-) TimerEvent: {}
[0.809346] (flatfish_ros_efuse_serial) StdoutLine: {'line': b"-- Using RMW implementation 'rmw_fastrtps_cpp' as default\n"}
[0.901459] (-) TimerEvent: {}
[0.950637] (flatfish_ros_efuse_serial) StdoutLine: {'line': b'-- Found ros_driver_base: 0.0.1 (/home/amandarln/ros_ws/install/ros_driver_base/share/ros_driver_base/cmake)\n'}
[0.951576] (flatfish_ros_efuse_serial) StdoutLine: {'line': b'-- Found rosidl_default_generators: 1.2.0 (/opt/ros/humble/share/rosidl_default_generators/cmake)\n'}
[1.001613] (-) TimerEvent: {}
[1.102043] (-) TimerEvent: {}
[1.202560] (-) TimerEvent: {}
[1.239112] (flatfish_ros_efuse_serial) StdoutLine: {'line': b'-- Found ament_cmake_ros: 0.10.0 (/opt/ros/humble/share/ament_cmake_ros/cmake)\n'}
[1.302672] (-) TimerEvent: {}
[1.403219] (-) TimerEvent: {}
[1.503645] (-) TimerEvent: {}
[1.521499] (flatfish_ros_efuse_serial) StdoutLine: {'line': b'-- Using all available rosidl_typesupport_c: rosidl_typesupport_fastrtps_c;rosidl_typesupport_introspection_c\n'}
[1.603743] (-) TimerEvent: {}
[1.636167] (flatfish_ros_efuse_serial) StdoutLine: {'line': b'-- Using all available rosidl_typesupport_cpp: rosidl_typesupport_fastrtps_cpp;rosidl_typesupport_introspection_cpp\n'}
[1.657286] (flatfish_ros_efuse_serial) StdoutLine: {'line': b'-- Found python_cmake_module: 0.10.0 (/opt/ros/humble/share/python_cmake_module/cmake)\n'}
[1.676338] (flatfish_ros_efuse_serial) StdoutLine: {'line': b'-- Using PYTHON_EXECUTABLE: /usr/bin/python3\n'}
[1.676651] (flatfish_ros_efuse_serial) StdoutLine: {'line': b'-- Using PYTHON_INCLUDE_DIRS: /usr/include/python3.10\n'}
[1.676820] (flatfish_ros_efuse_serial) StdoutLine: {'line': b'-- Using PYTHON_LIBRARIES: /usr/lib/x86_64-linux-gnu/libpython3.10.so\n'}
[1.689446] (flatfish_ros_efuse_serial) StdoutLine: {'line': b'-- Found ament_lint_auto: 0.12.11 (/opt/ros/humble/share/ament_lint_auto/cmake)\n'}
[1.697440] (flatfish_ros_efuse_serial) StdoutLine: {'line': b"-- Added test 'cppcheck' to perform static code analysis on C / C++ code\n"}
[1.698217] (flatfish_ros_efuse_serial) StdoutLine: {'line': b'-- Configured cppcheck include dirs: $<BUILD_INTERFACE:/home/amandarln/ros_ws/src/flatfish_ros_efuse_serial/include>\n'}
[1.698351] (flatfish_ros_efuse_serial) StdoutLine: {'line': b'-- Configured cppcheck exclude dirs and/or files: \n'}
[1.699055] (flatfish_ros_efuse_serial) StdoutLine: {'line': b"-- Added test 'lint_cmake' to check CMake code style\n"}
[1.700475] (flatfish_ros_efuse_serial) StdoutLine: {'line': b"-- Added test 'uncrustify' to check C / C++ code style\n"}
[1.700635] (flatfish_ros_efuse_serial) StdoutLine: {'line': b'-- Configured uncrustify additional arguments: \n'}
[1.700865] (flatfish_ros_efuse_serial) StdoutLine: {'line': b"-- Added test 'xmllint' to check XML markup files\n"}
[1.702185] (flatfish_ros_efuse_serial) StdoutLine: {'line': b'-- Configuring done\n'}
[1.703824] (-) TimerEvent: {}
[1.757886] (flatfish_ros_efuse_serial) StdoutLine: {'line': b'-- Generating done\n'}
[1.761434] (flatfish_ros_efuse_serial) StdoutLine: {'line': b'-- Build files have been written to: /home/amandarln/ros_ws/build/flatfish_ros_efuse_serial\n'}
[1.794752] (flatfish_ros_efuse_serial) StdoutLine: {'line': b'\x1b[35m\x1b[1mConsolidate compiler generated dependencies of target flatfish_ros_efuse_serial__rosidl_generator_c\x1b[0m\n'}
[1.804025] (-) TimerEvent: {}
[1.805488] (flatfish_ros_efuse_serial) StdoutLine: {'line': b'[  0%] Built target flatfish_ros_efuse_serial__cpp\n'}
[1.805855] (flatfish_ros_efuse_serial) StdoutLine: {'line': b'[  1%] \x1b[32mBuilding CXX object CMakeFiles/EFuseNode.dir/src/EFuseNode.cpp.o\x1b[0m\n'}
[1.806156] (flatfish_ros_efuse_serial) StdoutLine: {'line': b'[  1%] \x1b[32mBuilding CXX object CMakeFiles/EFuseDriver.dir/src/EFuseDriver.cpp.o\x1b[0m\n'}
[1.814629] (flatfish_ros_efuse_serial) StdoutLine: {'line': b'[ 12%] Built target flatfish_ros_efuse_serial__rosidl_generator_c\n'}
[1.816564] (flatfish_ros_efuse_serial) StdoutLine: {'line': b'[ 12%] Built target ament_cmake_python_copy_flatfish_ros_efuse_serial\n'}
[1.828107] (flatfish_ros_efuse_serial) StdoutLine: {'line': b'\x1b[35m\x1b[1mConsolidate compiler generated dependencies of target flatfish_ros_efuse_serial__rosidl_typesupport_cpp\x1b[0m\n'}
[1.828445] (flatfish_ros_efuse_serial) StdoutLine: {'line': b'\x1b[35m\x1b[1mConsolidate compiler generated dependencies of target flatfish_ros_efuse_serial__rosidl_typesupport_fastrtps_cpp\x1b[0m\n'}
[1.830949] (flatfish_ros_efuse_serial) StdoutLine: {'line': b'\x1b[35m\x1b[1mConsolidate compiler generated dependencies of target flatfish_ros_efuse_serial__rosidl_typesupport_introspection_cpp\x1b[0m\n'}
[1.833601] (flatfish_ros_efuse_serial) StdoutLine: {'line': b'\x1b[35m\x1b[1mConsolidate compiler generated dependencies of target flatfish_ros_efuse_serial__rosidl_typesupport_introspection_c\x1b[0m\n'}
[1.836867] (flatfish_ros_efuse_serial) StdoutLine: {'line': b'\x1b[35m\x1b[1mConsolidate compiler generated dependencies of target flatfish_ros_efuse_serial__rosidl_typesupport_c\x1b[0m\n'}
[1.837504] (flatfish_ros_efuse_serial) StdoutLine: {'line': b'\x1b[35m\x1b[1mConsolidate compiler generated dependencies of target flatfish_ros_efuse_serial__rosidl_typesupport_fastrtps_c\x1b[0m\n'}
[1.856931] (flatfish_ros_efuse_serial) StdoutLine: {'line': b'[ 23%] Built target flatfish_ros_efuse_serial__rosidl_typesupport_c\n'}
[1.860657] (flatfish_ros_efuse_serial) StdoutLine: {'line': b'[ 34%] Built target flatfish_ros_efuse_serial__rosidl_typesupport_introspection_c\n'}
[1.866196] (flatfish_ros_efuse_serial) StdoutLine: {'line': b'[ 51%] Built target flatfish_ros_efuse_serial__rosidl_typesupport_fastrtps_cpp\n'}
[1.866809] (flatfish_ros_efuse_serial) StdoutLine: {'line': b'[ 62%] Built target flatfish_ros_efuse_serial__rosidl_typesupport_introspection_cpp\n'}
[1.867037] (flatfish_ros_efuse_serial) StdoutLine: {'line': b'[ 69%] Built target flatfish_ros_efuse_serial__rosidl_typesupport_cpp\n'}
[1.873347] (flatfish_ros_efuse_serial) StdoutLine: {'line': b'[ 80%] Built target flatfish_ros_efuse_serial__rosidl_typesupport_fastrtps_c\n'}
[1.877939] (flatfish_ros_efuse_serial) StderrLine: {'line': b'In file included from \x1b[01m\x1b[K/home/amandarln/ros_ws/src/flatfish_ros_efuse_serial/src/EFuseDriver.cpp:11\x1b[m\x1b[K:\n'}
[1.878180] (flatfish_ros_efuse_serial) StderrLine: {'line': b'\x1b[01m\x1b[K/home/amandarln/ros_ws/src/flatfish_ros_efuse_serial/include/flatfish_ros_efuse_serial/EFuseDriver.hpp:18:10:\x1b[m\x1b[K \x1b[01;31m\x1b[Kfatal error: \x1b[m\x1b[Kros_driver_base/driver.hpp: No such file or directory\n'}
[1.878324] (flatfish_ros_efuse_serial) StderrLine: {'line': b'   18 | #include \x1b[01;31m\x1b[K"ros_driver_base/driver.hpp"\x1b[m\x1b[K\n'}
[1.878446] (flatfish_ros_efuse_serial) StderrLine: {'line': b'      |          \x1b[01;31m\x1b[K^~~~~~~~~~~~~~~~~~~~~~~~~~~~\x1b[m\x1b[K\n'}
[1.878565] (flatfish_ros_efuse_serial) StderrLine: {'line': b'compilation terminated.\n'}
[1.879638] (flatfish_ros_efuse_serial) StderrLine: {'line': b'gmake[2]: *** [CMakeFiles/EFuseDriver.dir/build.make:76: CMakeFiles/EFuseDriver.dir/src/EFuseDriver.cpp.o] Error 1\n'}
[1.879970] (flatfish_ros_efuse_serial) StderrLine: {'line': b'gmake[1]: *** [CMakeFiles/Makefile2:622: CMakeFiles/EFuseDriver.dir/all] Error 2\n'}
[1.880098] (flatfish_ros_efuse_serial) StderrLine: {'line': b'gmake[1]: *** Waiting for unfinished jobs....\n'}
[1.895670] (flatfish_ros_efuse_serial) StdoutLine: {'line': b'[ 80%] Built target flatfish_ros_efuse_serial\n'}
[1.904116] (-) TimerEvent: {}
[2.004431] (-) TimerEvent: {}
[2.067326] (flatfish_ros_efuse_serial) StderrLine: {'line': b'In file included from \x1b[01m\x1b[K/home/amandarln/ros_ws/src/flatfish_ros_efuse_serial/src/EFuseNode.cpp:9\x1b[m\x1b[K:\n'}
[2.067538] (flatfish_ros_efuse_serial) StderrLine: {'line': b'\x1b[01m\x1b[K/home/amandarln/ros_ws/src/flatfish_ros_efuse_serial/include/flatfish_ros_efuse_serial/EFuseNode.hpp:20:10:\x1b[m\x1b[K \x1b[01;31m\x1b[Kfatal error: \x1b[m\x1b[KEFuseDriver.hpp: No such file or directory\n'}
[2.067633] (flatfish_ros_efuse_serial) StderrLine: {'line': b'   20 | #include \x1b[01;31m\x1b[K<EFuseDriver.hpp>\x1b[m\x1b[K\n'}
[2.067720] (flatfish_ros_efuse_serial) StderrLine: {'line': b'      |          \x1b[01;31m\x1b[K^~~~~~~~~~~~~~~~~\x1b[m\x1b[K\n'}
[2.067795] (flatfish_ros_efuse_serial) StderrLine: {'line': b'compilation terminated.\n'}
[2.073527] (flatfish_ros_efuse_serial) StderrLine: {'line': b'gmake[2]: *** [CMakeFiles/EFuseNode.dir/build.make:76: CMakeFiles/EFuseNode.dir/src/EFuseNode.cpp.o] Error 1\n'}
[2.073853] (flatfish_ros_efuse_serial) StderrLine: {'line': b'gmake[1]: *** [CMakeFiles/Makefile2:596: CMakeFiles/EFuseNode.dir/all] Error 2\n'}
[2.104520] (-) TimerEvent: {}
[2.107938] (flatfish_ros_efuse_serial) StdoutLine: {'line': b'running egg_info\n'}
[2.108569] (flatfish_ros_efuse_serial) StdoutLine: {'line': b'writing flatfish_ros_efuse_serial.egg-info/PKG-INFO\n'}
[2.108757] (flatfish_ros_efuse_serial) StdoutLine: {'line': b'writing dependency_links to flatfish_ros_efuse_serial.egg-info/dependency_links.txt\n'}
[2.108867] (flatfish_ros_efuse_serial) StdoutLine: {'line': b'writing top-level names to flatfish_ros_efuse_serial.egg-info/top_level.txt\n'}
[2.111143] (flatfish_ros_efuse_serial) StdoutLine: {'line': b"reading manifest file 'flatfish_ros_efuse_serial.egg-info/SOURCES.txt'\n"}
[2.112011] (flatfish_ros_efuse_serial) StdoutLine: {'line': b"writing manifest file 'flatfish_ros_efuse_serial.egg-info/SOURCES.txt'\n"}
[2.141110] (flatfish_ros_efuse_serial) StdoutLine: {'line': b'[ 80%] Built target ament_cmake_python_build_flatfish_ros_efuse_serial_egg\n'}
[2.142538] (flatfish_ros_efuse_serial) StderrLine: {'line': b'gmake: *** [Makefile:146: all] Error 2\n'}
[2.144945] (flatfish_ros_efuse_serial) CommandEnded: {'returncode': 2}
[2.204613] (-) TimerEvent: {}
[2.304925] (-) TimerEvent: {}
[2.405273] (-) TimerEvent: {}
[2.505711] (-) TimerEvent: {}
[2.553903] (flatfish_ros_efuse_serial) JobEnded: {'identifier': 'flatfish_ros_efuse_serial', 'rc': 2}
[2.564289] (-) EventReactorShutdown: {}
