[0.000000] (-) TimerEvent: {}
[0.001027] (ros_driver_base) JobQueued: {'identifier': 'ros_driver_base', 'dependencies': OrderedDict()}
[0.001132] (flatfish_ros_efuse_serial) JobQueued: {'identifier': 'flatfish_ros_efuse_serial', 'dependencies': OrderedDict([('ros_driver_base', '/home/amandarln/ros_ws/install/ros_driver_base')])}
[0.001250] (ros_driver_base) JobStarted: {'identifier': 'ros_driver_base'}
[0.008567] (ros_driver_base) JobProgress: {'identifier': 'ros_driver_base', 'progress': 'cmake'}
[0.010024] (ros_driver_base) JobProgress: {'identifier': 'ros_driver_base', 'progress': 'build'}
[0.010099] (ros_driver_base) Command: {'cmd': ['/usr/bin/cmake', '--build', '/home/amandarln/ros_ws/build/ros_driver_base', '--', '-j16', '-l16'], 'cwd': '/home/amandarln/ros_ws/build/ros_driver_base', 'env': OrderedDict([('GJS_DEBUG_TOPICS', 'JS ERROR;JS LOG'), ('LESSOPEN', '| /usr/bin/lesspipe %s'), ('USER', 'amandarln'), ('XDG_SESSION_TYPE', 'wayland'), ('GIT_ASKPASS', '/usr/share/code/resources/app/extensions/git/dist/askpass.sh'), ('SHLVL', '1'), ('LD_LIBRARY_PATH', '/usr/lib/x86_64-linux-gnu/gazebo-11/plugins:/opt/ros/humble/opt/rviz_ogre_vendor/lib:/opt/ros/humble/lib/x86_64-linux-gnu:/opt/ros/humble/lib'), ('HOME', '/home/amandarln'), ('CHROME_DESKTOP', 'code-url-handler.desktop'), ('TERM_PROGRAM_VERSION', '1.90.0'), ('DESKTOP_SESSION', 'ubuntu'), ('GIO_LAUNCHED_DESKTOP_FILE', '/usr/share/applications/code.desktop'), ('ROS_PYTHON_VERSION', '3'), ('GNOME_SHELL_SESSION_MODE', 'ubuntu'), ('GTK_MODULES', 'gail:atk-bridge'), ('VSCODE_GIT_ASKPASS_MAIN', '/usr/share/code/resources/app/extensions/git/dist/askpass-main.js'), ('VSCODE_GIT_ASKPASS_NODE', '/usr/share/code/code'), ('MANAGERPID', '1421'), ('SYSTEMD_EXEC_PID', '1570'), ('IM_CONFIG_CHECK_ENV', '1'), ('DBUS_SESSION_BUS_ADDRESS', 'unix:path=/run/user/1000/bus'), ('COLORTERM', 'truecolor'), ('GIO_LAUNCHED_DESKTOP_FILE_PID', '3871'), ('IM_CONFIG_PHASE', '1'), ('WAYLAND_DISPLAY', 'wayland-0'), ('ROS_DISTRO', 'humble'), ('LOGNAME', 'amandarln'), ('JOURNAL_STREAM', '8:38104'), ('_', '/usr/bin/colcon'), ('ROS_VERSION', '2'), ('XDG_SESSION_CLASS', 'user'), ('USERNAME', 'amandarln'), ('TERM', 'xterm-256color'), ('GNOME_DESKTOP_SESSION_ID', 'this-is-deprecated'), ('ROS_LOCALHOST_ONLY', '0'), ('PATH', '/home/amandarln/.local/bin:/opt/ros/humble/bin:/home/amandarln/.local/bin:/usr/local/sbin:/usr/local/bin:/usr/sbin:/usr/bin:/sbin:/bin:/usr/games:/usr/local/games:/snap/bin:/snap/bin:/home/amandarln/.local/bin:/home/amandarln/.local/bin'), ('SESSION_MANAGER', 'local/amandarln-Nitro-AN515-57:@/tmp/.ICE-unix/1545,unix/amandarln-Nitro-AN515-57:/tmp/.ICE-unix/1545'), ('INVOCATION_ID', '1264c1c0a30a4c24b513457d3ca4061f'), ('XDG_MENU_PREFIX', 'gnome-'), ('GNOME_SETUP_DISPLAY', ':1'), ('XDG_RUNTIME_DIR', '/run/user/1000'), ('GDK_BACKEND', 'x11'), ('DISPLAY', ':0'), ('LANG', 'en_US.UTF-8'), ('XDG_CURRENT_DESKTOP', 'Unity'), ('XMODIFIERS', '@im=ibus'), ('XDG_SESSION_DESKTOP', 'ubuntu'), ('XAUTHORITY', '/run/user/1000/.mutter-Xwaylandauth.R5SGR2'), ('LS_COLORS', 'rs=0:di=01;34:ln=01;36:mh=00:pi=40;33:so=01;35:do=01;35:bd=40;33;01:cd=40;33;01:or=40;31;01:mi=00:su=37;41:sg=30;43:ca=30;41:tw=30;42:ow=34;42:st=37;44:ex=01;32:*.tar=01;31:*.tgz=01;31:*.arc=01;31:*.arj=01;31:*.taz=01;31:*.lha=01;31:*.lz4=01;31:*.lzh=01;31:*.lzma=01;31:*.tlz=01;31:*.txz=01;31:*.tzo=01;31:*.t7z=01;31:*.zip=01;31:*.z=01;31:*.dz=01;31:*.gz=01;31:*.lrz=01;31:*.lz=01;31:*.lzo=01;31:*.xz=01;31:*.zst=01;31:*.tzst=01;31:*.bz2=01;31:*.bz=01;31:*.tbz=01;31:*.tbz2=01;31:*.tz=01;31:*.deb=01;31:*.rpm=01;31:*.jar=01;31:*.war=01;31:*.ear=01;31:*.sar=01;31:*.rar=01;31:*.alz=01;31:*.ace=01;31:*.zoo=01;31:*.cpio=01;31:*.7z=01;31:*.rz=01;31:*.cab=01;31:*.wim=01;31:*.swm=01;31:*.dwm=01;31:*.esd=01;31:*.jpg=01;35:*.jpeg=01;35:*.mjpg=01;35:*.mjpeg=01;35:*.gif=01;35:*.bmp=01;35:*.pbm=01;35:*.pgm=01;35:*.ppm=01;35:*.tga=01;35:*.xbm=01;35:*.xpm=01;35:*.tif=01;35:*.tiff=01;35:*.png=01;35:*.svg=01;35:*.svgz=01;35:*.mng=01;35:*.pcx=01;35:*.mov=01;35:*.mpg=01;35:*.mpeg=01;35:*.m2v=01;35:*.mkv=01;35:*.webm=01;35:*.webp=01;35:*.ogm=01;35:*.mp4=01;35:*.m4v=01;35:*.mp4v=01;35:*.vob=01;35:*.qt=01;35:*.nuv=01;35:*.wmv=01;35:*.asf=01;35:*.rm=01;35:*.rmvb=01;35:*.flc=01;35:*.avi=01;35:*.fli=01;35:*.flv=01;35:*.gl=01;35:*.dl=01;35:*.xcf=01;35:*.xwd=01;35:*.yuv=01;35:*.cgm=01;35:*.emf=01;35:*.ogv=01;35:*.ogx=01;35:*.aac=00;36:*.au=00;36:*.flac=00;36:*.m4a=00;36:*.mid=00;36:*.midi=00;36:*.mka=00;36:*.mp3=00;36:*.mpc=00;36:*.ogg=00;36:*.ra=00;36:*.wav=00;36:*.oga=00;36:*.opus=00;36:*.spx=00;36:*.xspf=00;36:'), ('VSCODE_GIT_IPC_HANDLE', '/run/user/1000/vscode-git-51c3191532.sock'), ('TERM_PROGRAM', 'vscode'), ('SSH_AGENT_LAUNCHER', 'gnome-keyring'), ('SSH_AUTH_SOCK', '/run/user/1000/keyring/ssh'), ('AMENT_PREFIX_PATH', '/opt/ros/humble'), ('ORIGINAL_XDG_CURRENT_DESKTOP', 'ubuntu:GNOME'), ('SHELL', '/bin/bash'), ('QT_ACCESSIBILITY', '1'), ('GDMSESSION', 'ubuntu'), ('LESSCLOSE', '/usr/bin/lesspipe %s %s'), ('GJS_DEBUG_OUTPUT', 'stderr'), ('VSCODE_GIT_ASKPASS_EXTRA_ARGS', ''), ('QT_IM_MODULE', 'ibus'), ('PWD', '/home/amandarln/ros_ws/build/ros_driver_base'), ('LC_ALL', 'en_US.UTF-8'), ('XDG_CONFIG_DIRS', '/etc/xdg/xdg-ubuntu:/etc/xdg'), ('XDG_DATA_DIRS', '/usr/share/ubuntu:/usr/local/share/:/usr/share/:/var/lib/snapd/desktop'), ('PYTHONPATH', '/opt/ros/humble/lib/python3.10/site-packages:/opt/ros/humble/local/lib/python3.10/dist-packages'), ('COLCON', '1'), ('CMAKE_PREFIX_PATH', '/opt/ros/humble')]), 'shell': False}
[0.024742] (ros_driver_base) StdoutLine: {'line': b'/usr/bin/cmake -S/home/amandarln/ros_ws/src/ros_driver_base -B/home/amandarln/ros_ws/build/ros_driver_base --check-build-system CMakeFiles/Makefile.cmake 0\n'}
[0.035084] (ros_driver_base) StdoutLine: {'line': b'/usr/bin/cmake -E cmake_progress_start /home/amandarln/ros_ws/build/ros_driver_base/CMakeFiles /home/amandarln/ros_ws/build/ros_driver_base//CMakeFiles/progress.marks\n'}
[0.042671] (ros_driver_base) StdoutLine: {'line': b'/usr/bin/gmake  -f CMakeFiles/Makefile2 all\n'}
[0.044425] (ros_driver_base) StdoutLine: {'line': b"gmake[1]: Entering directory '/home/amandarln/ros_ws/build/ros_driver_base'\n"}
[0.044632] (ros_driver_base) StdoutLine: {'line': b'/usr/bin/gmake  -f CMakeFiles/ros_driver_base.dir/build.make CMakeFiles/ros_driver_base.dir/depend\n'}
[0.044902] (ros_driver_base) StdoutLine: {'line': b'/usr/bin/gmake  -f gtest/CMakeFiles/gtest_main.dir/build.make gtest/CMakeFiles/gtest_main.dir/depend\n'}
[0.045231] (ros_driver_base) StdoutLine: {'line': b'/usr/bin/gmake  -f gtest/CMakeFiles/gtest.dir/build.make gtest/CMakeFiles/gtest.dir/depend\n'}
[0.047614] (ros_driver_base) StdoutLine: {'line': b"gmake[2]: Entering directory '/home/amandarln/ros_ws/build/ros_driver_base'\n"}
[0.047792] (ros_driver_base) StdoutLine: {'line': b'cd /home/amandarln/ros_ws/build/ros_driver_base && /usr/bin/cmake -E cmake_depends "Unix Makefiles" /home/amandarln/ros_ws/src/ros_driver_base /opt/ros/humble/src/gtest_vendor /home/amandarln/ros_ws/build/ros_driver_base /home/amandarln/ros_ws/build/ros_driver_base/gtest /home/amandarln/ros_ws/build/ros_driver_base/gtest/CMakeFiles/gtest_main.dir/DependInfo.cmake --color=\n'}
[0.048094] (ros_driver_base) StdoutLine: {'line': b"gmake[2]: Entering directory '/home/amandarln/ros_ws/build/ros_driver_base'\n"}
[0.048284] (ros_driver_base) StdoutLine: {'line': b'cd /home/amandarln/ros_ws/build/ros_driver_base && /usr/bin/cmake -E cmake_depends "Unix Makefiles" /home/amandarln/ros_ws/src/ros_driver_base /opt/ros/humble/src/gtest_vendor /home/amandarln/ros_ws/build/ros_driver_base /home/amandarln/ros_ws/build/ros_driver_base/gtest /home/amandarln/ros_ws/build/ros_driver_base/gtest/CMakeFiles/gtest.dir/DependInfo.cmake --color=\n'}
[0.051529] (ros_driver_base) StdoutLine: {'line': b"gmake[2]: Entering directory '/home/amandarln/ros_ws/build/ros_driver_base'\n"}
[0.051706] (ros_driver_base) StdoutLine: {'line': b'cd /home/amandarln/ros_ws/build/ros_driver_base && /usr/bin/cmake -E cmake_depends "Unix Makefiles" /home/amandarln/ros_ws/src/ros_driver_base /home/amandarln/ros_ws/src/ros_driver_base /home/amandarln/ros_ws/build/ros_driver_base /home/amandarln/ros_ws/build/ros_driver_base /home/amandarln/ros_ws/build/ros_driver_base/CMakeFiles/ros_driver_base.dir/DependInfo.cmake --color=\n'}
[0.058793] (ros_driver_base) StdoutLine: {'line': b"gmake[2]: Leaving directory '/home/amandarln/ros_ws/build/ros_driver_base'\n"}
[0.059205] (ros_driver_base) StdoutLine: {'line': b'/usr/bin/gmake  -f gtest/CMakeFiles/gtest_main.dir/build.make gtest/CMakeFiles/gtest_main.dir/build\n'}
[0.059473] (ros_driver_base) StdoutLine: {'line': b"gmake[2]: Leaving directory '/home/amandarln/ros_ws/build/ros_driver_base'\n"}
[0.059732] (ros_driver_base) StdoutLine: {'line': b'/usr/bin/gmake  -f gtest/CMakeFiles/gtest.dir/build.make gtest/CMakeFiles/gtest.dir/build\n'}
[0.062104] (ros_driver_base) StdoutLine: {'line': b"gmake[2]: Entering directory '/home/amandarln/ros_ws/build/ros_driver_base'\n"}
[0.062394] (ros_driver_base) StdoutLine: {'line': b"gmake[2]: Nothing to be done for 'gtest/CMakeFiles/gtest_main.dir/build'.\n"}
[0.062673] (ros_driver_base) StdoutLine: {'line': b"gmake[2]: Leaving directory '/home/amandarln/ros_ws/build/ros_driver_base'\n"}
[0.062962] (ros_driver_base) StdoutLine: {'line': b"gmake[2]: Leaving directory '/home/amandarln/ros_ws/build/ros_driver_base'\n"}
[0.063118] (ros_driver_base) StdoutLine: {'line': b'/usr/bin/gmake  -f CMakeFiles/ros_driver_base.dir/build.make CMakeFiles/ros_driver_base.dir/build\n'}
[0.063198] (ros_driver_base) StdoutLine: {'line': b"gmake[2]: Entering directory '/home/amandarln/ros_ws/build/ros_driver_base'\n"}
[0.063270] (ros_driver_base) StdoutLine: {'line': b"gmake[2]: Nothing to be done for 'gtest/CMakeFiles/gtest.dir/build'.\n"}
[0.063341] (ros_driver_base) StdoutLine: {'line': b"gmake[2]: Leaving directory '/home/amandarln/ros_ws/build/ros_driver_base'\n"}
[0.069853] (ros_driver_base) StdoutLine: {'line': b'[  7%] Built target gtest_main\n'}
[0.070216] (ros_driver_base) StdoutLine: {'line': b"gmake[2]: Entering directory '/home/amandarln/ros_ws/build/ros_driver_base'\n"}
[0.070398] (ros_driver_base) StdoutLine: {'line': b"gmake[2]: Nothing to be done for 'CMakeFiles/ros_driver_base.dir/build'.\n"}
[0.070556] (ros_driver_base) StdoutLine: {'line': b"gmake[2]: Leaving directory '/home/amandarln/ros_ws/build/ros_driver_base'\n"}
[0.070710] (ros_driver_base) StdoutLine: {'line': b'[ 14%] Built target gtest\n'}
[0.076984] (ros_driver_base) StdoutLine: {'line': b'[ 48%] Built target ros_driver_base\n'}
[0.077993] (ros_driver_base) StdoutLine: {'line': b'/usr/bin/gmake  -f CMakeFiles/test_test_stream_gtest.dir/build.make CMakeFiles/test_test_stream_gtest.dir/depend\n'}
[0.078442] (ros_driver_base) StdoutLine: {'line': b'/usr/bin/gmake  -f CMakeFiles/test_driver.dir/build.make CMakeFiles/test_driver.dir/depend\n'}
[0.078800] (ros_driver_base) StdoutLine: {'line': b'/usr/bin/gmake  -f CMakeFiles/test_tcp_read.dir/build.make CMakeFiles/test_tcp_read.dir/depend\n'}
[0.079228] (ros_driver_base) StdoutLine: {'line': b'/usr/bin/gmake  -f CMakeFiles/test_tcp_write.dir/build.make CMakeFiles/test_tcp_write.dir/depend\n'}
[0.079704] (ros_driver_base) StdoutLine: {'line': b'/usr/bin/gmake  -f CMakeFiles/test_udp_read.dir/build.make CMakeFiles/test_udp_read.dir/depend\n'}
[0.080143] (ros_driver_base) StdoutLine: {'line': b'/usr/bin/gmake  -f CMakeFiles/test_udp_write.dir/build.make CMakeFiles/test_udp_write.dir/depend\n'}
[0.081325] (ros_driver_base) StdoutLine: {'line': b"gmake[2]: Entering directory '/home/amandarln/ros_ws/build/ros_driver_base'\n"}
[0.081867] (ros_driver_base) StdoutLine: {'line': b'cd /home/amandarln/ros_ws/build/ros_driver_base && /usr/bin/cmake -E cmake_depends "Unix Makefiles" /home/amandarln/ros_ws/src/ros_driver_base /home/amandarln/ros_ws/src/ros_driver_base /home/amandarln/ros_ws/build/ros_driver_base /home/amandarln/ros_ws/build/ros_driver_base /home/amandarln/ros_ws/build/ros_driver_base/CMakeFiles/test_test_stream_gtest.dir/DependInfo.cmake --color=\n'}
[0.082017] (ros_driver_base) StdoutLine: {'line': b"gmake[2]: Entering directory '/home/amandarln/ros_ws/build/ros_driver_base'\n"}
[0.082107] (ros_driver_base) StdoutLine: {'line': b'cd /home/amandarln/ros_ws/build/ros_driver_base && /usr/bin/cmake -E cmake_depends "Unix Makefiles" /home/amandarln/ros_ws/src/ros_driver_base /home/amandarln/ros_ws/src/ros_driver_base /home/amandarln/ros_ws/build/ros_driver_base /home/amandarln/ros_ws/build/ros_driver_base /home/amandarln/ros_ws/build/ros_driver_base/CMakeFiles/test_tcp_read.dir/DependInfo.cmake --color=\n'}
[0.082201] (ros_driver_base) StdoutLine: {'line': b"gmake[2]: Entering directory '/home/amandarln/ros_ws/build/ros_driver_base'\n"}
[0.082280] (ros_driver_base) StdoutLine: {'line': b'cd /home/amandarln/ros_ws/build/ros_driver_base && /usr/bin/cmake -E cmake_depends "Unix Makefiles" /home/amandarln/ros_ws/src/ros_driver_base /home/amandarln/ros_ws/src/ros_driver_base /home/amandarln/ros_ws/build/ros_driver_base /home/amandarln/ros_ws/build/ros_driver_base /home/amandarln/ros_ws/build/ros_driver_base/CMakeFiles/test_tcp_write.dir/DependInfo.cmake --color=\n'}
[0.082368] (ros_driver_base) StdoutLine: {'line': b"gmake[2]: Entering directory '/home/amandarln/ros_ws/build/ros_driver_base'\n"}
[0.082453] (ros_driver_base) StdoutLine: {'line': b'cd /home/amandarln/ros_ws/build/ros_driver_base && /usr/bin/cmake -E cmake_depends "Unix Makefiles" /home/amandarln/ros_ws/src/ros_driver_base /home/amandarln/ros_ws/src/ros_driver_base /home/amandarln/ros_ws/build/ros_driver_base /home/amandarln/ros_ws/build/ros_driver_base /home/amandarln/ros_ws/build/ros_driver_base/CMakeFiles/test_udp_read.dir/DependInfo.cmake --color=\n'}
[0.082587] (ros_driver_base) StdoutLine: {'line': b"gmake[2]: Entering directory '/home/amandarln/ros_ws/build/ros_driver_base'\n"}
[0.082667] (ros_driver_base) StdoutLine: {'line': b'cd /home/amandarln/ros_ws/build/ros_driver_base && /usr/bin/cmake -E cmake_depends "Unix Makefiles" /home/amandarln/ros_ws/src/ros_driver_base /home/amandarln/ros_ws/src/ros_driver_base /home/amandarln/ros_ws/build/ros_driver_base /home/amandarln/ros_ws/build/ros_driver_base /home/amandarln/ros_ws/build/ros_driver_base/CMakeFiles/test_udp_write.dir/DependInfo.cmake --color=\n'}
[0.083843] (ros_driver_base) StdoutLine: {'line': b"gmake[2]: Entering directory '/home/amandarln/ros_ws/build/ros_driver_base'\n"}
[0.084020] (ros_driver_base) StdoutLine: {'line': b'cd /home/amandarln/ros_ws/build/ros_driver_base && /usr/bin/cmake -E cmake_depends "Unix Makefiles" /home/amandarln/ros_ws/src/ros_driver_base /home/amandarln/ros_ws/src/ros_driver_base /home/amandarln/ros_ws/build/ros_driver_base /home/amandarln/ros_ws/build/ros_driver_base /home/amandarln/ros_ws/build/ros_driver_base/CMakeFiles/test_driver.dir/DependInfo.cmake --color=\n'}
[0.091025] (ros_driver_base) StdoutLine: {'line': b"gmake[2]: Leaving directory '/home/amandarln/ros_ws/build/ros_driver_base'\n"}
[0.091345] (ros_driver_base) StdoutLine: {'line': b"gmake[2]: Leaving directory '/home/amandarln/ros_ws/build/ros_driver_base'\n"}
[0.091551] (ros_driver_base) StdoutLine: {'line': b'/usr/bin/gmake  -f CMakeFiles/test_test_stream_gtest.dir/build.make CMakeFiles/test_test_stream_gtest.dir/build\n'}
[0.091790] (ros_driver_base) StdoutLine: {'line': b"gmake[2]: Leaving directory '/home/amandarln/ros_ws/build/ros_driver_base'\n"}
[0.091923] (ros_driver_base) StdoutLine: {'line': b"gmake[2]: Leaving directory '/home/amandarln/ros_ws/build/ros_driver_base'\n"}
[0.092072] (ros_driver_base) StdoutLine: {'line': b'/usr/bin/gmake  -f CMakeFiles/test_udp_read.dir/build.make CMakeFiles/test_udp_read.dir/build\n'}
[0.092154] (ros_driver_base) StdoutLine: {'line': b'/usr/bin/gmake  -f CMakeFiles/test_tcp_read.dir/build.make CMakeFiles/test_tcp_read.dir/build\n'}
[0.092229] (ros_driver_base) StdoutLine: {'line': b'/usr/bin/gmake  -f CMakeFiles/test_tcp_write.dir/build.make CMakeFiles/test_tcp_write.dir/build\n'}
[0.092519] (ros_driver_base) StdoutLine: {'line': b"gmake[2]: Leaving directory '/home/amandarln/ros_ws/build/ros_driver_base'\n"}
[0.092681] (ros_driver_base) StdoutLine: {'line': b'/usr/bin/gmake  -f CMakeFiles/test_udp_write.dir/build.make CMakeFiles/test_udp_write.dir/build\n'}
[0.093445] (ros_driver_base) StdoutLine: {'line': b"gmake[2]: Leaving directory '/home/amandarln/ros_ws/build/ros_driver_base'\n"}
[0.093798] (ros_driver_base) StdoutLine: {'line': b'/usr/bin/gmake  -f CMakeFiles/test_driver.dir/build.make CMakeFiles/test_driver.dir/build\n'}
[0.093892] (ros_driver_base) StdoutLine: {'line': b"gmake[2]: Entering directory '/home/amandarln/ros_ws/build/ros_driver_base'\n"}
[0.093970] (ros_driver_base) StdoutLine: {'line': b"gmake[2]: Nothing to be done for 'CMakeFiles/test_udp_read.dir/build'.\n"}
[0.094055] (ros_driver_base) StdoutLine: {'line': b"gmake[2]: Leaving directory '/home/amandarln/ros_ws/build/ros_driver_base'\n"}
[0.094185] (ros_driver_base) StdoutLine: {'line': b"gmake[2]: Entering directory '/home/amandarln/ros_ws/build/ros_driver_base'\n"}
[0.094273] (ros_driver_base) StdoutLine: {'line': b"gmake[2]: Nothing to be done for 'CMakeFiles/test_tcp_read.dir/build'.\n"}
[0.094407] (ros_driver_base) StdoutLine: {'line': b"gmake[2]: Leaving directory '/home/amandarln/ros_ws/build/ros_driver_base'\n"}
[0.094489] (ros_driver_base) StdoutLine: {'line': b"gmake[2]: Entering directory '/home/amandarln/ros_ws/build/ros_driver_base'\n"}
[0.094576] (ros_driver_base) StdoutLine: {'line': b"gmake[2]: Nothing to be done for 'CMakeFiles/test_tcp_write.dir/build'.\n"}
[0.094650] (ros_driver_base) StdoutLine: {'line': b"gmake[2]: Leaving directory '/home/amandarln/ros_ws/build/ros_driver_base'\n"}
[0.094722] (ros_driver_base) StdoutLine: {'line': b"gmake[2]: Entering directory '/home/amandarln/ros_ws/build/ros_driver_base'\n"}
[0.094795] (ros_driver_base) StdoutLine: {'line': b"gmake[2]: Nothing to be done for 'CMakeFiles/test_test_stream_gtest.dir/build'.\n"}
[0.094869] (ros_driver_base) StdoutLine: {'line': b"gmake[2]: Leaving directory '/home/amandarln/ros_ws/build/ros_driver_base'\n"}
[0.095031] (ros_driver_base) StdoutLine: {'line': b"gmake[2]: Entering directory '/home/amandarln/ros_ws/build/ros_driver_base'\n"}
[0.095116] (ros_driver_base) StdoutLine: {'line': b"gmake[2]: Nothing to be done for 'CMakeFiles/test_udp_write.dir/build'.\n"}
[0.095190] (ros_driver_base) StdoutLine: {'line': b"gmake[2]: Leaving directory '/home/amandarln/ros_ws/build/ros_driver_base'\n"}
[0.099512] (ros_driver_base) StdoutLine: {'line': b"gmake[2]: Entering directory '/home/amandarln/ros_ws/build/ros_driver_base'\n"}
[0.099780] (ros_driver_base) StdoutLine: {'line': b"gmake[2]: Nothing to be done for 'CMakeFiles/test_driver.dir/build'.\n"}
[0.099934] (-) TimerEvent: {}
[0.100095] (ros_driver_base) StdoutLine: {'line': b"gmake[2]: Leaving directory '/home/amandarln/ros_ws/build/ros_driver_base'\n"}
[0.102781] (ros_driver_base) StdoutLine: {'line': b'[ 62%] Built target test_tcp_read\n'}
[0.103021] (ros_driver_base) StdoutLine: {'line': b'[ 62%] Built target test_udp_read\n'}
[0.103151] (ros_driver_base) StdoutLine: {'line': b'[ 74%] Built target test_tcp_write\n'}
[0.103270] (ros_driver_base) StdoutLine: {'line': b'[ 77%] Built target test_test_stream_gtest\n'}
[0.103543] (ros_driver_base) StdoutLine: {'line': b'[ 85%] Built target test_udp_write\n'}
[0.107394] (ros_driver_base) StdoutLine: {'line': b'[100%] Built target test_driver\n'}
[0.108636] (ros_driver_base) StdoutLine: {'line': b"gmake[1]: Leaving directory '/home/amandarln/ros_ws/build/ros_driver_base'\n"}
[0.108892] (ros_driver_base) StdoutLine: {'line': b'/usr/bin/cmake -E cmake_progress_start /home/amandarln/ros_ws/build/ros_driver_base/CMakeFiles 0\n'}
[0.121751] (ros_driver_base) CommandEnded: {'returncode': 0}
[0.200053] (-) TimerEvent: {}
[0.230176] (ros_driver_base) JobProgress: {'identifier': 'ros_driver_base', 'progress': 'install'}
[0.245568] (ros_driver_base) Command: {'cmd': ['/usr/bin/cmake', '--install', '/home/amandarln/ros_ws/build/ros_driver_base'], 'cwd': '/home/amandarln/ros_ws/build/ros_driver_base', 'env': OrderedDict([('GJS_DEBUG_TOPICS', 'JS ERROR;JS LOG'), ('LESSOPEN', '| /usr/bin/lesspipe %s'), ('USER', 'amandarln'), ('XDG_SESSION_TYPE', 'wayland'), ('GIT_ASKPASS', '/usr/share/code/resources/app/extensions/git/dist/askpass.sh'), ('SHLVL', '1'), ('LD_LIBRARY_PATH', '/usr/lib/x86_64-linux-gnu/gazebo-11/plugins:/opt/ros/humble/opt/rviz_ogre_vendor/lib:/opt/ros/humble/lib/x86_64-linux-gnu:/opt/ros/humble/lib'), ('HOME', '/home/amandarln'), ('CHROME_DESKTOP', 'code-url-handler.desktop'), ('TERM_PROGRAM_VERSION', '1.90.0'), ('DESKTOP_SESSION', 'ubuntu'), ('GIO_LAUNCHED_DESKTOP_FILE', '/usr/share/applications/code.desktop'), ('ROS_PYTHON_VERSION', '3'), ('GNOME_SHELL_SESSION_MODE', 'ubuntu'), ('GTK_MODULES', 'gail:atk-bridge'), ('VSCODE_GIT_ASKPASS_MAIN', '/usr/share/code/resources/app/extensions/git/dist/askpass-main.js'), ('VSCODE_GIT_ASKPASS_NODE', '/usr/share/code/code'), ('MANAGERPID', '1421'), ('SYSTEMD_EXEC_PID', '1570'), ('IM_CONFIG_CHECK_ENV', '1'), ('DBUS_SESSION_BUS_ADDRESS', 'unix:path=/run/user/1000/bus'), ('COLORTERM', 'truecolor'), ('GIO_LAUNCHED_DESKTOP_FILE_PID', '3871'), ('IM_CONFIG_PHASE', '1'), ('WAYLAND_DISPLAY', 'wayland-0'), ('ROS_DISTRO', 'humble'), ('LOGNAME', 'amandarln'), ('JOURNAL_STREAM', '8:38104'), ('_', '/usr/bin/colcon'), ('ROS_VERSION', '2'), ('XDG_SESSION_CLASS', 'user'), ('USERNAME', 'amandarln'), ('TERM', 'xterm-256color'), ('GNOME_DESKTOP_SESSION_ID', 'this-is-deprecated'), ('ROS_LOCALHOST_ONLY', '0'), ('PATH', '/home/amandarln/.local/bin:/opt/ros/humble/bin:/home/amandarln/.local/bin:/usr/local/sbin:/usr/local/bin:/usr/sbin:/usr/bin:/sbin:/bin:/usr/games:/usr/local/games:/snap/bin:/snap/bin:/home/amandarln/.local/bin:/home/amandarln/.local/bin'), ('SESSION_MANAGER', 'local/amandarln-Nitro-AN515-57:@/tmp/.ICE-unix/1545,unix/amandarln-Nitro-AN515-57:/tmp/.ICE-unix/1545'), ('INVOCATION_ID', '1264c1c0a30a4c24b513457d3ca4061f'), ('XDG_MENU_PREFIX', 'gnome-'), ('GNOME_SETUP_DISPLAY', ':1'), ('XDG_RUNTIME_DIR', '/run/user/1000'), ('GDK_BACKEND', 'x11'), ('DISPLAY', ':0'), ('LANG', 'en_US.UTF-8'), ('XDG_CURRENT_DESKTOP', 'Unity'), ('XMODIFIERS', '@im=ibus'), ('XDG_SESSION_DESKTOP', 'ubuntu'), ('XAUTHORITY', '/run/user/1000/.mutter-Xwaylandauth.R5SGR2'), ('LS_COLORS', 'rs=0:di=01;34:ln=01;36:mh=00:pi=40;33:so=01;35:do=01;35:bd=40;33;01:cd=40;33;01:or=40;31;01:mi=00:su=37;41:sg=30;43:ca=30;41:tw=30;42:ow=34;42:st=37;44:ex=01;32:*.tar=01;31:*.tgz=01;31:*.arc=01;31:*.arj=01;31:*.taz=01;31:*.lha=01;31:*.lz4=01;31:*.lzh=01;31:*.lzma=01;31:*.tlz=01;31:*.txz=01;31:*.tzo=01;31:*.t7z=01;31:*.zip=01;31:*.z=01;31:*.dz=01;31:*.gz=01;31:*.lrz=01;31:*.lz=01;31:*.lzo=01;31:*.xz=01;31:*.zst=01;31:*.tzst=01;31:*.bz2=01;31:*.bz=01;31:*.tbz=01;31:*.tbz2=01;31:*.tz=01;31:*.deb=01;31:*.rpm=01;31:*.jar=01;31:*.war=01;31:*.ear=01;31:*.sar=01;31:*.rar=01;31:*.alz=01;31:*.ace=01;31:*.zoo=01;31:*.cpio=01;31:*.7z=01;31:*.rz=01;31:*.cab=01;31:*.wim=01;31:*.swm=01;31:*.dwm=01;31:*.esd=01;31:*.jpg=01;35:*.jpeg=01;35:*.mjpg=01;35:*.mjpeg=01;35:*.gif=01;35:*.bmp=01;35:*.pbm=01;35:*.pgm=01;35:*.ppm=01;35:*.tga=01;35:*.xbm=01;35:*.xpm=01;35:*.tif=01;35:*.tiff=01;35:*.png=01;35:*.svg=01;35:*.svgz=01;35:*.mng=01;35:*.pcx=01;35:*.mov=01;35:*.mpg=01;35:*.mpeg=01;35:*.m2v=01;35:*.mkv=01;35:*.webm=01;35:*.webp=01;35:*.ogm=01;35:*.mp4=01;35:*.m4v=01;35:*.mp4v=01;35:*.vob=01;35:*.qt=01;35:*.nuv=01;35:*.wmv=01;35:*.asf=01;35:*.rm=01;35:*.rmvb=01;35:*.flc=01;35:*.avi=01;35:*.fli=01;35:*.flv=01;35:*.gl=01;35:*.dl=01;35:*.xcf=01;35:*.xwd=01;35:*.yuv=01;35:*.cgm=01;35:*.emf=01;35:*.ogv=01;35:*.ogx=01;35:*.aac=00;36:*.au=00;36:*.flac=00;36:*.m4a=00;36:*.mid=00;36:*.midi=00;36:*.mka=00;36:*.mp3=00;36:*.mpc=00;36:*.ogg=00;36:*.ra=00;36:*.wav=00;36:*.oga=00;36:*.opus=00;36:*.spx=00;36:*.xspf=00;36:'), ('VSCODE_GIT_IPC_HANDLE', '/run/user/1000/vscode-git-51c3191532.sock'), ('TERM_PROGRAM', 'vscode'), ('SSH_AGENT_LAUNCHER', 'gnome-keyring'), ('SSH_AUTH_SOCK', '/run/user/1000/keyring/ssh'), ('AMENT_PREFIX_PATH', '/opt/ros/humble'), ('ORIGINAL_XDG_CURRENT_DESKTOP', 'ubuntu:GNOME'), ('SHELL', '/bin/bash'), ('QT_ACCESSIBILITY', '1'), ('GDMSESSION', 'ubuntu'), ('LESSCLOSE', '/usr/bin/lesspipe %s %s'), ('GJS_DEBUG_OUTPUT', 'stderr'), ('VSCODE_GIT_ASKPASS_EXTRA_ARGS', ''), ('QT_IM_MODULE', 'ibus'), ('PWD', '/home/amandarln/ros_ws/build/ros_driver_base'), ('LC_ALL', 'en_US.UTF-8'), ('XDG_CONFIG_DIRS', '/etc/xdg/xdg-ubuntu:/etc/xdg'), ('XDG_DATA_DIRS', '/usr/share/ubuntu:/usr/local/share/:/usr/share/:/var/lib/snapd/desktop'), ('PYTHONPATH', '/opt/ros/humble/lib/python3.10/site-packages:/opt/ros/humble/local/lib/python3.10/dist-packages'), ('COLCON', '1'), ('CMAKE_PREFIX_PATH', '/opt/ros/humble')]), 'shell': False}
[0.253585] (ros_driver_base) StdoutLine: {'line': b'-- Install configuration: ""\n'}
[0.254327] (ros_driver_base) StdoutLine: {'line': b'-- Up-to-date: /home/amandarln/ros_ws/install/ros_driver_base/share/ros_driver_base/environment/library_path.sh\n'}
[0.254846] (ros_driver_base) StdoutLine: {'line': b'-- Up-to-date: /home/amandarln/ros_ws/install/ros_driver_base/share/ros_driver_base/environment/library_path.dsv\n'}
[0.255044] (ros_driver_base) StdoutLine: {'line': b'-- Up-to-date: /home/amandarln/ros_ws/install/ros_driver_base/share/ament_index/resource_index/package_run_dependencies/ros_driver_base\n'}
[0.255207] (ros_driver_base) StdoutLine: {'line': b'-- Up-to-date: /home/amandarln/ros_ws/install/ros_driver_base/share/ament_index/resource_index/parent_prefix_path/ros_driver_base\n'}
[0.255313] (ros_driver_base) StdoutLine: {'line': b'-- Up-to-date: /home/amandarln/ros_ws/install/ros_driver_base/share/ros_driver_base/environment/ament_prefix_path.sh\n'}
[0.255380] (ros_driver_base) StdoutLine: {'line': b'-- Up-to-date: /home/amandarln/ros_ws/install/ros_driver_base/share/ros_driver_base/environment/ament_prefix_path.dsv\n'}
[0.255447] (ros_driver_base) StdoutLine: {'line': b'-- Up-to-date: /home/amandarln/ros_ws/install/ros_driver_base/share/ros_driver_base/environment/path.sh\n'}
[0.255516] (ros_driver_base) StdoutLine: {'line': b'-- Up-to-date: /home/amandarln/ros_ws/install/ros_driver_base/share/ros_driver_base/environment/path.dsv\n'}
[0.255588] (ros_driver_base) StdoutLine: {'line': b'-- Up-to-date: /home/amandarln/ros_ws/install/ros_driver_base/share/ros_driver_base/local_setup.bash\n'}
[0.255657] (ros_driver_base) StdoutLine: {'line': b'-- Up-to-date: /home/amandarln/ros_ws/install/ros_driver_base/share/ros_driver_base/local_setup.sh\n'}
[0.255767] (ros_driver_base) StdoutLine: {'line': b'-- Up-to-date: /home/amandarln/ros_ws/install/ros_driver_base/share/ros_driver_base/local_setup.zsh\n'}
[0.255891] (ros_driver_base) StdoutLine: {'line': b'-- Up-to-date: /home/amandarln/ros_ws/install/ros_driver_base/share/ros_driver_base/local_setup.dsv\n'}
[0.256192] (ros_driver_base) StdoutLine: {'line': b'-- Up-to-date: /home/amandarln/ros_ws/install/ros_driver_base/share/ros_driver_base/package.dsv\n'}
[0.256623] (ros_driver_base) StdoutLine: {'line': b'-- Up-to-date: /home/amandarln/ros_ws/install/ros_driver_base/share/ament_index/resource_index/packages/ros_driver_base\n'}
[0.257015] (ros_driver_base) StdoutLine: {'line': b'-- Up-to-date: /home/amandarln/ros_ws/install/ros_driver_base/share/ros_driver_base/cmake/ament_cmake_export_include_directories-extras.cmake\n'}
[0.257451] (ros_driver_base) StdoutLine: {'line': b'-- Up-to-date: /home/amandarln/ros_ws/install/ros_driver_base/share/ros_driver_base/cmake/ament_cmake_export_libraries-extras.cmake\n'}
[0.257582] (ros_driver_base) StdoutLine: {'line': b'-- Up-to-date: /home/amandarln/ros_ws/install/ros_driver_base/share/ros_driver_base/cmake/ros_driver_baseConfig.cmake\n'}
[0.257712] (ros_driver_base) StdoutLine: {'line': b'-- Up-to-date: /home/amandarln/ros_ws/install/ros_driver_base/share/ros_driver_base/cmake/ros_driver_baseConfig-version.cmake\n'}
[0.257840] (ros_driver_base) StdoutLine: {'line': b'-- Up-to-date: /home/amandarln/ros_ws/install/ros_driver_base/share/ros_driver_base/package.xml\n'}
[0.257966] (ros_driver_base) StdoutLine: {'line': b'-- Up-to-date: /home/amandarln/ros_ws/install/ros_driver_base/include\n'}
[0.258091] (ros_driver_base) StdoutLine: {'line': b'-- Up-to-date: /home/amandarln/ros_ws/install/ros_driver_base/include/ros_driver_base\n'}
[0.258218] (ros_driver_base) StdoutLine: {'line': b'-- Up-to-date: /home/amandarln/ros_ws/install/ros_driver_base/include/ros_driver_base/mock_context_exception.hpp\n'}
[0.258344] (ros_driver_base) StdoutLine: {'line': b'-- Up-to-date: /home/amandarln/ros_ws/install/ros_driver_base/include/ros_driver_base/status.hpp\n'}
[0.258471] (ros_driver_base) StdoutLine: {'line': b'-- Up-to-date: /home/amandarln/ros_ws/install/ros_driver_base/include/ros_driver_base/bus_handler.hpp\n'}
[0.258546] (ros_driver_base) StdoutLine: {'line': b'-- Up-to-date: /home/amandarln/ros_ws/install/ros_driver_base/include/ros_driver_base/io_stream.hpp\n'}
[0.258618] (ros_driver_base) StdoutLine: {'line': b'-- Up-to-date: /home/amandarln/ros_ws/install/ros_driver_base/include/ros_driver_base/fd_stream.hpp\n'}
[0.258821] (ros_driver_base) StdoutLine: {'line': b'-- Up-to-date: /home/amandarln/ros_ws/install/ros_driver_base/include/ros_driver_base/test_ends_with_expectations_left_exception.hpp\n'}
[0.258892] (ros_driver_base) StdoutLine: {'line': b'-- Up-to-date: /home/amandarln/ros_ws/install/ros_driver_base/include/ros_driver_base/timeout.hpp\n'}
[0.258965] (ros_driver_base) StdoutLine: {'line': b'-- Up-to-date: /home/amandarln/ros_ws/install/ros_driver_base/include/ros_driver_base/test_stream.hpp\n'}
[0.259033] (ros_driver_base) StdoutLine: {'line': b'-- Up-to-date: /home/amandarln/ros_ws/install/ros_driver_base/include/ros_driver_base/file_guard.hpp\n'}
[0.259106] (ros_driver_base) StdoutLine: {'line': b'-- Up-to-date: /home/amandarln/ros_ws/install/ros_driver_base/include/ros_driver_base/tcp_driver.hpp\n'}
[0.259177] (ros_driver_base) StdoutLine: {'line': b'-- Up-to-date: /home/amandarln/ros_ws/install/ros_driver_base/include/ros_driver_base/driver.hpp\n'}
[0.259246] (ros_driver_base) StdoutLine: {'line': b'-- Up-to-date: /home/amandarln/ros_ws/install/ros_driver_base/include/ros_driver_base/bus.hpp\n'}
[0.259316] (ros_driver_base) StdoutLine: {'line': b'-- Up-to-date: /home/amandarln/ros_ws/install/ros_driver_base/include/ros_driver_base/parser.hpp\n'}
[0.259383] (ros_driver_base) StdoutLine: {'line': b'-- Up-to-date: /home/amandarln/ros_ws/install/ros_driver_base/include/ros_driver_base/io_listener.hpp\n'}
[0.259452] (ros_driver_base) StdoutLine: {'line': b'-- Up-to-date: /home/amandarln/ros_ws/install/ros_driver_base/include/ros_driver_base/runtime_exceptions.hpp\n'}
[0.259523] (ros_driver_base) StdoutLine: {'line': b'-- Up-to-date: /home/amandarln/ros_ws/install/ros_driver_base/include/ros_driver_base/udp_server_stream.hpp\n'}
[0.259593] (ros_driver_base) StdoutLine: {'line': b'-- Up-to-date: /home/amandarln/ros_ws/install/ros_driver_base/lib/libros_driver_base.so\n'}
[0.259663] (ros_driver_base) StdoutLine: {'line': b'-- Up-to-date: /home/amandarln/ros_ws/install/ros_driver_base/lib/ros_driver_base/test_driver\n'}
[0.259987] (ros_driver_base) CommandEnded: {'returncode': 0}
[0.300177] (-) TimerEvent: {}
[0.367780] (ros_driver_base) JobEnded: {'identifier': 'ros_driver_base', 'rc': 0}
[0.369177] (flatfish_ros_efuse_serial) JobStarted: {'identifier': 'flatfish_ros_efuse_serial'}
[0.377634] (flatfish_ros_efuse_serial) JobProgress: {'identifier': 'flatfish_ros_efuse_serial', 'progress': 'cmake'}
[0.378394] (flatfish_ros_efuse_serial) JobProgress: {'identifier': 'flatfish_ros_efuse_serial', 'progress': 'build'}
[0.378752] (flatfish_ros_efuse_serial) Command: {'cmd': ['/usr/bin/cmake', '--build', '/home/amandarln/ros_ws/build/flatfish_ros_efuse_serial', '--', '-j16', '-l16'], 'cwd': '/home/amandarln/ros_ws/build/flatfish_ros_efuse_serial', 'env': OrderedDict([('GJS_DEBUG_TOPICS', 'JS ERROR;JS LOG'), ('LESSOPEN', '| /usr/bin/lesspipe %s'), ('USER', 'amandarln'), ('XDG_SESSION_TYPE', 'wayland'), ('GIT_ASKPASS', '/usr/share/code/resources/app/extensions/git/dist/askpass.sh'), ('SHLVL', '1'), ('LD_LIBRARY_PATH', '/home/amandarln/ros_ws/install/ros_driver_base/lib:/usr/lib/x86_64-linux-gnu/gazebo-11/plugins:/opt/ros/humble/opt/rviz_ogre_vendor/lib:/opt/ros/humble/lib/x86_64-linux-gnu:/opt/ros/humble/lib'), ('HOME', '/home/amandarln'), ('CHROME_DESKTOP', 'code-url-handler.desktop'), ('TERM_PROGRAM_VERSION', '1.90.0'), ('DESKTOP_SESSION', 'ubuntu'), ('GIO_LAUNCHED_DESKTOP_FILE', '/usr/share/applications/code.desktop'), ('ROS_PYTHON_VERSION', '3'), ('GNOME_SHELL_SESSION_MODE', 'ubuntu'), ('GTK_MODULES', 'gail:atk-bridge'), ('VSCODE_GIT_ASKPASS_MAIN', '/usr/share/code/resources/app/extensions/git/dist/askpass-main.js'), ('VSCODE_GIT_ASKPASS_NODE', '/usr/share/code/code'), ('MANAGERPID', '1421'), ('SYSTEMD_EXEC_PID', '1570'), ('IM_CONFIG_CHECK_ENV', '1'), ('DBUS_SESSION_BUS_ADDRESS', 'unix:path=/run/user/1000/bus'), ('COLORTERM', 'truecolor'), ('GIO_LAUNCHED_DESKTOP_FILE_PID', '3871'), ('IM_CONFIG_PHASE', '1'), ('WAYLAND_DISPLAY', 'wayland-0'), ('ROS_DISTRO', 'humble'), ('LOGNAME', 'amandarln'), ('JOURNAL_STREAM', '8:38104'), ('_', '/usr/bin/colcon'), ('ROS_VERSION', '2'), ('XDG_SESSION_CLASS', 'user'), ('USERNAME', 'amandarln'), ('TERM', 'xterm-256color'), ('GNOME_DESKTOP_SESSION_ID', 'this-is-deprecated'), ('ROS_LOCALHOST_ONLY', '0'), ('PATH', '/home/amandarln/.local/bin:/opt/ros/humble/bin:/home/amandarln/.local/bin:/usr/local/sbin:/usr/local/bin:/usr/sbin:/usr/bin:/sbin:/bin:/usr/games:/usr/local/games:/snap/bin:/snap/bin:/home/amandarln/.local/bin:/home/amandarln/.local/bin'), ('SESSION_MANAGER', 'local/amandarln-Nitro-AN515-57:@/tmp/.ICE-unix/1545,unix/amandarln-Nitro-AN515-57:/tmp/.ICE-unix/1545'), ('INVOCATION_ID', '1264c1c0a30a4c24b513457d3ca4061f'), ('XDG_MENU_PREFIX', 'gnome-'), ('GNOME_SETUP_DISPLAY', ':1'), ('XDG_RUNTIME_DIR', '/run/user/1000'), ('GDK_BACKEND', 'x11'), ('DISPLAY', ':0'), ('LANG', 'en_US.UTF-8'), ('XDG_CURRENT_DESKTOP', 'Unity'), ('XMODIFIERS', '@im=ibus'), ('XDG_SESSION_DESKTOP', 'ubuntu'), ('XAUTHORITY', '/run/user/1000/.mutter-Xwaylandauth.R5SGR2'), ('LS_COLORS', 'rs=0:di=01;34:ln=01;36:mh=00:pi=40;33:so=01;35:do=01;35:bd=40;33;01:cd=40;33;01:or=40;31;01:mi=00:su=37;41:sg=30;43:ca=30;41:tw=30;42:ow=34;42:st=37;44:ex=01;32:*.tar=01;31:*.tgz=01;31:*.arc=01;31:*.arj=01;31:*.taz=01;31:*.lha=01;31:*.lz4=01;31:*.lzh=01;31:*.lzma=01;31:*.tlz=01;31:*.txz=01;31:*.tzo=01;31:*.t7z=01;31:*.zip=01;31:*.z=01;31:*.dz=01;31:*.gz=01;31:*.lrz=01;31:*.lz=01;31:*.lzo=01;31:*.xz=01;31:*.zst=01;31:*.tzst=01;31:*.bz2=01;31:*.bz=01;31:*.tbz=01;31:*.tbz2=01;31:*.tz=01;31:*.deb=01;31:*.rpm=01;31:*.jar=01;31:*.war=01;31:*.ear=01;31:*.sar=01;31:*.rar=01;31:*.alz=01;31:*.ace=01;31:*.zoo=01;31:*.cpio=01;31:*.7z=01;31:*.rz=01;31:*.cab=01;31:*.wim=01;31:*.swm=01;31:*.dwm=01;31:*.esd=01;31:*.jpg=01;35:*.jpeg=01;35:*.mjpg=01;35:*.mjpeg=01;35:*.gif=01;35:*.bmp=01;35:*.pbm=01;35:*.pgm=01;35:*.ppm=01;35:*.tga=01;35:*.xbm=01;35:*.xpm=01;35:*.tif=01;35:*.tiff=01;35:*.png=01;35:*.svg=01;35:*.svgz=01;35:*.mng=01;35:*.pcx=01;35:*.mov=01;35:*.mpg=01;35:*.mpeg=01;35:*.m2v=01;35:*.mkv=01;35:*.webm=01;35:*.webp=01;35:*.ogm=01;35:*.mp4=01;35:*.m4v=01;35:*.mp4v=01;35:*.vob=01;35:*.qt=01;35:*.nuv=01;35:*.wmv=01;35:*.asf=01;35:*.rm=01;35:*.rmvb=01;35:*.flc=01;35:*.avi=01;35:*.fli=01;35:*.flv=01;35:*.gl=01;35:*.dl=01;35:*.xcf=01;35:*.xwd=01;35:*.yuv=01;35:*.cgm=01;35:*.emf=01;35:*.ogv=01;35:*.ogx=01;35:*.aac=00;36:*.au=00;36:*.flac=00;36:*.m4a=00;36:*.mid=00;36:*.midi=00;36:*.mka=00;36:*.mp3=00;36:*.mpc=00;36:*.ogg=00;36:*.ra=00;36:*.wav=00;36:*.oga=00;36:*.opus=00;36:*.spx=00;36:*.xspf=00;36:'), ('VSCODE_GIT_IPC_HANDLE', '/run/user/1000/vscode-git-51c3191532.sock'), ('TERM_PROGRAM', 'vscode'), ('SSH_AGENT_LAUNCHER', 'gnome-keyring'), ('SSH_AUTH_SOCK', '/run/user/1000/keyring/ssh'), ('AMENT_PREFIX_PATH', '/home/amandarln/ros_ws/install/ros_driver_base:/opt/ros/humble'), ('ORIGINAL_XDG_CURRENT_DESKTOP', 'ubuntu:GNOME'), ('SHELL', '/bin/bash'), ('QT_ACCESSIBILITY', '1'), ('GDMSESSION', 'ubuntu'), ('LESSCLOSE', '/usr/bin/lesspipe %s %s'), ('GJS_DEBUG_OUTPUT', 'stderr'), ('VSCODE_GIT_ASKPASS_EXTRA_ARGS', ''), ('QT_IM_MODULE', 'ibus'), ('PWD', '/home/amandarln/ros_ws/build/flatfish_ros_efuse_serial'), ('LC_ALL', 'en_US.UTF-8'), ('XDG_CONFIG_DIRS', '/etc/xdg/xdg-ubuntu:/etc/xdg'), ('XDG_DATA_DIRS', '/usr/share/ubuntu:/usr/local/share/:/usr/share/:/var/lib/snapd/desktop'), ('PYTHONPATH', '/opt/ros/humble/lib/python3.10/site-packages:/opt/ros/humble/local/lib/python3.10/dist-packages'), ('COLCON', '1'), ('CMAKE_PREFIX_PATH', '/home/amandarln/ros_ws/install/ros_driver_base:/opt/ros/humble')]), 'shell': False}
[0.400298] (-) TimerEvent: {}
[0.421422] (flatfish_ros_efuse_serial) StdoutLine: {'line': b'-- Found ament_cmake: 1.3.9 (/opt/ros/humble/share/ament_cmake/cmake)\n'}
[0.500426] (-) TimerEvent: {}
[0.530526] (flatfish_ros_efuse_serial) StdoutLine: {'line': b'-- Found rclcpp: 16.0.9 (/opt/ros/humble/share/rclcpp/cmake)\n'}
[0.556107] (flatfish_ros_efuse_serial) StdoutLine: {'line': b'-- Found rosidl_generator_c: 3.1.5 (/opt/ros/humble/share/rosidl_generator_c/cmake)\n'}
[0.558244] (flatfish_ros_efuse_serial) StdoutLine: {'line': b'-- Found rosidl_adapter: 3.1.5 (/opt/ros/humble/share/rosidl_adapter/cmake)\n'}
[0.563178] (flatfish_ros_efuse_serial) StdoutLine: {'line': b'-- Found rosidl_generator_cpp: 3.1.5 (/opt/ros/humble/share/rosidl_generator_cpp/cmake)\n'}
[0.571813] (flatfish_ros_efuse_serial) StdoutLine: {'line': b'-- Using all available rosidl_typesupport_c: rosidl_typesupport_fastrtps_c;rosidl_typesupport_introspection_c\n'}
[0.583329] (flatfish_ros_efuse_serial) StdoutLine: {'line': b'-- Using all available rosidl_typesupport_cpp: rosidl_typesupport_fastrtps_cpp;rosidl_typesupport_introspection_cpp\n'}
[0.600586] (-) TimerEvent: {}
[0.634340] (flatfish_ros_efuse_serial) StdoutLine: {'line': b'-- Found rmw_implementation_cmake: 6.1.2 (/opt/ros/humble/share/rmw_implementation_cmake/cmake)\n'}
[0.635585] (flatfish_ros_efuse_serial) StdoutLine: {'line': b'-- Found rmw_fastrtps_cpp: 6.2.6 (/opt/ros/humble/share/rmw_fastrtps_cpp/cmake)\n'}
[0.700748] (-) TimerEvent: {}
[0.740069] (flatfish_ros_efuse_serial) StdoutLine: {'line': b"-- Using RMW implementation 'rmw_fastrtps_cpp' as default\n"}
[0.800905] (-) TimerEvent: {}
[0.865143] (flatfish_ros_efuse_serial) StdoutLine: {'line': b'-- Found ros_driver_base: 0.0.1 (/home/amandarln/ros_ws/install/ros_driver_base/share/ros_driver_base/cmake)\n'}
[0.866258] (flatfish_ros_efuse_serial) StdoutLine: {'line': b'-- Found rosidl_default_generators: 1.2.0 (/opt/ros/humble/share/rosidl_default_generators/cmake)\n'}
[0.901120] (-) TimerEvent: {}
[1.001535] (-) TimerEvent: {}
[1.101978] (-) TimerEvent: {}
[1.152844] (flatfish_ros_efuse_serial) StdoutLine: {'line': b'-- Found ament_cmake_ros: 0.10.0 (/opt/ros/humble/share/ament_cmake_ros/cmake)\n'}
[1.202147] (-) TimerEvent: {}
[1.302642] (-) TimerEvent: {}
[1.403144] (-) TimerEvent: {}
[1.437830] (flatfish_ros_efuse_serial) StdoutLine: {'line': b'-- Using all available rosidl_typesupport_c: rosidl_typesupport_fastrtps_c;rosidl_typesupport_introspection_c\n'}
[1.503316] (-) TimerEvent: {}
[1.546597] (flatfish_ros_efuse_serial) StdoutLine: {'line': b'-- Using all available rosidl_typesupport_cpp: rosidl_typesupport_fastrtps_cpp;rosidl_typesupport_introspection_cpp\n'}
[1.567072] (flatfish_ros_efuse_serial) StdoutLine: {'line': b'-- Found python_cmake_module: 0.10.0 (/opt/ros/humble/share/python_cmake_module/cmake)\n'}
[1.586320] (flatfish_ros_efuse_serial) StdoutLine: {'line': b'-- Using PYTHON_EXECUTABLE: /usr/bin/python3\n'}
[1.586622] (flatfish_ros_efuse_serial) StdoutLine: {'line': b'-- Using PYTHON_INCLUDE_DIRS: /usr/include/python3.10\n'}
[1.586791] (flatfish_ros_efuse_serial) StdoutLine: {'line': b'-- Using PYTHON_LIBRARIES: /usr/lib/x86_64-linux-gnu/libpython3.10.so\n'}
[1.600260] (flatfish_ros_efuse_serial) StdoutLine: {'line': b'-- Found ament_lint_auto: 0.12.11 (/opt/ros/humble/share/ament_lint_auto/cmake)\n'}
[1.603481] (-) TimerEvent: {}
[1.607548] (flatfish_ros_efuse_serial) StdoutLine: {'line': b"-- Added test 'cppcheck' to perform static code analysis on C / C++ code\n"}
[1.608069] (flatfish_ros_efuse_serial) StdoutLine: {'line': b'-- Configured cppcheck include dirs: $<BUILD_INTERFACE:/home/amandarln/ros_ws/src/flatfish_ros_efuse_serial/include>\n'}
[1.608188] (flatfish_ros_efuse_serial) StdoutLine: {'line': b'-- Configured cppcheck exclude dirs and/or files: \n'}
[1.608853] (flatfish_ros_efuse_serial) StdoutLine: {'line': b"-- Added test 'lint_cmake' to check CMake code style\n"}
[1.610114] (flatfish_ros_efuse_serial) StdoutLine: {'line': b"-- Added test 'uncrustify' to check C / C++ code style\n"}
[1.610296] (flatfish_ros_efuse_serial) StdoutLine: {'line': b'-- Configured uncrustify additional arguments: \n'}
[1.610703] (flatfish_ros_efuse_serial) StdoutLine: {'line': b"-- Added test 'xmllint' to check XML markup files\n"}
[1.612355] (flatfish_ros_efuse_serial) StdoutLine: {'line': b'-- Configuring done\n'}
[1.667445] (flatfish_ros_efuse_serial) StdoutLine: {'line': b'-- Generating done\n'}
[1.671658] (flatfish_ros_efuse_serial) StdoutLine: {'line': b'-- Build files have been written to: /home/amandarln/ros_ws/build/flatfish_ros_efuse_serial\n'}
[1.703613] (-) TimerEvent: {}
[1.705162] (flatfish_ros_efuse_serial) StdoutLine: {'line': b'\x1b[35m\x1b[1mConsolidate compiler generated dependencies of target flatfish_ros_efuse_serial__rosidl_generator_c\x1b[0m\n'}
[1.712981] (flatfish_ros_efuse_serial) StdoutLine: {'line': b'[  0%] Built target flatfish_ros_efuse_serial__cpp\n'}
[1.713407] (flatfish_ros_efuse_serial) StdoutLine: {'line': b'[  0%] \x1b[32mBuilding CXX object CMakeFiles/EFuseDriver.dir/src/EFuseDriver.cpp.o\x1b[0m\n'}
[1.725819] (flatfish_ros_efuse_serial) StdoutLine: {'line': b'[ 11%] Built target flatfish_ros_efuse_serial__rosidl_generator_c\n'}
[1.728933] (flatfish_ros_efuse_serial) StdoutLine: {'line': b'[ 11%] Built target ament_cmake_python_copy_flatfish_ros_efuse_serial\n'}
[1.731942] (flatfish_ros_efuse_serial) StdoutLine: {'line': b'\x1b[35m\x1b[1mConsolidate compiler generated dependencies of target flatfish_ros_efuse_serial__rosidl_typesupport_cpp\x1b[0m\n'}
[1.732594] (flatfish_ros_efuse_serial) StdoutLine: {'line': b'\x1b[35m\x1b[1mConsolidate compiler generated dependencies of target flatfish_ros_efuse_serial__rosidl_typesupport_introspection_cpp\x1b[0m\n'}
[1.733549] (flatfish_ros_efuse_serial) StdoutLine: {'line': b'\x1b[35m\x1b[1mConsolidate compiler generated dependencies of target flatfish_ros_efuse_serial__rosidl_typesupport_fastrtps_cpp\x1b[0m\n'}
[1.741185] (flatfish_ros_efuse_serial) StdoutLine: {'line': b'\x1b[35m\x1b[1mConsolidate compiler generated dependencies of target flatfish_ros_efuse_serial__rosidl_typesupport_introspection_c\x1b[0m\n'}
[1.742376] (flatfish_ros_efuse_serial) StdoutLine: {'line': b'\x1b[35m\x1b[1mConsolidate compiler generated dependencies of target flatfish_ros_efuse_serial__rosidl_typesupport_fastrtps_c\x1b[0m\n'}
[1.746145] (flatfish_ros_efuse_serial) StdoutLine: {'line': b'\x1b[35m\x1b[1mConsolidate compiler generated dependencies of target flatfish_ros_efuse_serial__rosidl_typesupport_c\x1b[0m\n'}
[1.760458] (flatfish_ros_efuse_serial) StdoutLine: {'line': b'[ 22%] Built target flatfish_ros_efuse_serial__rosidl_typesupport_introspection_c\n'}
[1.762386] (flatfish_ros_efuse_serial) StdoutLine: {'line': b'[ 33%] Built target flatfish_ros_efuse_serial__rosidl_typesupport_cpp\n'}
[1.764058] (flatfish_ros_efuse_serial) StdoutLine: {'line': b'[ 45%] Built target flatfish_ros_efuse_serial__rosidl_typesupport_introspection_cpp\n'}
[1.765521] (flatfish_ros_efuse_serial) StdoutLine: {'line': b'[ 56%] Built target flatfish_ros_efuse_serial__rosidl_typesupport_c\n'}
[1.766700] (flatfish_ros_efuse_serial) StdoutLine: {'line': b'[ 68%] Built target flatfish_ros_efuse_serial__rosidl_typesupport_fastrtps_cpp\n'}
[1.771535] (flatfish_ros_efuse_serial) StdoutLine: {'line': b'[ 79%] Built target flatfish_ros_efuse_serial__rosidl_typesupport_fastrtps_c\n'}
[1.789902] (flatfish_ros_efuse_serial) StderrLine: {'line': b'In file included from \x1b[01m\x1b[K/home/amandarln/ros_ws/src/flatfish_ros_efuse_serial/include/flatfish_ros_efuse_serial/EFuseDriver.hpp:19\x1b[m\x1b[K,\n'}
[1.790159] (flatfish_ros_efuse_serial) StderrLine: {'line': b'                 from \x1b[01m\x1b[K/home/amandarln/ros_ws/src/flatfish_ros_efuse_serial/src/EFuseDriver.cpp:11\x1b[m\x1b[K:\n'}
[1.790306] (flatfish_ros_efuse_serial) StderrLine: {'line': b'\x1b[01m\x1b[K/home/amandarln/ros_ws/src/flatfish_ros_efuse_serial/include/flatfish_ros_efuse_serial/DataTypes.hpp:17:10:\x1b[m\x1b[K \x1b[01;31m\x1b[Kfatal error: \x1b[m\x1b[Krclcpp/time.hpp: No such file or directory\n'}
[1.790433] (flatfish_ros_efuse_serial) StderrLine: {'line': b'   17 | #include \x1b[01;31m\x1b[K<rclcpp/time.hpp>\x1b[m\x1b[K\n'}
[1.790554] (flatfish_ros_efuse_serial) StderrLine: {'line': b'      |          \x1b[01;31m\x1b[K^~~~~~~~~~~~~~~~~\x1b[m\x1b[K\n'}
[1.790661] (flatfish_ros_efuse_serial) StderrLine: {'line': b'compilation terminated.\n'}
[1.791353] (flatfish_ros_efuse_serial) StderrLine: {'line': b'gmake[2]: *** [CMakeFiles/EFuseDriver.dir/build.make:76: CMakeFiles/EFuseDriver.dir/src/EFuseDriver.cpp.o] Error 1\n'}
[1.791593] (flatfish_ros_efuse_serial) StderrLine: {'line': b'gmake[1]: *** [CMakeFiles/Makefile2:596: CMakeFiles/EFuseDriver.dir/all] Error 2\n'}
[1.791708] (flatfish_ros_efuse_serial) StderrLine: {'line': b'gmake[1]: *** Waiting for unfinished jobs....\n'}
[1.793232] (flatfish_ros_efuse_serial) StdoutLine: {'line': b'[ 79%] Built target flatfish_ros_efuse_serial\n'}
[1.803684] (-) TimerEvent: {}
[1.903932] (-) TimerEvent: {}
[1.983474] (flatfish_ros_efuse_serial) StdoutLine: {'line': b'running egg_info\n'}
[1.984171] (flatfish_ros_efuse_serial) StdoutLine: {'line': b'writing flatfish_ros_efuse_serial.egg-info/PKG-INFO\n'}
[1.984452] (flatfish_ros_efuse_serial) StdoutLine: {'line': b'writing dependency_links to flatfish_ros_efuse_serial.egg-info/dependency_links.txt\n'}
[1.984745] (flatfish_ros_efuse_serial) StdoutLine: {'line': b'writing top-level names to flatfish_ros_efuse_serial.egg-info/top_level.txt\n'}
[1.986951] (flatfish_ros_efuse_serial) StdoutLine: {'line': b"reading manifest file 'flatfish_ros_efuse_serial.egg-info/SOURCES.txt'\n"}
[1.987675] (flatfish_ros_efuse_serial) StdoutLine: {'line': b"writing manifest file 'flatfish_ros_efuse_serial.egg-info/SOURCES.txt'\n"}
[2.004015] (-) TimerEvent: {}
[2.011952] (flatfish_ros_efuse_serial) StdoutLine: {'line': b'[ 79%] Built target ament_cmake_python_build_flatfish_ros_efuse_serial_egg\n'}
[2.013773] (flatfish_ros_efuse_serial) StderrLine: {'line': b'gmake: *** [Makefile:146: all] Error 2\n'}
[2.017129] (flatfish_ros_efuse_serial) CommandEnded: {'returncode': 2}
[2.104143] (-) TimerEvent: {}
[2.204486] (-) TimerEvent: {}
[2.304894] (-) TimerEvent: {}
[2.405164] (-) TimerEvent: {}
[2.407128] (flatfish_ros_efuse_serial) JobEnded: {'identifier': 'flatfish_ros_efuse_serial', 'rc': 2}
[2.417616] (-) EventReactorShutdown: {}
