[  0%] [32mBuilding CXX object CMakeFiles/EFuseDriver.dir/src/EFuseDriver.cpp.o[0m
[  0%] Built target flatfish_ros_efuse_serial__cpp
[  1%] [32mBuilding CXX object CMakeFiles/EFuseNode.dir/src/EFuseNode.cpp.o[0m
[ 12%] Built target flatfish_ros_efuse_serial__rosidl_generator_c
[ 12%] Built target ament_cmake_python_copy_flatfish_ros_efuse_serial
[ 23%] Built target flatfish_ros_efuse_serial__rosidl_typesupport_c
[ 35%] Built target flatfish_ros_efuse_serial__rosidl_typesupport_introspection_cpp
[ 46%] Built target flatfish_ros_efuse_serial__rosidl_typesupport_introspection_c
[ 57%] Built target flatfish_ros_efuse_serial__rosidl_typesupport_cpp
[ 69%] Built target flatfish_ros_efuse_serial__rosidl_typesupport_fastrtps_cpp
[ 80%] Built target flatfish_ros_efuse_serial__rosidl_typesupport_fastrtps_c
In file included from [01m[K/home/amandarln/ros_ws/src/flatfish_ros_efuse_serial/src/EFuseDriver.cpp:11[m[K:
[01m[K/home/amandarln/ros_ws/src/flatfish_ros_efuse_serial/include/flatfish_ros_efuse_serial/EFuseDriver.hpp:18:10:[m[K [01;31m[Kfatal error: [m[Kros_driver_base/driver.hpp: No such file or directory
   18 | #include [01;31m[K"ros_driver_base/driver.hpp"[m[K
      |          [01;31m[K^~~~~~~~~~~~~~~~~~~~~~~~~~~~[m[K
compilation terminated.
[ 80%] Built target flatfish_ros_efuse_serial
gmake[2]: *** [CMakeFiles/EFuseDriver.dir/build.make:76: CMakeFiles/EFuseDriver.dir/src/EFuseDriver.cpp.o] Error 1
gmake[1]: *** [CMakeFiles/Makefile2:622: CMakeFiles/EFuseDriver.dir/all] Error 2
gmake[1]: *** Waiting for unfinished jobs....
[ 81%] [34m[1mGenerating Python code for ROS interfaces[0m
In file included from [01m[K/home/amandarln/ros_ws/src/flatfish_ros_efuse_serial/src/EFuseNode.cpp:9[m[K:
[01m[K/home/amandarln/ros_ws/src/flatfish_ros_efuse_serial/include/flatfish_ros_efuse_serial/EFuseNode.hpp:23:10:[m[K [01;31m[Kfatal error: [m[Kflatfish_ros_efuse_serial/msg/board.hpp: No such file or directory
   23 | #include [01;31m[K<flatfish_ros_efuse_serial/msg/board.hpp>[m[K
      |          [01;31m[K^~~~~~~~~~~~~~~~~~~~~~~~~~~~~~~~~~~~~~~~~[m[K
compilation terminated.
gmake[2]: *** [CMakeFiles/EFuseNode.dir/build.make:76: CMakeFiles/EFuseNode.dir/src/EFuseNode.cpp.o] Error 1
gmake[1]: *** [CMakeFiles/Makefile2:596: CMakeFiles/EFuseNode.dir/all] Error 2
running egg_info
writing flatfish_ros_efuse_serial.egg-info/PKG-INFO
writing dependency_links to flatfish_ros_efuse_serial.egg-info/dependency_links.txt
writing top-level names to flatfish_ros_efuse_serial.egg-info/top_level.txt
reading manifest file 'flatfish_ros_efuse_serial.egg-info/SOURCES.txt'
writing manifest file 'flatfish_ros_efuse_serial.egg-info/SOURCES.txt'
[ 81%] Built target ament_cmake_python_build_flatfish_ros_efuse_serial_egg
[ 81%] Built target flatfish_ros_efuse_serial__py
gmake: *** [Makefile:146: all] Error 2
