-- Found ament_cmake: 1.3.9 (/opt/ros/humble/share/ament_cmake/cmake)
-- Found rclcpp: 16.0.9 (/opt/ros/humble/share/rclcpp/cmake)
-- Found rosidl_generator_c: 3.1.5 (/opt/ros/humble/share/rosidl_generator_c/cmake)
-- Found rosidl_adapter: 3.1.5 (/opt/ros/humble/share/rosidl_adapter/cmake)
-- Found rosidl_generator_cpp: 3.1.5 (/opt/ros/humble/share/rosidl_generator_cpp/cmake)
-- Using all available rosidl_typesupport_c: rosidl_typesupport_fastrtps_c;rosidl_typesupport_introspection_c
-- Using all available rosidl_typesupport_cpp: rosidl_typesupport_fastrtps_cpp;rosidl_typesupport_introspection_cpp
-- Found rmw_implementation_cmake: 6.1.2 (/opt/ros/humble/share/rmw_implementation_cmake/cmake)
-- Found rmw_fastrtps_cpp: 6.2.6 (/opt/ros/humble/share/rmw_fastrtps_cpp/cmake)
-- Using RMW implementation 'rmw_fastrtps_cpp' as default
-- Found ros_driver_base: 0.0.1 (/home/amandarln/ros_ws/install/ros_driver_base/share/ros_driver_base/cmake)
-- Found rosidl_default_generators: 1.2.0 (/opt/ros/humble/share/rosidl_default_generators/cmake)
-- Found ament_cmake_ros: 0.10.0 (/opt/ros/humble/share/ament_cmake_ros/cmake)
-- Using all available rosidl_typesupport_c: rosidl_typesupport_fastrtps_c;rosidl_typesupport_introspection_c
-- Using all available rosidl_typesupport_cpp: rosidl_typesupport_fastrtps_cpp;rosidl_typesupport_introspection_cpp
-- Found python_cmake_module: 0.10.0 (/opt/ros/humble/share/python_cmake_module/cmake)
-- Using PYTHON_EXECUTABLE: /usr/bin/python3
-- Using PYTHON_INCLUDE_DIRS: /usr/include/python3.10
-- Using PYTHON_LIBRARIES: /usr/lib/x86_64-linux-gnu/libpython3.10.so
-- Found ament_lint_auto: 0.12.11 (/opt/ros/humble/share/ament_lint_auto/cmake)
-- Added test 'cppcheck' to perform static code analysis on C / C++ code
-- Configured cppcheck include dirs: $<BUILD_INTERFACE:/home/amandarln/ros_ws/src/flatfish_ros_efuse_serial/include>
-- Configured cppcheck exclude dirs and/or files: 
-- Added test 'lint_cmake' to check CMake code style
-- Added test 'uncrustify' to check C / C++ code style
-- Configured uncrustify additional arguments: 
-- Added test 'xmllint' to check XML markup files
-- Configuring done
-- Generating done
-- Build files have been written to: /home/amandarln/ros_ws/build/flatfish_ros_efuse_serial
[35m[1mConsolidate compiler generated dependencies of target flatfish_ros_efuse_serial__rosidl_generator_c[0m
[  0%] [32mBuilding CXX object CMakeFiles/EFuseDriver.dir/src/EFuseDriver.cpp.o[0m
[  0%] Built target flatfish_ros_efuse_serial__cpp
[  1%] [32mBuilding CXX object CMakeFiles/EFuseNode.dir/src/EFuseNode.cpp.o[0m
[ 12%] Built target flatfish_ros_efuse_serial__rosidl_generator_c
[ 12%] Built target ament_cmake_python_copy_flatfish_ros_efuse_serial
[35m[1mConsolidate compiler generated dependencies of target flatfish_ros_efuse_serial__rosidl_typesupport_cpp[0m
[35m[1mConsolidate compiler generated dependencies of target flatfish_ros_efuse_serial__rosidl_typesupport_introspection_cpp[0m
[35m[1mConsolidate compiler generated dependencies of target flatfish_ros_efuse_serial__rosidl_typesupport_fastrtps_cpp[0m
[35m[1mConsolidate compiler generated dependencies of target flatfish_ros_efuse_serial__rosidl_typesupport_c[0m
[35m[1mConsolidate compiler generated dependencies of target flatfish_ros_efuse_serial__rosidl_typesupport_introspection_c[0m
[35m[1mConsolidate compiler generated dependencies of target flatfish_ros_efuse_serial__rosidl_typesupport_fastrtps_c[0m
[ 23%] Built target flatfish_ros_efuse_serial__rosidl_typesupport_c
[ 35%] Built target flatfish_ros_efuse_serial__rosidl_typesupport_introspection_cpp
[ 46%] Built target flatfish_ros_efuse_serial__rosidl_typesupport_cpp
[ 57%] Built target flatfish_ros_efuse_serial__rosidl_typesupport_introspection_c
[ 69%] Built target flatfish_ros_efuse_serial__rosidl_typesupport_fastrtps_cpp
[ 80%] Built target flatfish_ros_efuse_serial__rosidl_typesupport_fastrtps_c
[ 80%] Built target flatfish_ros_efuse_serial
In file included from [01m[K/home/amandarln/ros_ws/src/flatfish_ros_efuse_serial/src/EFuseDriver.cpp:11[m[K:
[01m[K/home/amandarln/ros_ws/src/flatfish_ros_efuse_serial/include/flatfish_ros_efuse_serial/EFuseDriver.hpp:18:10:[m[K [01;31m[Kfatal error: [m[Kros_driver_base/driver.hpp: No such file or directory
   18 | #include [01;31m[K"ros_driver_base/driver.hpp"[m[K
      |          [01;31m[K^~~~~~~~~~~~~~~~~~~~~~~~~~~~[m[K
compilation terminated.
gmake[2]: *** [CMakeFiles/EFuseDriver.dir/build.make:76: CMakeFiles/EFuseDriver.dir/src/EFuseDriver.cpp.o] Error 1
gmake[1]: *** [CMakeFiles/Makefile2:622: CMakeFiles/EFuseDriver.dir/all] Error 2
gmake[1]: *** Waiting for unfinished jobs....
[ 81%] Built target flatfish_ros_efuse_serial__py
running egg_info
writing flatfish_ros_efuse_serial.egg-info/PKG-INFO
writing dependency_links to flatfish_ros_efuse_serial.egg-info/dependency_links.txt
writing top-level names to flatfish_ros_efuse_serial.egg-info/top_level.txt
reading manifest file 'flatfish_ros_efuse_serial.egg-info/SOURCES.txt'
writing manifest file 'flatfish_ros_efuse_serial.egg-info/SOURCES.txt'
In file included from [01m[K/home/amandarln/ros_ws/src/flatfish_ros_efuse_serial/src/EFuseNode.cpp:9[m[K:
[01m[K/home/amandarln/ros_ws/src/flatfish_ros_efuse_serial/include/flatfish_ros_efuse_serial/EFuseNode.hpp:23:10:[m[K [01;31m[Kfatal error: [m[Kflatfish_ros_efuse_serial/msg/board.hpp: No such file or directory
   23 | #include [01;31m[K<flatfish_ros_efuse_serial/msg/board.hpp>[m[K
      |          [01;31m[K^~~~~~~~~~~~~~~~~~~~~~~~~~~~~~~~~~~~~~~~~[m[K
compilation terminated.
gmake[2]: *** [CMakeFiles/EFuseNode.dir/build.make:76: CMakeFiles/EFuseNode.dir/src/EFuseNode.cpp.o] Error 1
gmake[1]: *** [CMakeFiles/Makefile2:596: CMakeFiles/EFuseNode.dir/all] Error 2
[ 81%] Built target ament_cmake_python_build_flatfish_ros_efuse_serial_egg
gmake: *** [Makefile:146: all] Error 2
