-- The C compiler identification is GNU 11.4.0
-- The CXX compiler identification is GNU 11.4.0
-- Detecting C compiler ABI info
-- Detecting C compiler ABI info - done
-- Check for working C compiler: /usr/bin/cc - skipped
-- Detecting C compile features
-- Detecting C compile features - done
-- Detecting CXX compiler ABI info
-- Detecting CXX compiler ABI info - done
-- Check for working CXX compiler: /usr/bin/c++ - skipped
-- Detecting CXX compile features
-- Detecting CXX compile features - done
-- Found ament_cmake: 1.3.9 (/opt/ros/humble/share/ament_cmake/cmake)
-- Found Python3: /usr/bin/python3 (found version "3.10.12") found components: Interpreter 
-- Found rclcpp: 16.0.9 (/opt/ros/humble/share/rclcpp/cmake)
-- Found rosidl_generator_c: 3.1.5 (/opt/ros/humble/share/rosidl_generator_c/cmake)
-- Found rosidl_adapter: 3.1.5 (/opt/ros/humble/share/rosidl_adapter/cmake)
-- Found rosidl_generator_cpp: 3.1.5 (/opt/ros/humble/share/rosidl_generator_cpp/cmake)
-- Using all available rosidl_typesupport_c: rosidl_typesupport_fastrtps_c;rosidl_typesupport_introspection_c
-- Using all available rosidl_typesupport_cpp: rosidl_typesupport_fastrtps_cpp;rosidl_typesupport_introspection_cpp
-- Found rmw_implementation_cmake: 6.1.2 (/opt/ros/humble/share/rmw_implementation_cmake/cmake)
-- Found rmw_fastrtps_cpp: 6.2.6 (/opt/ros/humble/share/rmw_fastrtps_cpp/cmake)
-- Found OpenSSL: /usr/lib/x86_64-linux-gnu/libcrypto.so (found version "3.0.2")  
-- Found FastRTPS: /opt/ros/humble/include  
-- Using RMW implementation 'rmw_fastrtps_cpp' as default
-- Looking for pthread.h
-- Looking for pthread.h - found
-- Performing Test CMAKE_HAVE_LIBC_PTHREAD
-- Performing Test CMAKE_HAVE_LIBC_PTHREAD - Success
-- Found Threads: TRUE  
-- Found ros_driver_base: 0.0.1 (/home/amandarln/ros_ws/install/ros_driver_base/share/ros_driver_base/cmake)
-- Found rosidl_default_generators: 1.2.0 (/opt/ros/humble/share/rosidl_default_generators/cmake)
-- Found ament_cmake_ros: 0.10.0 (/opt/ros/humble/share/ament_cmake_ros/cmake)
-- Using all available rosidl_typesupport_c: rosidl_typesupport_fastrtps_c;rosidl_typesupport_introspection_c
-- Using all available rosidl_typesupport_cpp: rosidl_typesupport_fastrtps_cpp;rosidl_typesupport_introspection_cpp
-- Found PythonInterp: /usr/bin/python3 (found suitable version "3.10.12", minimum required is "3.6") 
-- Found python_cmake_module: 0.10.0 (/opt/ros/humble/share/python_cmake_module/cmake)
-- Found PythonLibs: /usr/lib/x86_64-linux-gnu/libpython3.10.so (found suitable version "3.10.12", minimum required is "3.5") 
-- Using PYTHON_EXECUTABLE: /usr/bin/python3
-- Using PYTHON_INCLUDE_DIRS: /usr/include/python3.10
-- Using PYTHON_LIBRARIES: /usr/lib/x86_64-linux-gnu/libpython3.10.so
-- Found PythonExtra: .so  
-- Found ament_lint_auto: 0.12.11 (/opt/ros/humble/share/ament_lint_auto/cmake)
-- Added test 'cppcheck' to perform static code analysis on C / C++ code
-- Configured cppcheck include dirs: $<BUILD_INTERFACE:/home/amandarln/ros_ws/src/flatfish_ros_efuse_serial/include>
-- Configured cppcheck exclude dirs and/or files: 
-- Added test 'lint_cmake' to check CMake code style
-- Added test 'uncrustify' to check C / C++ code style
-- Configured uncrustify additional arguments: 
-- Added test 'xmllint' to check XML markup files
-- Configuring done
-- Generating done
-- Build files have been written to: /home/amandarln/ros_ws/build/flatfish_ros_efuse_serial
[  1%] [34m[1mGenerating C code for ROS interfaces[0m
[  1%] [32mBuilding CXX object CMakeFiles/EFuseDriver.dir/src/EFuseDriver.cpp.o[0m
[  1%] [34m[1mGenerating C++ code for ROS interfaces[0m
[  2%] [32mBuilding CXX object CMakeFiles/EFuseNode.dir/src/EFuseNode.cpp.o[0m
[  2%] Built target ament_cmake_python_copy_flatfish_ros_efuse_serial
In file included from [01m[K/home/amandarln/ros_ws/src/flatfish_ros_efuse_serial/src/EFuseDriver.cpp:11[m[K:
[01m[K/home/amandarln/ros_ws/src/flatfish_ros_efuse_serial/include/flatfish_ros_efuse_serial/EFuseDriver.hpp:18:10:[m[K [01;31m[Kfatal error: [m[Kros_driver_base/driver.hpp: No such file or directory
   18 | #include [01;31m[K"ros_driver_base/driver.hpp"[m[K
      |          [01;31m[K^~~~~~~~~~~~~~~~~~~~~~~~~~~~[m[K
compilation terminated.
gmake[2]: *** [CMakeFiles/EFuseDriver.dir/build.make:76: CMakeFiles/EFuseDriver.dir/src/EFuseDriver.cpp.o] Error 1
gmake[1]: *** [CMakeFiles/Makefile2:622: CMakeFiles/EFuseDriver.dir/all] Error 2
gmake[1]: *** Waiting for unfinished jobs....
In file included from [01m[K/home/amandarln/ros_ws/src/flatfish_ros_efuse_serial/src/EFuseNode.cpp:9[m[K:
[01m[K/home/amandarln/ros_ws/src/flatfish_ros_efuse_serial/include/flatfish_ros_efuse_serial/EFuseNode.hpp:18:10:[m[K [01;31m[Kfatal error: [m[Krclcpp/rclcpp.hpp: No such file or directory
   18 | #include [01;31m[K"rclcpp/rclcpp.hpp"[m[K
      |          [01;31m[K^~~~~~~~~~~~~~~~~~~[m[K
compilation terminated.
gmake[2]: *** [CMakeFiles/EFuseNode.dir/build.make:76: CMakeFiles/EFuseNode.dir/src/EFuseNode.cpp.o] Error 1
gmake[1]: *** [CMakeFiles/Makefile2:596: CMakeFiles/EFuseNode.dir/all] Error 2
running egg_info
creating flatfish_ros_efuse_serial.egg-info
writing flatfish_ros_efuse_serial.egg-info/PKG-INFO
writing dependency_links to flatfish_ros_efuse_serial.egg-info/dependency_links.txt
writing top-level names to flatfish_ros_efuse_serial.egg-info/top_level.txt
writing manifest file 'flatfish_ros_efuse_serial.egg-info/SOURCES.txt'
reading manifest file 'flatfish_ros_efuse_serial.egg-info/SOURCES.txt'
writing manifest file 'flatfish_ros_efuse_serial.egg-info/SOURCES.txt'
[  2%] Built target ament_cmake_python_build_flatfish_ros_efuse_serial_egg
[  2%] Built target flatfish_ros_efuse_serial__cpp
[  3%] [32mBuilding C object CMakeFiles/flatfish_ros_efuse_serial__rosidl_generator_c.dir/rosidl_generator_c/flatfish_ros_efuse_serial/msg/detail/cmd_channel__functions.c.o[0m
[  4%] [32mBuilding C object CMakeFiles/flatfish_ros_efuse_serial__rosidl_generator_c.dir/rosidl_generator_c/flatfish_ros_efuse_serial/srv/detail/default_power_up__functions.c.o[0m
[  7%] [32mBuilding C object CMakeFiles/flatfish_ros_efuse_serial__rosidl_generator_c.dir/rosidl_generator_c/flatfish_ros_efuse_serial/srv/detail/reset_board__functions.c.o[0m
[  7%] [32mBuilding C object CMakeFiles/flatfish_ros_efuse_serial__rosidl_generator_c.dir/rosidl_generator_c/flatfish_ros_efuse_serial/msg/detail/board__functions.c.o[0m
[  8%] [32mBuilding C object CMakeFiles/flatfish_ros_efuse_serial__rosidl_generator_c.dir/rosidl_generator_c/flatfish_ros_efuse_serial/msg/detail/board_array__functions.c.o[0m
[  9%] [32mBuilding C object CMakeFiles/flatfish_ros_efuse_serial__rosidl_generator_c.dir/rosidl_generator_c/flatfish_ros_efuse_serial/msg/detail/status_board__functions.c.o[0m
[  9%] [32mBuilding C object CMakeFiles/flatfish_ros_efuse_serial__rosidl_generator_c.dir/rosidl_generator_c/flatfish_ros_efuse_serial/msg/detail/status_channel__functions.c.o[0m
[ 10%] [32mBuilding C object CMakeFiles/flatfish_ros_efuse_serial__rosidl_generator_c.dir/rosidl_generator_c/flatfish_ros_efuse_serial/srv/detail/set_channel_on__functions.c.o[0m
[ 10%] [32mBuilding C object CMakeFiles/flatfish_ros_efuse_serial__rosidl_generator_c.dir/rosidl_generator_c/flatfish_ros_efuse_serial/msg/detail/status_board_array__functions.c.o[0m
[ 11%] [32mBuilding C object CMakeFiles/flatfish_ros_efuse_serial__rosidl_generator_c.dir/rosidl_generator_c/flatfish_ros_efuse_serial/srv/detail/set_max_current__functions.c.o[0m
[ 12%] [32mBuilding C object CMakeFiles/flatfish_ros_efuse_serial__rosidl_generator_c.dir/rosidl_generator_c/flatfish_ros_efuse_serial/srv/detail/set_channels_on__functions.c.o[0m
[ 12%] [32m[1mLinking C shared library libflatfish_ros_efuse_serial__rosidl_generator_c.so[0m
[ 12%] Built target flatfish_ros_efuse_serial__rosidl_generator_c
gmake: *** [Makefile:146: all] Error 2
