[0.000000] (-) TimerEvent: {}
[0.000387] (ros_driver_base) JobQueued: {'identifier': 'ros_driver_base', 'dependencies': OrderedDict()}
[0.000515] (flatfish_ros_efuse_serial) JobQueued: {'identifier': 'flatfish_ros_efuse_serial', 'dependencies': OrderedDict([('ros_driver_base', '/home/amandarln/ros_ws/install/ros_driver_base')])}
[0.000542] (ros_driver_base) JobStarted: {'identifier': 'ros_driver_base'}
[0.008479] (ros_driver_base) JobProgress: {'identifier': 'ros_driver_base', 'progress': 'cmake'}
[0.009055] (ros_driver_base) JobProgress: {'identifier': 'ros_driver_base', 'progress': 'build'}
[0.009960] (ros_driver_base) Command: {'cmd': ['/usr/bin/cmake', '--build', '/home/amandarln/ros_ws/build/ros_driver_base', '--', '-j16', '-l16'], 'cwd': '/home/amandarln/ros_ws/build/ros_driver_base', 'env': OrderedDict([('GJS_DEBUG_TOPICS', 'JS ERROR;JS LOG'), ('LESSOPEN', '| /usr/bin/lesspipe %s'), ('USER', 'amandarln'), ('XDG_SESSION_TYPE', 'wayland'), ('GIT_ASKPASS', '/usr/share/code/resources/app/extensions/git/dist/askpass.sh'), ('SHLVL', '1'), ('LD_LIBRARY_PATH', '/home/amandarln/ros_ws/install/flatfish_ros_efuse_serial/lib:/home/amandarln/ros_ws/install/ros_driver_base/lib:/usr/lib/x86_64-linux-gnu/gazebo-11/plugins:/opt/ros/humble/opt/rviz_ogre_vendor/lib:/opt/ros/humble/lib/x86_64-linux-gnu:/opt/ros/humble/lib'), ('HOME', '/home/amandarln'), ('CHROME_DESKTOP', 'code-url-handler.desktop'), ('TERM_PROGRAM_VERSION', '1.90.0'), ('DESKTOP_SESSION', 'ubuntu'), ('GIO_LAUNCHED_DESKTOP_FILE', '/usr/share/applications/code.desktop'), ('ROS_PYTHON_VERSION', '3'), ('GNOME_SHELL_SESSION_MODE', 'ubuntu'), ('GTK_MODULES', 'gail:atk-bridge'), ('VSCODE_GIT_ASKPASS_MAIN', '/usr/share/code/resources/app/extensions/git/dist/askpass-main.js'), ('VSCODE_GIT_ASKPASS_NODE', '/usr/share/code/code'), ('MANAGERPID', '1418'), ('SYSTEMD_EXEC_PID', '1566'), ('IM_CONFIG_CHECK_ENV', '1'), ('DBUS_SESSION_BUS_ADDRESS', 'unix:path=/run/user/1000/bus'), ('COLORTERM', 'truecolor'), ('GIO_LAUNCHED_DESKTOP_FILE_PID', '6943'), ('IM_CONFIG_PHASE', '1'), ('WAYLAND_DISPLAY', 'wayland-0'), ('COLCON_PREFIX_PATH', '/home/amandarln/ros_ws/install'), ('ROS_DISTRO', 'humble'), ('LOGNAME', 'amandarln'), ('JOURNAL_STREAM', '8:28102'), ('_', '/usr/bin/colcon'), ('ROS_VERSION', '2'), ('XDG_SESSION_CLASS', 'user'), ('USERNAME', 'amandarln'), ('TERM', 'xterm-256color'), ('GNOME_DESKTOP_SESSION_ID', 'this-is-deprecated'), ('ROS_LOCALHOST_ONLY', '0'), ('PATH', '/home/amandarln/.local/bin:/opt/ros/humble/bin:/home/amandarln/.local/bin:/usr/local/sbin:/usr/local/bin:/usr/sbin:/usr/bin:/sbin:/bin:/usr/games:/usr/local/games:/snap/bin:/snap/bin:/home/amandarln/.local/bin:/home/amandarln/.local/bin'), ('SESSION_MANAGER', 'local/amandarln-Nitro-AN515-57:@/tmp/.ICE-unix/1544,unix/amandarln-Nitro-AN515-57:/tmp/.ICE-unix/1544'), ('INVOCATION_ID', 'acbc9979608d478fad43ac7ced57c415'), ('XDG_MENU_PREFIX', 'gnome-'), ('GNOME_SETUP_DISPLAY', ':1'), ('XDG_RUNTIME_DIR', '/run/user/1000'), ('GDK_BACKEND', 'x11'), ('DISPLAY', ':0'), ('LANG', 'en_US.UTF-8'), ('XDG_CURRENT_DESKTOP', 'Unity'), ('XMODIFIERS', '@im=ibus'), ('XDG_SESSION_DESKTOP', 'ubuntu'), ('XAUTHORITY', '/run/user/1000/.mutter-Xwaylandauth.8V4ER2'), ('LS_COLORS', 'rs=0:di=01;34:ln=01;36:mh=00:pi=40;33:so=01;35:do=01;35:bd=40;33;01:cd=40;33;01:or=40;31;01:mi=00:su=37;41:sg=30;43:ca=30;41:tw=30;42:ow=34;42:st=37;44:ex=01;32:*.tar=01;31:*.tgz=01;31:*.arc=01;31:*.arj=01;31:*.taz=01;31:*.lha=01;31:*.lz4=01;31:*.lzh=01;31:*.lzma=01;31:*.tlz=01;31:*.txz=01;31:*.tzo=01;31:*.t7z=01;31:*.zip=01;31:*.z=01;31:*.dz=01;31:*.gz=01;31:*.lrz=01;31:*.lz=01;31:*.lzo=01;31:*.xz=01;31:*.zst=01;31:*.tzst=01;31:*.bz2=01;31:*.bz=01;31:*.tbz=01;31:*.tbz2=01;31:*.tz=01;31:*.deb=01;31:*.rpm=01;31:*.jar=01;31:*.war=01;31:*.ear=01;31:*.sar=01;31:*.rar=01;31:*.alz=01;31:*.ace=01;31:*.zoo=01;31:*.cpio=01;31:*.7z=01;31:*.rz=01;31:*.cab=01;31:*.wim=01;31:*.swm=01;31:*.dwm=01;31:*.esd=01;31:*.jpg=01;35:*.jpeg=01;35:*.mjpg=01;35:*.mjpeg=01;35:*.gif=01;35:*.bmp=01;35:*.pbm=01;35:*.pgm=01;35:*.ppm=01;35:*.tga=01;35:*.xbm=01;35:*.xpm=01;35:*.tif=01;35:*.tiff=01;35:*.png=01;35:*.svg=01;35:*.svgz=01;35:*.mng=01;35:*.pcx=01;35:*.mov=01;35:*.mpg=01;35:*.mpeg=01;35:*.m2v=01;35:*.mkv=01;35:*.webm=01;35:*.webp=01;35:*.ogm=01;35:*.mp4=01;35:*.m4v=01;35:*.mp4v=01;35:*.vob=01;35:*.qt=01;35:*.nuv=01;35:*.wmv=01;35:*.asf=01;35:*.rm=01;35:*.rmvb=01;35:*.flc=01;35:*.avi=01;35:*.fli=01;35:*.flv=01;35:*.gl=01;35:*.dl=01;35:*.xcf=01;35:*.xwd=01;35:*.yuv=01;35:*.cgm=01;35:*.emf=01;35:*.ogv=01;35:*.ogx=01;35:*.aac=00;36:*.au=00;36:*.flac=00;36:*.m4a=00;36:*.mid=00;36:*.midi=00;36:*.mka=00;36:*.mp3=00;36:*.mpc=00;36:*.ogg=00;36:*.ra=00;36:*.wav=00;36:*.oga=00;36:*.opus=00;36:*.spx=00;36:*.xspf=00;36:'), ('VSCODE_GIT_IPC_HANDLE', '/run/user/1000/vscode-git-51c3191532.sock'), ('TERM_PROGRAM', 'vscode'), ('SSH_AGENT_LAUNCHER', 'gnome-keyring'), ('SSH_AUTH_SOCK', '/run/user/1000/keyring/ssh'), ('AMENT_PREFIX_PATH', '/home/amandarln/ros_ws/install/flatfish_ros_efuse_serial:/home/amandarln/ros_ws/install/ros_driver_base:/opt/ros/humble'), ('ORIGINAL_XDG_CURRENT_DESKTOP', 'ubuntu:GNOME'), ('SHELL', '/bin/bash'), ('QT_ACCESSIBILITY', '1'), ('GDMSESSION', 'ubuntu'), ('LESSCLOSE', '/usr/bin/lesspipe %s %s'), ('GJS_DEBUG_OUTPUT', 'stderr'), ('VSCODE_GIT_ASKPASS_EXTRA_ARGS', ''), ('QT_IM_MODULE', 'ibus'), ('PWD', '/home/amandarln/ros_ws/build/ros_driver_base'), ('LC_ALL', 'en_US.UTF-8'), ('XDG_CONFIG_DIRS', '/etc/xdg/xdg-ubuntu:/etc/xdg'), ('XDG_DATA_DIRS', '/usr/share/ubuntu:/usr/local/share/:/usr/share/:/var/lib/snapd/desktop'), ('PYTHONPATH', '/home/amandarln/ros_ws/install/flatfish_ros_efuse_serial/local/lib/python3.10/dist-packages:/opt/ros/humble/lib/python3.10/site-packages:/opt/ros/humble/local/lib/python3.10/dist-packages'), ('COLCON', '1'), ('CMAKE_PREFIX_PATH', '/home/amandarln/ros_ws/install/flatfish_ros_efuse_serial:/home/amandarln/ros_ws/install/ros_driver_base:/opt/ros/humble')]), 'shell': False}
[0.025158] (ros_driver_base) StdoutLine: {'line': b'/usr/bin/cmake -S/home/amandarln/ros_ws/src/ros_driver_base -B/home/amandarln/ros_ws/build/ros_driver_base --check-build-system CMakeFiles/Makefile.cmake 0\n'}
[0.035113] (ros_driver_base) StdoutLine: {'line': b'/usr/bin/cmake -E cmake_progress_start /home/amandarln/ros_ws/build/ros_driver_base/CMakeFiles /home/amandarln/ros_ws/build/ros_driver_base//CMakeFiles/progress.marks\n'}
[0.042603] (ros_driver_base) StdoutLine: {'line': b'/usr/bin/gmake  -f CMakeFiles/Makefile2 all\n'}
[0.044528] (ros_driver_base) StdoutLine: {'line': b"gmake[1]: Entering directory '/home/amandarln/ros_ws/build/ros_driver_base'\n"}
[0.044726] (ros_driver_base) StdoutLine: {'line': b'/usr/bin/gmake  -f CMakeFiles/ros_driver_base.dir/build.make CMakeFiles/ros_driver_base.dir/depend\n'}
[0.044909] (ros_driver_base) StdoutLine: {'line': b'/usr/bin/gmake  -f gtest/CMakeFiles/gtest.dir/build.make gtest/CMakeFiles/gtest.dir/depend\n'}
[0.045056] (ros_driver_base) StdoutLine: {'line': b'/usr/bin/gmake  -f gtest/CMakeFiles/gtest_main.dir/build.make gtest/CMakeFiles/gtest_main.dir/depend\n'}
[0.047651] (ros_driver_base) StdoutLine: {'line': b"gmake[2]: Entering directory '/home/amandarln/ros_ws/build/ros_driver_base'\n"}
[0.047848] (ros_driver_base) StdoutLine: {'line': b'cd /home/amandarln/ros_ws/build/ros_driver_base && /usr/bin/cmake -E cmake_depends "Unix Makefiles" /home/amandarln/ros_ws/src/ros_driver_base /opt/ros/humble/src/gtest_vendor /home/amandarln/ros_ws/build/ros_driver_base /home/amandarln/ros_ws/build/ros_driver_base/gtest /home/amandarln/ros_ws/build/ros_driver_base/gtest/CMakeFiles/gtest.dir/DependInfo.cmake --color=\n'}
[0.047953] (ros_driver_base) StdoutLine: {'line': b"gmake[2]: Entering directory '/home/amandarln/ros_ws/build/ros_driver_base'\n"}
[0.048038] (ros_driver_base) StdoutLine: {'line': b'cd /home/amandarln/ros_ws/build/ros_driver_base && /usr/bin/cmake -E cmake_depends "Unix Makefiles" /home/amandarln/ros_ws/src/ros_driver_base /opt/ros/humble/src/gtest_vendor /home/amandarln/ros_ws/build/ros_driver_base /home/amandarln/ros_ws/build/ros_driver_base/gtest /home/amandarln/ros_ws/build/ros_driver_base/gtest/CMakeFiles/gtest_main.dir/DependInfo.cmake --color=\n'}
[0.051168] (ros_driver_base) StdoutLine: {'line': b"gmake[2]: Entering directory '/home/amandarln/ros_ws/build/ros_driver_base'\n"}
[0.051463] (ros_driver_base) StdoutLine: {'line': b'cd /home/amandarln/ros_ws/build/ros_driver_base && /usr/bin/cmake -E cmake_depends "Unix Makefiles" /home/amandarln/ros_ws/src/ros_driver_base /home/amandarln/ros_ws/src/ros_driver_base /home/amandarln/ros_ws/build/ros_driver_base /home/amandarln/ros_ws/build/ros_driver_base /home/amandarln/ros_ws/build/ros_driver_base/CMakeFiles/ros_driver_base.dir/DependInfo.cmake --color=\n'}
[0.057696] (ros_driver_base) StdoutLine: {'line': b"gmake[2]: Leaving directory '/home/amandarln/ros_ws/build/ros_driver_base'\n"}
[0.058205] (ros_driver_base) StdoutLine: {'line': b"gmake[2]: Leaving directory '/home/amandarln/ros_ws/build/ros_driver_base'\n"}
[0.058500] (ros_driver_base) StdoutLine: {'line': b'/usr/bin/gmake  -f gtest/CMakeFiles/gtest.dir/build.make gtest/CMakeFiles/gtest.dir/build\n'}
[0.058848] (ros_driver_base) StdoutLine: {'line': b'/usr/bin/gmake  -f gtest/CMakeFiles/gtest_main.dir/build.make gtest/CMakeFiles/gtest_main.dir/build\n'}
[0.060702] (ros_driver_base) StdoutLine: {'line': b"gmake[2]: Leaving directory '/home/amandarln/ros_ws/build/ros_driver_base'\n"}
[0.060925] (ros_driver_base) StdoutLine: {'line': b'/usr/bin/gmake  -f CMakeFiles/ros_driver_base.dir/build.make CMakeFiles/ros_driver_base.dir/build\n'}
[0.061144] (ros_driver_base) StdoutLine: {'line': b"gmake[2]: Entering directory '/home/amandarln/ros_ws/build/ros_driver_base'\n"}
[0.061304] (ros_driver_base) StdoutLine: {'line': b"gmake[2]: Nothing to be done for 'gtest/CMakeFiles/gtest.dir/build'.\n"}
[0.061424] (ros_driver_base) StdoutLine: {'line': b"gmake[2]: Leaving directory '/home/amandarln/ros_ws/build/ros_driver_base'\n"}
[0.061540] (ros_driver_base) StdoutLine: {'line': b"gmake[2]: Entering directory '/home/amandarln/ros_ws/build/ros_driver_base'\n"}
[0.061652] (ros_driver_base) StdoutLine: {'line': b"gmake[2]: Nothing to be done for 'gtest/CMakeFiles/gtest_main.dir/build'.\n"}
[0.061754] (ros_driver_base) StdoutLine: {'line': b"gmake[2]: Leaving directory '/home/amandarln/ros_ws/build/ros_driver_base'\n"}
[0.068412] (ros_driver_base) StdoutLine: {'line': b"gmake[2]: Entering directory '/home/amandarln/ros_ws/build/ros_driver_base'\n"}
[0.068718] (ros_driver_base) StdoutLine: {'line': b"gmake[2]: Nothing to be done for 'CMakeFiles/ros_driver_base.dir/build'.\n"}
[0.068824] (ros_driver_base) StdoutLine: {'line': b"gmake[2]: Leaving directory '/home/amandarln/ros_ws/build/ros_driver_base'\n"}
[0.068963] (ros_driver_base) StdoutLine: {'line': b'[  7%] Built target gtest\n'}
[0.069236] (ros_driver_base) StdoutLine: {'line': b'[ 14%] Built target gtest_main\n'}
[0.075679] (ros_driver_base) StdoutLine: {'line': b'[ 48%] Built target ros_driver_base\n'}
[0.076451] (ros_driver_base) StdoutLine: {'line': b'/usr/bin/gmake  -f CMakeFiles/test_test_stream_gtest.dir/build.make CMakeFiles/test_test_stream_gtest.dir/depend\n'}
[0.076694] (ros_driver_base) StdoutLine: {'line': b'/usr/bin/gmake  -f CMakeFiles/test_driver.dir/build.make CMakeFiles/test_driver.dir/depend\n'}
[0.077032] (ros_driver_base) StdoutLine: {'line': b'/usr/bin/gmake  -f CMakeFiles/test_tcp_read.dir/build.make CMakeFiles/test_tcp_read.dir/depend\n'}
[0.077394] (ros_driver_base) StdoutLine: {'line': b'/usr/bin/gmake  -f CMakeFiles/test_tcp_write.dir/build.make CMakeFiles/test_tcp_write.dir/depend\n'}
[0.077829] (ros_driver_base) StdoutLine: {'line': b'/usr/bin/gmake  -f CMakeFiles/test_udp_read.dir/build.make CMakeFiles/test_udp_read.dir/depend\n'}
[0.078212] (ros_driver_base) StdoutLine: {'line': b'/usr/bin/gmake  -f CMakeFiles/test_udp_write.dir/build.make CMakeFiles/test_udp_write.dir/depend\n'}
[0.079812] (ros_driver_base) StdoutLine: {'line': b"gmake[2]: Entering directory '/home/amandarln/ros_ws/build/ros_driver_base'\n"}
[0.079982] (ros_driver_base) StdoutLine: {'line': b'cd /home/amandarln/ros_ws/build/ros_driver_base && /usr/bin/cmake -E cmake_depends "Unix Makefiles" /home/amandarln/ros_ws/src/ros_driver_base /home/amandarln/ros_ws/src/ros_driver_base /home/amandarln/ros_ws/build/ros_driver_base /home/amandarln/ros_ws/build/ros_driver_base /home/amandarln/ros_ws/build/ros_driver_base/CMakeFiles/test_tcp_read.dir/DependInfo.cmake --color=\n'}
[0.080101] (ros_driver_base) StdoutLine: {'line': b"gmake[2]: Entering directory '/home/amandarln/ros_ws/build/ros_driver_base'\n"}
[0.080191] (ros_driver_base) StdoutLine: {'line': b'cd /home/amandarln/ros_ws/build/ros_driver_base && /usr/bin/cmake -E cmake_depends "Unix Makefiles" /home/amandarln/ros_ws/src/ros_driver_base /home/amandarln/ros_ws/src/ros_driver_base /home/amandarln/ros_ws/build/ros_driver_base /home/amandarln/ros_ws/build/ros_driver_base /home/amandarln/ros_ws/build/ros_driver_base/CMakeFiles/test_tcp_write.dir/DependInfo.cmake --color=\n'}
[0.080283] (ros_driver_base) StdoutLine: {'line': b"gmake[2]: Entering directory '/home/amandarln/ros_ws/build/ros_driver_base'\n"}
[0.080366] (ros_driver_base) StdoutLine: {'line': b'cd /home/amandarln/ros_ws/build/ros_driver_base && /usr/bin/cmake -E cmake_depends "Unix Makefiles" /home/amandarln/ros_ws/src/ros_driver_base /home/amandarln/ros_ws/src/ros_driver_base /home/amandarln/ros_ws/build/ros_driver_base /home/amandarln/ros_ws/build/ros_driver_base /home/amandarln/ros_ws/build/ros_driver_base/CMakeFiles/test_test_stream_gtest.dir/DependInfo.cmake --color=\n'}
[0.080449] (ros_driver_base) StdoutLine: {'line': b"gmake[2]: Entering directory '/home/amandarln/ros_ws/build/ros_driver_base'\n"}
[0.080529] (ros_driver_base) StdoutLine: {'line': b'cd /home/amandarln/ros_ws/build/ros_driver_base && /usr/bin/cmake -E cmake_depends "Unix Makefiles" /home/amandarln/ros_ws/src/ros_driver_base /home/amandarln/ros_ws/src/ros_driver_base /home/amandarln/ros_ws/build/ros_driver_base /home/amandarln/ros_ws/build/ros_driver_base /home/amandarln/ros_ws/build/ros_driver_base/CMakeFiles/test_udp_read.dir/DependInfo.cmake --color=\n'}
[0.080659] (ros_driver_base) StdoutLine: {'line': b"gmake[2]: Entering directory '/home/amandarln/ros_ws/build/ros_driver_base'\n"}
[0.080741] (ros_driver_base) StdoutLine: {'line': b'cd /home/amandarln/ros_ws/build/ros_driver_base && /usr/bin/cmake -E cmake_depends "Unix Makefiles" /home/amandarln/ros_ws/src/ros_driver_base /home/amandarln/ros_ws/src/ros_driver_base /home/amandarln/ros_ws/build/ros_driver_base /home/amandarln/ros_ws/build/ros_driver_base /home/amandarln/ros_ws/build/ros_driver_base/CMakeFiles/test_udp_write.dir/DependInfo.cmake --color=\n'}
[0.082365] (ros_driver_base) StdoutLine: {'line': b"gmake[2]: Entering directory '/home/amandarln/ros_ws/build/ros_driver_base'\n"}
[0.082649] (ros_driver_base) StdoutLine: {'line': b'cd /home/amandarln/ros_ws/build/ros_driver_base && /usr/bin/cmake -E cmake_depends "Unix Makefiles" /home/amandarln/ros_ws/src/ros_driver_base /home/amandarln/ros_ws/src/ros_driver_base /home/amandarln/ros_ws/build/ros_driver_base /home/amandarln/ros_ws/build/ros_driver_base /home/amandarln/ros_ws/build/ros_driver_base/CMakeFiles/test_driver.dir/DependInfo.cmake --color=\n'}
[0.089353] (ros_driver_base) StdoutLine: {'line': b"gmake[2]: Leaving directory '/home/amandarln/ros_ws/build/ros_driver_base'\n"}
[0.089971] (ros_driver_base) StdoutLine: {'line': b'/usr/bin/gmake  -f CMakeFiles/test_tcp_write.dir/build.make CMakeFiles/test_tcp_write.dir/build\n'}
[0.090360] (ros_driver_base) StdoutLine: {'line': b"gmake[2]: Leaving directory '/home/amandarln/ros_ws/build/ros_driver_base'\n"}
[0.090629] (ros_driver_base) StdoutLine: {'line': b"gmake[2]: Leaving directory '/home/amandarln/ros_ws/build/ros_driver_base'\n"}
[0.090952] (ros_driver_base) StdoutLine: {'line': b"gmake[2]: Leaving directory '/home/amandarln/ros_ws/build/ros_driver_base'\n"}
[0.091210] (ros_driver_base) StdoutLine: {'line': b'/usr/bin/gmake  -f CMakeFiles/test_test_stream_gtest.dir/build.make CMakeFiles/test_test_stream_gtest.dir/build\n'}
[0.091337] (ros_driver_base) StdoutLine: {'line': b"gmake[2]: Leaving directory '/home/amandarln/ros_ws/build/ros_driver_base'\n"}
[0.091459] (ros_driver_base) StdoutLine: {'line': b'/usr/bin/gmake  -f CMakeFiles/test_tcp_read.dir/build.make CMakeFiles/test_tcp_read.dir/build\n'}
[0.091593] (ros_driver_base) StdoutLine: {'line': b'/usr/bin/gmake  -f CMakeFiles/test_udp_read.dir/build.make CMakeFiles/test_udp_read.dir/build\n'}
[0.091715] (ros_driver_base) StdoutLine: {'line': b'/usr/bin/gmake  -f CMakeFiles/test_udp_write.dir/build.make CMakeFiles/test_udp_write.dir/build\n'}
[0.091907] (ros_driver_base) StdoutLine: {'line': b"gmake[2]: Entering directory '/home/amandarln/ros_ws/build/ros_driver_base'\n"}
[0.092035] (ros_driver_base) StdoutLine: {'line': b"gmake[2]: Nothing to be done for 'CMakeFiles/test_tcp_write.dir/build'.\n"}
[0.092157] (ros_driver_base) StdoutLine: {'line': b"gmake[2]: Leaving directory '/home/amandarln/ros_ws/build/ros_driver_base'\n"}
[0.092337] (ros_driver_base) StdoutLine: {'line': b"gmake[2]: Leaving directory '/home/amandarln/ros_ws/build/ros_driver_base'\n"}
[0.092543] (ros_driver_base) StdoutLine: {'line': b"gmake[2]: Entering directory '/home/amandarln/ros_ws/build/ros_driver_base'\n"}
[0.092676] (ros_driver_base) StdoutLine: {'line': b"gmake[2]: Nothing to be done for 'CMakeFiles/test_tcp_read.dir/build'.\n"}
[0.092843] (ros_driver_base) StdoutLine: {'line': b"gmake[2]: Leaving directory '/home/amandarln/ros_ws/build/ros_driver_base'\n"}
[0.092975] (ros_driver_base) StdoutLine: {'line': b'/usr/bin/gmake  -f CMakeFiles/test_driver.dir/build.make CMakeFiles/test_driver.dir/build\n'}
[0.093162] (ros_driver_base) StdoutLine: {'line': b"gmake[2]: Entering directory '/home/amandarln/ros_ws/build/ros_driver_base'\n"}
[0.093334] (ros_driver_base) StdoutLine: {'line': b"gmake[2]: Nothing to be done for 'CMakeFiles/test_test_stream_gtest.dir/build'.\n"}
[0.093463] (ros_driver_base) StdoutLine: {'line': b"gmake[2]: Leaving directory '/home/amandarln/ros_ws/build/ros_driver_base'\n"}
[0.093591] (ros_driver_base) StdoutLine: {'line': b"gmake[2]: Entering directory '/home/amandarln/ros_ws/build/ros_driver_base'\n"}
[0.093724] (ros_driver_base) StdoutLine: {'line': b"gmake[2]: Nothing to be done for 'CMakeFiles/test_udp_read.dir/build'.\n"}
[0.093846] (ros_driver_base) StdoutLine: {'line': b"gmake[2]: Leaving directory '/home/amandarln/ros_ws/build/ros_driver_base'\n"}
[0.093972] (ros_driver_base) StdoutLine: {'line': b"gmake[2]: Entering directory '/home/amandarln/ros_ws/build/ros_driver_base'\n"}
[0.094083] (ros_driver_base) StdoutLine: {'line': b"gmake[2]: Nothing to be done for 'CMakeFiles/test_udp_write.dir/build'.\n"}
[0.094195] (ros_driver_base) StdoutLine: {'line': b"gmake[2]: Leaving directory '/home/amandarln/ros_ws/build/ros_driver_base'\n"}
[0.098768] (ros_driver_base) StdoutLine: {'line': b"gmake[2]: Entering directory '/home/amandarln/ros_ws/build/ros_driver_base'\n"}
[0.098918] (-) TimerEvent: {}
[0.099067] (ros_driver_base) StdoutLine: {'line': b"gmake[2]: Nothing to be done for 'CMakeFiles/test_driver.dir/build'.\n"}
[0.099201] (ros_driver_base) StdoutLine: {'line': b"gmake[2]: Leaving directory '/home/amandarln/ros_ws/build/ros_driver_base'\n"}
[0.101030] (ros_driver_base) StdoutLine: {'line': b'[ 55%] Built target test_tcp_write\n'}
[0.102157] (ros_driver_base) StdoutLine: {'line': b'[ 70%] Built target test_test_stream_gtest\n'}
[0.102311] (ros_driver_base) StdoutLine: {'line': b'[ 70%] Built target test_tcp_read\n'}
[0.102602] (ros_driver_base) StdoutLine: {'line': b'[ 77%] Built target test_udp_write\n'}
[0.102786] (ros_driver_base) StdoutLine: {'line': b'[ 85%] Built target test_udp_read\n'}
[0.107562] (ros_driver_base) StdoutLine: {'line': b'[100%] Built target test_driver\n'}
[0.108409] (ros_driver_base) StdoutLine: {'line': b"gmake[1]: Leaving directory '/home/amandarln/ros_ws/build/ros_driver_base'\n"}
[0.108601] (ros_driver_base) StdoutLine: {'line': b'/usr/bin/cmake -E cmake_progress_start /home/amandarln/ros_ws/build/ros_driver_base/CMakeFiles 0\n'}
[0.121278] (ros_driver_base) CommandEnded: {'returncode': 0}
[0.199045] (-) TimerEvent: {}
[0.242849] (ros_driver_base) JobProgress: {'identifier': 'ros_driver_base', 'progress': 'install'}
[0.259030] (ros_driver_base) Command: {'cmd': ['/usr/bin/cmake', '--install', '/home/amandarln/ros_ws/build/ros_driver_base'], 'cwd': '/home/amandarln/ros_ws/build/ros_driver_base', 'env': OrderedDict([('GJS_DEBUG_TOPICS', 'JS ERROR;JS LOG'), ('LESSOPEN', '| /usr/bin/lesspipe %s'), ('USER', 'amandarln'), ('XDG_SESSION_TYPE', 'wayland'), ('GIT_ASKPASS', '/usr/share/code/resources/app/extensions/git/dist/askpass.sh'), ('SHLVL', '1'), ('LD_LIBRARY_PATH', '/home/amandarln/ros_ws/install/flatfish_ros_efuse_serial/lib:/home/amandarln/ros_ws/install/ros_driver_base/lib:/usr/lib/x86_64-linux-gnu/gazebo-11/plugins:/opt/ros/humble/opt/rviz_ogre_vendor/lib:/opt/ros/humble/lib/x86_64-linux-gnu:/opt/ros/humble/lib'), ('HOME', '/home/amandarln'), ('CHROME_DESKTOP', 'code-url-handler.desktop'), ('TERM_PROGRAM_VERSION', '1.90.0'), ('DESKTOP_SESSION', 'ubuntu'), ('GIO_LAUNCHED_DESKTOP_FILE', '/usr/share/applications/code.desktop'), ('ROS_PYTHON_VERSION', '3'), ('GNOME_SHELL_SESSION_MODE', 'ubuntu'), ('GTK_MODULES', 'gail:atk-bridge'), ('VSCODE_GIT_ASKPASS_MAIN', '/usr/share/code/resources/app/extensions/git/dist/askpass-main.js'), ('VSCODE_GIT_ASKPASS_NODE', '/usr/share/code/code'), ('MANAGERPID', '1418'), ('SYSTEMD_EXEC_PID', '1566'), ('IM_CONFIG_CHECK_ENV', '1'), ('DBUS_SESSION_BUS_ADDRESS', 'unix:path=/run/user/1000/bus'), ('COLORTERM', 'truecolor'), ('GIO_LAUNCHED_DESKTOP_FILE_PID', '6943'), ('IM_CONFIG_PHASE', '1'), ('WAYLAND_DISPLAY', 'wayland-0'), ('COLCON_PREFIX_PATH', '/home/amandarln/ros_ws/install'), ('ROS_DISTRO', 'humble'), ('LOGNAME', 'amandarln'), ('JOURNAL_STREAM', '8:28102'), ('_', '/usr/bin/colcon'), ('ROS_VERSION', '2'), ('XDG_SESSION_CLASS', 'user'), ('USERNAME', 'amandarln'), ('TERM', 'xterm-256color'), ('GNOME_DESKTOP_SESSION_ID', 'this-is-deprecated'), ('ROS_LOCALHOST_ONLY', '0'), ('PATH', '/home/amandarln/.local/bin:/opt/ros/humble/bin:/home/amandarln/.local/bin:/usr/local/sbin:/usr/local/bin:/usr/sbin:/usr/bin:/sbin:/bin:/usr/games:/usr/local/games:/snap/bin:/snap/bin:/home/amandarln/.local/bin:/home/amandarln/.local/bin'), ('SESSION_MANAGER', 'local/amandarln-Nitro-AN515-57:@/tmp/.ICE-unix/1544,unix/amandarln-Nitro-AN515-57:/tmp/.ICE-unix/1544'), ('INVOCATION_ID', 'acbc9979608d478fad43ac7ced57c415'), ('XDG_MENU_PREFIX', 'gnome-'), ('GNOME_SETUP_DISPLAY', ':1'), ('XDG_RUNTIME_DIR', '/run/user/1000'), ('GDK_BACKEND', 'x11'), ('DISPLAY', ':0'), ('LANG', 'en_US.UTF-8'), ('XDG_CURRENT_DESKTOP', 'Unity'), ('XMODIFIERS', '@im=ibus'), ('XDG_SESSION_DESKTOP', 'ubuntu'), ('XAUTHORITY', '/run/user/1000/.mutter-Xwaylandauth.8V4ER2'), ('LS_COLORS', 'rs=0:di=01;34:ln=01;36:mh=00:pi=40;33:so=01;35:do=01;35:bd=40;33;01:cd=40;33;01:or=40;31;01:mi=00:su=37;41:sg=30;43:ca=30;41:tw=30;42:ow=34;42:st=37;44:ex=01;32:*.tar=01;31:*.tgz=01;31:*.arc=01;31:*.arj=01;31:*.taz=01;31:*.lha=01;31:*.lz4=01;31:*.lzh=01;31:*.lzma=01;31:*.tlz=01;31:*.txz=01;31:*.tzo=01;31:*.t7z=01;31:*.zip=01;31:*.z=01;31:*.dz=01;31:*.gz=01;31:*.lrz=01;31:*.lz=01;31:*.lzo=01;31:*.xz=01;31:*.zst=01;31:*.tzst=01;31:*.bz2=01;31:*.bz=01;31:*.tbz=01;31:*.tbz2=01;31:*.tz=01;31:*.deb=01;31:*.rpm=01;31:*.jar=01;31:*.war=01;31:*.ear=01;31:*.sar=01;31:*.rar=01;31:*.alz=01;31:*.ace=01;31:*.zoo=01;31:*.cpio=01;31:*.7z=01;31:*.rz=01;31:*.cab=01;31:*.wim=01;31:*.swm=01;31:*.dwm=01;31:*.esd=01;31:*.jpg=01;35:*.jpeg=01;35:*.mjpg=01;35:*.mjpeg=01;35:*.gif=01;35:*.bmp=01;35:*.pbm=01;35:*.pgm=01;35:*.ppm=01;35:*.tga=01;35:*.xbm=01;35:*.xpm=01;35:*.tif=01;35:*.tiff=01;35:*.png=01;35:*.svg=01;35:*.svgz=01;35:*.mng=01;35:*.pcx=01;35:*.mov=01;35:*.mpg=01;35:*.mpeg=01;35:*.m2v=01;35:*.mkv=01;35:*.webm=01;35:*.webp=01;35:*.ogm=01;35:*.mp4=01;35:*.m4v=01;35:*.mp4v=01;35:*.vob=01;35:*.qt=01;35:*.nuv=01;35:*.wmv=01;35:*.asf=01;35:*.rm=01;35:*.rmvb=01;35:*.flc=01;35:*.avi=01;35:*.fli=01;35:*.flv=01;35:*.gl=01;35:*.dl=01;35:*.xcf=01;35:*.xwd=01;35:*.yuv=01;35:*.cgm=01;35:*.emf=01;35:*.ogv=01;35:*.ogx=01;35:*.aac=00;36:*.au=00;36:*.flac=00;36:*.m4a=00;36:*.mid=00;36:*.midi=00;36:*.mka=00;36:*.mp3=00;36:*.mpc=00;36:*.ogg=00;36:*.ra=00;36:*.wav=00;36:*.oga=00;36:*.opus=00;36:*.spx=00;36:*.xspf=00;36:'), ('VSCODE_GIT_IPC_HANDLE', '/run/user/1000/vscode-git-51c3191532.sock'), ('TERM_PROGRAM', 'vscode'), ('SSH_AGENT_LAUNCHER', 'gnome-keyring'), ('SSH_AUTH_SOCK', '/run/user/1000/keyring/ssh'), ('AMENT_PREFIX_PATH', '/home/amandarln/ros_ws/install/flatfish_ros_efuse_serial:/home/amandarln/ros_ws/install/ros_driver_base:/opt/ros/humble'), ('ORIGINAL_XDG_CURRENT_DESKTOP', 'ubuntu:GNOME'), ('SHELL', '/bin/bash'), ('QT_ACCESSIBILITY', '1'), ('GDMSESSION', 'ubuntu'), ('LESSCLOSE', '/usr/bin/lesspipe %s %s'), ('GJS_DEBUG_OUTPUT', 'stderr'), ('VSCODE_GIT_ASKPASS_EXTRA_ARGS', ''), ('QT_IM_MODULE', 'ibus'), ('PWD', '/home/amandarln/ros_ws/build/ros_driver_base'), ('LC_ALL', 'en_US.UTF-8'), ('XDG_CONFIG_DIRS', '/etc/xdg/xdg-ubuntu:/etc/xdg'), ('XDG_DATA_DIRS', '/usr/share/ubuntu:/usr/local/share/:/usr/share/:/var/lib/snapd/desktop'), ('PYTHONPATH', '/home/amandarln/ros_ws/install/flatfish_ros_efuse_serial/local/lib/python3.10/dist-packages:/opt/ros/humble/lib/python3.10/site-packages:/opt/ros/humble/local/lib/python3.10/dist-packages'), ('COLCON', '1'), ('CMAKE_PREFIX_PATH', '/home/amandarln/ros_ws/install/flatfish_ros_efuse_serial:/home/amandarln/ros_ws/install/ros_driver_base:/opt/ros/humble')]), 'shell': False}
[0.266144] (ros_driver_base) StdoutLine: {'line': b'-- Install configuration: ""\n'}
[0.266780] (ros_driver_base) StdoutLine: {'line': b'-- Up-to-date: /home/amandarln/ros_ws/install/ros_driver_base/share/ros_driver_base/environment/library_path.sh\n'}
[0.266881] (ros_driver_base) StdoutLine: {'line': b'-- Up-to-date: /home/amandarln/ros_ws/install/ros_driver_base/share/ros_driver_base/environment/library_path.dsv\n'}
[0.267024] (ros_driver_base) StdoutLine: {'line': b'-- Up-to-date: /home/amandarln/ros_ws/install/ros_driver_base/share/ament_index/resource_index/package_run_dependencies/ros_driver_base\n'}
[0.267113] (ros_driver_base) StdoutLine: {'line': b'-- Up-to-date: /home/amandarln/ros_ws/install/ros_driver_base/share/ament_index/resource_index/parent_prefix_path/ros_driver_base\n'}
[0.267185] (ros_driver_base) StdoutLine: {'line': b'-- Up-to-date: /home/amandarln/ros_ws/install/ros_driver_base/share/ros_driver_base/environment/ament_prefix_path.sh\n'}
[0.267260] (ros_driver_base) StdoutLine: {'line': b'-- Up-to-date: /home/amandarln/ros_ws/install/ros_driver_base/share/ros_driver_base/environment/ament_prefix_path.dsv\n'}
[0.267330] (ros_driver_base) StdoutLine: {'line': b'-- Up-to-date: /home/amandarln/ros_ws/install/ros_driver_base/share/ros_driver_base/environment/path.sh\n'}
[0.267416] (ros_driver_base) StdoutLine: {'line': b'-- Up-to-date: /home/amandarln/ros_ws/install/ros_driver_base/share/ros_driver_base/environment/path.dsv\n'}
[0.267489] (ros_driver_base) StdoutLine: {'line': b'-- Up-to-date: /home/amandarln/ros_ws/install/ros_driver_base/share/ros_driver_base/local_setup.bash\n'}
[0.267561] (ros_driver_base) StdoutLine: {'line': b'-- Up-to-date: /home/amandarln/ros_ws/install/ros_driver_base/share/ros_driver_base/local_setup.sh\n'}
[0.267634] (ros_driver_base) StdoutLine: {'line': b'-- Up-to-date: /home/amandarln/ros_ws/install/ros_driver_base/share/ros_driver_base/local_setup.zsh\n'}
[0.267758] (ros_driver_base) StdoutLine: {'line': b'-- Up-to-date: /home/amandarln/ros_ws/install/ros_driver_base/share/ros_driver_base/local_setup.dsv\n'}
[0.267865] (ros_driver_base) StdoutLine: {'line': b'-- Installing: /home/amandarln/ros_ws/install/ros_driver_base/share/ros_driver_base/package.dsv\n'}
[0.267935] (ros_driver_base) StdoutLine: {'line': b'-- Up-to-date: /home/amandarln/ros_ws/install/ros_driver_base/share/ament_index/resource_index/packages/ros_driver_base\n'}
[0.268003] (ros_driver_base) StdoutLine: {'line': b'-- Up-to-date: /home/amandarln/ros_ws/install/ros_driver_base/share/ros_driver_base/cmake/ament_cmake_export_include_directories-extras.cmake\n'}
[0.268068] (ros_driver_base) StdoutLine: {'line': b'-- Up-to-date: /home/amandarln/ros_ws/install/ros_driver_base/share/ros_driver_base/cmake/ament_cmake_export_libraries-extras.cmake\n'}
[0.268130] (ros_driver_base) StdoutLine: {'line': b'-- Up-to-date: /home/amandarln/ros_ws/install/ros_driver_base/share/ros_driver_base/cmake/ros_driver_baseConfig.cmake\n'}
[0.268195] (ros_driver_base) StdoutLine: {'line': b'-- Up-to-date: /home/amandarln/ros_ws/install/ros_driver_base/share/ros_driver_base/cmake/ros_driver_baseConfig-version.cmake\n'}
[0.268256] (ros_driver_base) StdoutLine: {'line': b'-- Up-to-date: /home/amandarln/ros_ws/install/ros_driver_base/share/ros_driver_base/package.xml\n'}
[0.268318] (ros_driver_base) StdoutLine: {'line': b'-- Up-to-date: /home/amandarln/ros_ws/install/ros_driver_base/include\n'}
[0.268381] (ros_driver_base) StdoutLine: {'line': b'-- Up-to-date: /home/amandarln/ros_ws/install/ros_driver_base/include/ros_driver_base\n'}
[0.268443] (ros_driver_base) StdoutLine: {'line': b'-- Up-to-date: /home/amandarln/ros_ws/install/ros_driver_base/include/ros_driver_base/mock_context_exception.hpp\n'}
[0.268552] (ros_driver_base) StdoutLine: {'line': b'-- Up-to-date: /home/amandarln/ros_ws/install/ros_driver_base/include/ros_driver_base/status.hpp\n'}
[0.268620] (ros_driver_base) StdoutLine: {'line': b'-- Up-to-date: /home/amandarln/ros_ws/install/ros_driver_base/include/ros_driver_base/bus_handler.hpp\n'}
[0.268688] (ros_driver_base) StdoutLine: {'line': b'-- Up-to-date: /home/amandarln/ros_ws/install/ros_driver_base/include/ros_driver_base/io_stream.hpp\n'}
[0.268755] (ros_driver_base) StdoutLine: {'line': b'-- Up-to-date: /home/amandarln/ros_ws/install/ros_driver_base/include/ros_driver_base/fd_stream.hpp\n'}
[0.268945] (ros_driver_base) StdoutLine: {'line': b'-- Up-to-date: /home/amandarln/ros_ws/install/ros_driver_base/include/ros_driver_base/test_ends_with_expectations_left_exception.hpp\n'}
[0.269012] (ros_driver_base) StdoutLine: {'line': b'-- Up-to-date: /home/amandarln/ros_ws/install/ros_driver_base/include/ros_driver_base/timeout.hpp\n'}
[0.269078] (ros_driver_base) StdoutLine: {'line': b'-- Up-to-date: /home/amandarln/ros_ws/install/ros_driver_base/include/ros_driver_base/test_stream.hpp\n'}
[0.269143] (ros_driver_base) StdoutLine: {'line': b'-- Up-to-date: /home/amandarln/ros_ws/install/ros_driver_base/include/ros_driver_base/file_guard.hpp\n'}
[0.269208] (ros_driver_base) StdoutLine: {'line': b'-- Up-to-date: /home/amandarln/ros_ws/install/ros_driver_base/include/ros_driver_base/tcp_driver.hpp\n'}
[0.269272] (ros_driver_base) StdoutLine: {'line': b'-- Up-to-date: /home/amandarln/ros_ws/install/ros_driver_base/include/ros_driver_base/driver.hpp\n'}
[0.269335] (ros_driver_base) StdoutLine: {'line': b'-- Up-to-date: /home/amandarln/ros_ws/install/ros_driver_base/include/ros_driver_base/bus.hpp\n'}
[0.269399] (ros_driver_base) StdoutLine: {'line': b'-- Up-to-date: /home/amandarln/ros_ws/install/ros_driver_base/include/ros_driver_base/parser.hpp\n'}
[0.269463] (ros_driver_base) StdoutLine: {'line': b'-- Up-to-date: /home/amandarln/ros_ws/install/ros_driver_base/include/ros_driver_base/io_listener.hpp\n'}
[0.269528] (ros_driver_base) StdoutLine: {'line': b'-- Up-to-date: /home/amandarln/ros_ws/install/ros_driver_base/include/ros_driver_base/runtime_exceptions.hpp\n'}
[0.269590] (ros_driver_base) StdoutLine: {'line': b'-- Up-to-date: /home/amandarln/ros_ws/install/ros_driver_base/include/ros_driver_base/udp_server_stream.hpp\n'}
[0.269651] (ros_driver_base) StdoutLine: {'line': b'-- Up-to-date: /home/amandarln/ros_ws/install/ros_driver_base/lib/libros_driver_base.so\n'}
[0.269827] (ros_driver_base) StdoutLine: {'line': b'-- Up-to-date: /home/amandarln/ros_ws/install/ros_driver_base/lib/ros_driver_base/test_driver\n'}
[0.270332] (ros_driver_base) CommandEnded: {'returncode': 0}
[0.299138] (-) TimerEvent: {}
[0.399533] (-) TimerEvent: {}
[0.403672] (ros_driver_base) JobEnded: {'identifier': 'ros_driver_base', 'rc': 0}
[0.404709] (flatfish_ros_efuse_serial) JobStarted: {'identifier': 'flatfish_ros_efuse_serial'}
[0.416657] (flatfish_ros_efuse_serial) JobProgress: {'identifier': 'flatfish_ros_efuse_serial', 'progress': 'cmake'}
[0.417382] (flatfish_ros_efuse_serial) JobProgress: {'identifier': 'flatfish_ros_efuse_serial', 'progress': 'build'}
[0.418187] (flatfish_ros_efuse_serial) Command: {'cmd': ['/usr/bin/cmake', '--build', '/home/amandarln/ros_ws/build/flatfish_ros_efuse_serial', '--', '-j16', '-l16'], 'cwd': '/home/amandarln/ros_ws/build/flatfish_ros_efuse_serial', 'env': OrderedDict([('GJS_DEBUG_TOPICS', 'JS ERROR;JS LOG'), ('LESSOPEN', '| /usr/bin/lesspipe %s'), ('USER', 'amandarln'), ('XDG_SESSION_TYPE', 'wayland'), ('GIT_ASKPASS', '/usr/share/code/resources/app/extensions/git/dist/askpass.sh'), ('SHLVL', '1'), ('LD_LIBRARY_PATH', '/home/amandarln/ros_ws/install/ros_driver_base/lib:/home/amandarln/ros_ws/install/flatfish_ros_efuse_serial/lib:/usr/lib/x86_64-linux-gnu/gazebo-11/plugins:/opt/ros/humble/opt/rviz_ogre_vendor/lib:/opt/ros/humble/lib/x86_64-linux-gnu:/opt/ros/humble/lib'), ('HOME', '/home/amandarln'), ('CHROME_DESKTOP', 'code-url-handler.desktop'), ('TERM_PROGRAM_VERSION', '1.90.0'), ('DESKTOP_SESSION', 'ubuntu'), ('GIO_LAUNCHED_DESKTOP_FILE', '/usr/share/applications/code.desktop'), ('ROS_PYTHON_VERSION', '3'), ('GNOME_SHELL_SESSION_MODE', 'ubuntu'), ('GTK_MODULES', 'gail:atk-bridge'), ('VSCODE_GIT_ASKPASS_MAIN', '/usr/share/code/resources/app/extensions/git/dist/askpass-main.js'), ('VSCODE_GIT_ASKPASS_NODE', '/usr/share/code/code'), ('MANAGERPID', '1418'), ('SYSTEMD_EXEC_PID', '1566'), ('IM_CONFIG_CHECK_ENV', '1'), ('DBUS_SESSION_BUS_ADDRESS', 'unix:path=/run/user/1000/bus'), ('COLORTERM', 'truecolor'), ('GIO_LAUNCHED_DESKTOP_FILE_PID', '6943'), ('IM_CONFIG_PHASE', '1'), ('WAYLAND_DISPLAY', 'wayland-0'), ('COLCON_PREFIX_PATH', '/home/amandarln/ros_ws/install'), ('ROS_DISTRO', 'humble'), ('LOGNAME', 'amandarln'), ('JOURNAL_STREAM', '8:28102'), ('_', '/usr/bin/colcon'), ('ROS_VERSION', '2'), ('XDG_SESSION_CLASS', 'user'), ('USERNAME', 'amandarln'), ('TERM', 'xterm-256color'), ('GNOME_DESKTOP_SESSION_ID', 'this-is-deprecated'), ('ROS_LOCALHOST_ONLY', '0'), ('PATH', '/home/amandarln/.local/bin:/opt/ros/humble/bin:/home/amandarln/.local/bin:/usr/local/sbin:/usr/local/bin:/usr/sbin:/usr/bin:/sbin:/bin:/usr/games:/usr/local/games:/snap/bin:/snap/bin:/home/amandarln/.local/bin:/home/amandarln/.local/bin'), ('SESSION_MANAGER', 'local/amandarln-Nitro-AN515-57:@/tmp/.ICE-unix/1544,unix/amandarln-Nitro-AN515-57:/tmp/.ICE-unix/1544'), ('INVOCATION_ID', 'acbc9979608d478fad43ac7ced57c415'), ('XDG_MENU_PREFIX', 'gnome-'), ('GNOME_SETUP_DISPLAY', ':1'), ('XDG_RUNTIME_DIR', '/run/user/1000'), ('GDK_BACKEND', 'x11'), ('DISPLAY', ':0'), ('LANG', 'en_US.UTF-8'), ('XDG_CURRENT_DESKTOP', 'Unity'), ('XMODIFIERS', '@im=ibus'), ('XDG_SESSION_DESKTOP', 'ubuntu'), ('XAUTHORITY', '/run/user/1000/.mutter-Xwaylandauth.8V4ER2'), ('LS_COLORS', 'rs=0:di=01;34:ln=01;36:mh=00:pi=40;33:so=01;35:do=01;35:bd=40;33;01:cd=40;33;01:or=40;31;01:mi=00:su=37;41:sg=30;43:ca=30;41:tw=30;42:ow=34;42:st=37;44:ex=01;32:*.tar=01;31:*.tgz=01;31:*.arc=01;31:*.arj=01;31:*.taz=01;31:*.lha=01;31:*.lz4=01;31:*.lzh=01;31:*.lzma=01;31:*.tlz=01;31:*.txz=01;31:*.tzo=01;31:*.t7z=01;31:*.zip=01;31:*.z=01;31:*.dz=01;31:*.gz=01;31:*.lrz=01;31:*.lz=01;31:*.lzo=01;31:*.xz=01;31:*.zst=01;31:*.tzst=01;31:*.bz2=01;31:*.bz=01;31:*.tbz=01;31:*.tbz2=01;31:*.tz=01;31:*.deb=01;31:*.rpm=01;31:*.jar=01;31:*.war=01;31:*.ear=01;31:*.sar=01;31:*.rar=01;31:*.alz=01;31:*.ace=01;31:*.zoo=01;31:*.cpio=01;31:*.7z=01;31:*.rz=01;31:*.cab=01;31:*.wim=01;31:*.swm=01;31:*.dwm=01;31:*.esd=01;31:*.jpg=01;35:*.jpeg=01;35:*.mjpg=01;35:*.mjpeg=01;35:*.gif=01;35:*.bmp=01;35:*.pbm=01;35:*.pgm=01;35:*.ppm=01;35:*.tga=01;35:*.xbm=01;35:*.xpm=01;35:*.tif=01;35:*.tiff=01;35:*.png=01;35:*.svg=01;35:*.svgz=01;35:*.mng=01;35:*.pcx=01;35:*.mov=01;35:*.mpg=01;35:*.mpeg=01;35:*.m2v=01;35:*.mkv=01;35:*.webm=01;35:*.webp=01;35:*.ogm=01;35:*.mp4=01;35:*.m4v=01;35:*.mp4v=01;35:*.vob=01;35:*.qt=01;35:*.nuv=01;35:*.wmv=01;35:*.asf=01;35:*.rm=01;35:*.rmvb=01;35:*.flc=01;35:*.avi=01;35:*.fli=01;35:*.flv=01;35:*.gl=01;35:*.dl=01;35:*.xcf=01;35:*.xwd=01;35:*.yuv=01;35:*.cgm=01;35:*.emf=01;35:*.ogv=01;35:*.ogx=01;35:*.aac=00;36:*.au=00;36:*.flac=00;36:*.m4a=00;36:*.mid=00;36:*.midi=00;36:*.mka=00;36:*.mp3=00;36:*.mpc=00;36:*.ogg=00;36:*.ra=00;36:*.wav=00;36:*.oga=00;36:*.opus=00;36:*.spx=00;36:*.xspf=00;36:'), ('VSCODE_GIT_IPC_HANDLE', '/run/user/1000/vscode-git-51c3191532.sock'), ('TERM_PROGRAM', 'vscode'), ('SSH_AGENT_LAUNCHER', 'gnome-keyring'), ('SSH_AUTH_SOCK', '/run/user/1000/keyring/ssh'), ('AMENT_PREFIX_PATH', '/home/amandarln/ros_ws/install/flatfish_ros_efuse_serial:/home/amandarln/ros_ws/install/ros_driver_base:/opt/ros/humble'), ('ORIGINAL_XDG_CURRENT_DESKTOP', 'ubuntu:GNOME'), ('SHELL', '/bin/bash'), ('QT_ACCESSIBILITY', '1'), ('GDMSESSION', 'ubuntu'), ('LESSCLOSE', '/usr/bin/lesspipe %s %s'), ('GJS_DEBUG_OUTPUT', 'stderr'), ('VSCODE_GIT_ASKPASS_EXTRA_ARGS', ''), ('QT_IM_MODULE', 'ibus'), ('PWD', '/home/amandarln/ros_ws/build/flatfish_ros_efuse_serial'), ('LC_ALL', 'en_US.UTF-8'), ('XDG_CONFIG_DIRS', '/etc/xdg/xdg-ubuntu:/etc/xdg'), ('XDG_DATA_DIRS', '/usr/share/ubuntu:/usr/local/share/:/usr/share/:/var/lib/snapd/desktop'), ('PYTHONPATH', '/home/amandarln/ros_ws/install/flatfish_ros_efuse_serial/local/lib/python3.10/dist-packages:/opt/ros/humble/lib/python3.10/site-packages:/opt/ros/humble/local/lib/python3.10/dist-packages'), ('COLCON', '1'), ('CMAKE_PREFIX_PATH', '/home/amandarln/ros_ws/install/ros_driver_base:/home/amandarln/ros_ws/install/flatfish_ros_efuse_serial:/opt/ros/humble')]), 'shell': False}
[0.456769] (flatfish_ros_efuse_serial) StdoutLine: {'line': b'-- Found ament_cmake: 1.3.9 (/opt/ros/humble/share/ament_cmake/cmake)\n'}
[0.499654] (-) TimerEvent: {}
[0.591219] (flatfish_ros_efuse_serial) StdoutLine: {'line': b'-- Found rclcpp: 16.0.9 (/opt/ros/humble/share/rclcpp/cmake)\n'}
[0.599740] (-) TimerEvent: {}
[0.623144] (flatfish_ros_efuse_serial) StdoutLine: {'line': b'-- Found rosidl_generator_c: 3.1.5 (/opt/ros/humble/share/rosidl_generator_c/cmake)\n'}
[0.625640] (flatfish_ros_efuse_serial) StdoutLine: {'line': b'-- Found rosidl_adapter: 3.1.5 (/opt/ros/humble/share/rosidl_adapter/cmake)\n'}
[0.632327] (flatfish_ros_efuse_serial) StdoutLine: {'line': b'-- Found rosidl_generator_cpp: 3.1.5 (/opt/ros/humble/share/rosidl_generator_cpp/cmake)\n'}
[0.641999] (flatfish_ros_efuse_serial) StdoutLine: {'line': b'-- Using all available rosidl_typesupport_c: rosidl_typesupport_fastrtps_c;rosidl_typesupport_introspection_c\n'}
[0.654949] (flatfish_ros_efuse_serial) StdoutLine: {'line': b'-- Using all available rosidl_typesupport_cpp: rosidl_typesupport_fastrtps_cpp;rosidl_typesupport_introspection_cpp\n'}
[0.699877] (-) TimerEvent: {}
[0.701384] (flatfish_ros_efuse_serial) StdoutLine: {'line': b'-- Found rmw_implementation_cmake: 6.1.2 (/opt/ros/humble/share/rmw_implementation_cmake/cmake)\n'}
[0.702849] (flatfish_ros_efuse_serial) StdoutLine: {'line': b'-- Found rmw_fastrtps_cpp: 6.2.6 (/opt/ros/humble/share/rmw_fastrtps_cpp/cmake)\n'}
[0.800030] (-) TimerEvent: {}
[0.809598] (flatfish_ros_efuse_serial) StdoutLine: {'line': b"-- Using RMW implementation 'rmw_fastrtps_cpp' as default\n"}
[0.900145] (-) TimerEvent: {}
[0.952975] (flatfish_ros_efuse_serial) StdoutLine: {'line': b'-- Found ros_driver_base: 0.0.1 (/home/amandarln/ros_ws/install/ros_driver_base/share/ros_driver_base/cmake)\n'}
[0.954278] (flatfish_ros_efuse_serial) StdoutLine: {'line': b'-- Found rosidl_default_generators: 1.2.0 (/opt/ros/humble/share/rosidl_default_generators/cmake)\n'}
[1.000266] (-) TimerEvent: {}
[1.100613] (-) TimerEvent: {}
[1.201048] (-) TimerEvent: {}
[1.241454] (flatfish_ros_efuse_serial) StdoutLine: {'line': b'-- Found ament_cmake_ros: 0.10.0 (/opt/ros/humble/share/ament_cmake_ros/cmake)\n'}
[1.301257] (-) TimerEvent: {}
[1.401743] (-) TimerEvent: {}
[1.502188] (-) TimerEvent: {}
[1.535175] (flatfish_ros_efuse_serial) StdoutLine: {'line': b'-- Using all available rosidl_typesupport_c: rosidl_typesupport_fastrtps_c;rosidl_typesupport_introspection_c\n'}
[1.602307] (-) TimerEvent: {}
[1.648233] (flatfish_ros_efuse_serial) StdoutLine: {'line': b'-- Using all available rosidl_typesupport_cpp: rosidl_typesupport_fastrtps_cpp;rosidl_typesupport_introspection_cpp\n'}
[1.668183] (flatfish_ros_efuse_serial) StdoutLine: {'line': b'-- Found python_cmake_module: 0.10.0 (/opt/ros/humble/share/python_cmake_module/cmake)\n'}
[1.686657] (flatfish_ros_efuse_serial) StdoutLine: {'line': b'-- Using PYTHON_EXECUTABLE: /usr/bin/python3\n'}
[1.686960] (flatfish_ros_efuse_serial) StdoutLine: {'line': b'-- Using PYTHON_INCLUDE_DIRS: /usr/include/python3.10\n'}
[1.687067] (flatfish_ros_efuse_serial) StdoutLine: {'line': b'-- Using PYTHON_LIBRARIES: /usr/lib/x86_64-linux-gnu/libpython3.10.so\n'}
[1.701820] (flatfish_ros_efuse_serial) StdoutLine: {'line': b'-- Found ament_lint_auto: 0.12.11 (/opt/ros/humble/share/ament_lint_auto/cmake)\n'}
[1.702382] (-) TimerEvent: {}
[1.712432] (flatfish_ros_efuse_serial) StdoutLine: {'line': b"-- Added test 'cppcheck' to perform static code analysis on C / C++ code\n"}
[1.714436] (flatfish_ros_efuse_serial) StdoutLine: {'line': b'-- Configured cppcheck include dirs: $<BUILD_INTERFACE:/home/amandarln/ros_ws/src/flatfish_ros_efuse_serial/include>\n'}
[1.714718] (flatfish_ros_efuse_serial) StdoutLine: {'line': b'-- Configured cppcheck exclude dirs and/or files: \n'}
[1.716004] (flatfish_ros_efuse_serial) StdoutLine: {'line': b"-- Added test 'lint_cmake' to check CMake code style\n"}
[1.718965] (flatfish_ros_efuse_serial) StdoutLine: {'line': b"-- Added test 'uncrustify' to check C / C++ code style\n"}
[1.719182] (flatfish_ros_efuse_serial) StdoutLine: {'line': b'-- Configured uncrustify additional arguments: \n'}
[1.719592] (flatfish_ros_efuse_serial) StdoutLine: {'line': b"-- Added test 'xmllint' to check XML markup files\n"}
[1.722512] (flatfish_ros_efuse_serial) StdoutLine: {'line': b'-- Configuring done\n'}
[1.794552] (flatfish_ros_efuse_serial) StdoutLine: {'line': b'-- Generating done\n'}
[1.797989] (flatfish_ros_efuse_serial) StdoutLine: {'line': b'-- Build files have been written to: /home/amandarln/ros_ws/build/flatfish_ros_efuse_serial\n'}
[1.802485] (-) TimerEvent: {}
[1.835276] (flatfish_ros_efuse_serial) StdoutLine: {'line': b'\x1b[35m\x1b[1mConsolidate compiler generated dependencies of target flatfish_ros_efuse_serial__rosidl_generator_c\x1b[0m\n'}
[1.845016] (flatfish_ros_efuse_serial) StdoutLine: {'line': b'[  1%] \x1b[32mBuilding CXX object CMakeFiles/EFuseNode.dir/src/EFuseNode.cpp.o\x1b[0m\n'}
[1.845361] (flatfish_ros_efuse_serial) StdoutLine: {'line': b'[  1%] \x1b[32mBuilding CXX object CMakeFiles/EFuseDriver.dir/src/EFuseDriver.cpp.o\x1b[0m\n'}
[1.845871] (flatfish_ros_efuse_serial) StdoutLine: {'line': b'[  1%] Built target flatfish_ros_efuse_serial__cpp\n'}
[1.853094] (flatfish_ros_efuse_serial) StdoutLine: {'line': b'[ 12%] Built target flatfish_ros_efuse_serial__rosidl_generator_c\n'}
[1.856078] (flatfish_ros_efuse_serial) StdoutLine: {'line': b'[ 12%] Built target ament_cmake_python_copy_flatfish_ros_efuse_serial\n'}
[1.862582] (flatfish_ros_efuse_serial) StdoutLine: {'line': b'\x1b[35m\x1b[1mConsolidate compiler generated dependencies of target flatfish_ros_efuse_serial__rosidl_typesupport_cpp\x1b[0m\n'}
[1.863477] (flatfish_ros_efuse_serial) StdoutLine: {'line': b'\x1b[35m\x1b[1mConsolidate compiler generated dependencies of target flatfish_ros_efuse_serial__rosidl_typesupport_introspection_cpp\x1b[0m\n'}
[1.864666] (flatfish_ros_efuse_serial) StdoutLine: {'line': b'\x1b[35m\x1b[1mConsolidate compiler generated dependencies of target flatfish_ros_efuse_serial__rosidl_typesupport_fastrtps_cpp\x1b[0m\n'}
[1.869403] (flatfish_ros_efuse_serial) StdoutLine: {'line': b'\x1b[35m\x1b[1mConsolidate compiler generated dependencies of target flatfish_ros_efuse_serial__rosidl_typesupport_c\x1b[0m\n'}
[1.871635] (flatfish_ros_efuse_serial) StdoutLine: {'line': b'\x1b[35m\x1b[1mConsolidate compiler generated dependencies of target flatfish_ros_efuse_serial__rosidl_typesupport_fastrtps_c\x1b[0m\n'}
[1.874622] (flatfish_ros_efuse_serial) StdoutLine: {'line': b'\x1b[35m\x1b[1mConsolidate compiler generated dependencies of target flatfish_ros_efuse_serial__rosidl_typesupport_introspection_c\x1b[0m\n'}
[1.889874] (flatfish_ros_efuse_serial) StdoutLine: {'line': b'[ 23%] Built target flatfish_ros_efuse_serial__rosidl_typesupport_c\n'}
[1.893598] (flatfish_ros_efuse_serial) StdoutLine: {'line': b'[ 35%] Built target flatfish_ros_efuse_serial__rosidl_typesupport_introspection_cpp\n'}
[1.896028] (flatfish_ros_efuse_serial) StdoutLine: {'line': b'[ 47%] Built target flatfish_ros_efuse_serial__rosidl_typesupport_fastrtps_cpp\n'}
[1.897300] (flatfish_ros_efuse_serial) StdoutLine: {'line': b'[ 58%] Built target flatfish_ros_efuse_serial__rosidl_typesupport_cpp\n'}
[1.900070] (flatfish_ros_efuse_serial) StdoutLine: {'line': b'[ 69%] Built target flatfish_ros_efuse_serial__rosidl_typesupport_introspection_c\n'}
[1.902555] (-) TimerEvent: {}
[1.904321] (flatfish_ros_efuse_serial) StdoutLine: {'line': b'[ 80%] Built target flatfish_ros_efuse_serial__rosidl_typesupport_fastrtps_c\n'}
[1.918611] (flatfish_ros_efuse_serial) StderrLine: {'line': b'In file included from \x1b[01m\x1b[K/home/amandarln/ros_ws/src/flatfish_ros_efuse_serial/src/EFuseDriver.cpp:11\x1b[m\x1b[K:\n'}
[1.918908] (flatfish_ros_efuse_serial) StderrLine: {'line': b'\x1b[01m\x1b[K/home/amandarln/ros_ws/src/flatfish_ros_efuse_serial/include/flatfish_ros_efuse_serial/EFuseDriver.hpp:18:10:\x1b[m\x1b[K \x1b[01;31m\x1b[Kfatal error: \x1b[m\x1b[Kros_driver_base/driver.hpp: No such file or directory\n'}
[1.919056] (flatfish_ros_efuse_serial) StderrLine: {'line': b'   18 | #include \x1b[01;31m\x1b[K"ros_driver_base/driver.hpp"\x1b[m\x1b[K\n'}
[1.919186] (flatfish_ros_efuse_serial) StderrLine: {'line': b'      |          \x1b[01;31m\x1b[K^~~~~~~~~~~~~~~~~~~~~~~~~~~~\x1b[m\x1b[K\n'}
[1.919311] (flatfish_ros_efuse_serial) StderrLine: {'line': b'compilation terminated.\n'}
[1.920075] (flatfish_ros_efuse_serial) StderrLine: {'line': b'gmake[2]: *** [CMakeFiles/EFuseDriver.dir/build.make:76: CMakeFiles/EFuseDriver.dir/src/EFuseDriver.cpp.o] Error 1\n'}
[1.920746] (flatfish_ros_efuse_serial) StderrLine: {'line': b'gmake[1]: *** [CMakeFiles/Makefile2:622: CMakeFiles/EFuseDriver.dir/all] Error 2\n'}
[1.920889] (flatfish_ros_efuse_serial) StderrLine: {'line': b'gmake[1]: *** Waiting for unfinished jobs....\n'}
[1.931238] (flatfish_ros_efuse_serial) StdoutLine: {'line': b'[ 80%] Built target flatfish_ros_efuse_serial\n'}
[2.002670] (-) TimerEvent: {}
[2.097108] (flatfish_ros_efuse_serial) StderrLine: {'line': b'In file included from \x1b[01m\x1b[K/home/amandarln/ros_ws/src/flatfish_ros_efuse_serial/src/EFuseNode.cpp:9\x1b[m\x1b[K:\n'}
[2.097332] (flatfish_ros_efuse_serial) StderrLine: {'line': b'\x1b[01m\x1b[K/home/amandarln/ros_ws/src/flatfish_ros_efuse_serial/include/flatfish_ros_efuse_serial/EFuseNode.hpp:23:10:\x1b[m\x1b[K \x1b[01;31m\x1b[Kfatal error: \x1b[m\x1b[Kflatfish_ros_efuse_serial/msg/board.hpp: No such file or directory\n'}
[2.097480] (flatfish_ros_efuse_serial) StderrLine: {'line': b'   23 | #include \x1b[01;31m\x1b[K<flatfish_ros_efuse_serial/msg/board.hpp>\x1b[m\x1b[K\n'}
[2.097601] (flatfish_ros_efuse_serial) StderrLine: {'line': b'      |          \x1b[01;31m\x1b[K^~~~~~~~~~~~~~~~~~~~~~~~~~~~~~~~~~~~~~~~~\x1b[m\x1b[K\n'}
[2.097732] (flatfish_ros_efuse_serial) StderrLine: {'line': b'compilation terminated.\n'}
[2.102740] (flatfish_ros_efuse_serial) StderrLine: {'line': b'gmake[2]: *** [CMakeFiles/EFuseNode.dir/build.make:76: CMakeFiles/EFuseNode.dir/src/EFuseNode.cpp.o] Error 1\n'}
[2.102847] (-) TimerEvent: {}
[2.103217] (flatfish_ros_efuse_serial) StderrLine: {'line': b'gmake[1]: *** [CMakeFiles/Makefile2:596: CMakeFiles/EFuseNode.dir/all] Error 2\n'}
[2.148043] (flatfish_ros_efuse_serial) StdoutLine: {'line': b'running egg_info\n'}
[2.148668] (flatfish_ros_efuse_serial) StdoutLine: {'line': b'writing flatfish_ros_efuse_serial.egg-info/PKG-INFO\n'}
[2.148796] (flatfish_ros_efuse_serial) StdoutLine: {'line': b'writing dependency_links to flatfish_ros_efuse_serial.egg-info/dependency_links.txt\n'}
[2.148910] (flatfish_ros_efuse_serial) StdoutLine: {'line': b'writing top-level names to flatfish_ros_efuse_serial.egg-info/top_level.txt\n'}
[2.151475] (flatfish_ros_efuse_serial) StdoutLine: {'line': b"reading manifest file 'flatfish_ros_efuse_serial.egg-info/SOURCES.txt'\n"}
[2.152111] (flatfish_ros_efuse_serial) StdoutLine: {'line': b"writing manifest file 'flatfish_ros_efuse_serial.egg-info/SOURCES.txt'\n"}
[2.175100] (flatfish_ros_efuse_serial) StdoutLine: {'line': b'[ 80%] Built target ament_cmake_python_build_flatfish_ros_efuse_serial_egg\n'}
[2.176464] (flatfish_ros_efuse_serial) StderrLine: {'line': b'gmake: *** [Makefile:146: all] Error 2\n'}
[2.179278] (flatfish_ros_efuse_serial) CommandEnded: {'returncode': 2}
[2.202922] (-) TimerEvent: {}
[2.303210] (-) TimerEvent: {}
[2.403660] (-) TimerEvent: {}
[2.504149] (-) TimerEvent: {}
[2.588012] (flatfish_ros_efuse_serial) JobEnded: {'identifier': 'flatfish_ros_efuse_serial', 'rc': 2}
[2.598607] (-) EventReactorShutdown: {}
